2023-04-15 18:54:18,843 - cli.py - This is Paynt version 0.1.0.
2023-04-15 18:54:18,843 - sketch.py - loading sketch from ./models/pomdp/no-goal-state/blind-nanny/sketch.templ ...
2023-04-15 18:54:18,846 - prism_parser.py - PRISM model type: PrismModelType.POMDP
2023-04-15 18:54:18,846 - prism_parser.py - loading properties from ./models/pomdp/no-goal-state/blind-nanny/sketch.props ...
2023-04-15 18:54:18,847 - prism_parser.py - found the following specification: constraints: LRA>3/5 ["goal1"],LRA>3/5 ["goal2"], optimality objective: none
2023-04-15 18:54:18,867 - sketch.py - constructed explicit quotient having 27 states and 90 actions
2023-04-15 18:54:18,867 - sketch.py - found the following specification constraints: LRA>3/5 ["goal1"],LRA>3/5 ["goal2"], optimality objective: none
2023-04-15 18:54:18,867 - quotient_pomdp.py - Constructed POMDP having 15 observations.
2023-04-15 18:54:18,868 - quotient_pomdp.py - Unfolding POMDP using the following memory allocation vector: [1, 1, 1, 1, 1, 1, 1, 1, 1, 1, 1, 1, 1, 1, 1] ...
2023-04-15 18:54:18,868 - quotient_pomdp.py - Constructed quotient MDP having 27 states and 90 actions.
2023-04-15 18:54:18,868 - synthesizer.py - Synthesis initiated.
> Progress 3.3224%, elapsed 9.3 s, iters = (2124, 0), opt = -
> Progress 3.3224%, elapsed 16.2 s, iters = (2125, 0), opt = -
> Progress 3.3224%, elapsed 16.2 s, iters = (2126, 0), opt = -
> Progress 3.3224%, elapsed 16.2 s, iters = (2127, 0), opt = -
> Progress 3.3224%, elapsed 29.7 s, iters = (2128, 0), opt = -
> Progress 3.3224%, elapsed 29.7 s, iters = (2129, 0), opt = -
> Progress 3.3225%, elapsed 29.7 s, iters = (2130, 0), opt = -
> Progress 3.3226%, elapsed 29.7 s, iters = (2131, 0), opt = -
> Progress 3.3226%, elapsed 29.7 s, iters = (2132, 0), opt = -
> Progress 3.3281%, elapsed 30.0 s, iters = (2326, 0), opt = -
> Progress 3.3285%, elapsed 34.1 s, iters = (2351, 0), opt = -
> Progress 3.3285%, elapsed 37.6 s, iters = (2352, 0), opt = -
> Progress 3.3285%, elapsed 44.5 s, iters = (2355, 0), opt = -
> Progress 3.3285%, elapsed 44.5 s, iters = (2356, 0), opt = -
> Progress 3.3314%, elapsed 45.0 s, iters = (2446, 0), opt = -
> Progress 3.4996%, elapsed 48.0 s, iters = (5051, 0), opt = -
> Progress 3.6621%, elapsed 51.0 s, iters = (7154, 0), opt = -
> Progress 3.7187%, elapsed 54.1 s, iters = (8598, 0), opt = -
> Progress 3.8307%, elapsed 57.0 s, iters = (9890, 0), opt = -
> Progress 5.0906%, elapsed 61.1 s, iters = (11922, 0), opt = -
> Progress 5.2736%, elapsed 63.1 s, iters = (12221, 0), opt = -
> Progress 5.2859%, elapsed 66.7 s, iters = (12283, 0), opt = -
> Progress 5.4324%, elapsed 70.5 s, iters = (12466, 0), opt = -
> Progress 5.6659%, elapsed 72.1 s, iters = (13953, 0), opt = -
> Progress 5.6662%, elapsed 79.7 s, iters = (13968, 0), opt = -
> Progress 5.6662%, elapsed 86.6 s, iters = (13969, 0), opt = -
> Progress 5.6662%, elapsed 86.6 s, iters = (13970, 0), opt = -
> Progress 5.6662%, elapsed 86.6 s, iters = (13971, 0), opt = -
> Progress 5.6662%, elapsed 99.8 s, iters = (13972, 0), opt = -
> Progress 5.6662%, elapsed 99.8 s, iters = (13973, 0), opt = -
> Progress 5.6662%, elapsed 99.8 s, iters = (13974, 0), opt = -
> Progress 5.6663%, elapsed 99.8 s, iters = (13975, 0), opt = -
> Progress 5.6663%, elapsed 99.8 s, iters = (13976, 0), opt = -
> Progress 5.6723%, elapsed 104.1 s, iters = (14195, 0), opt = -
> Progress 5.6723%, elapsed 107.6 s, iters = (14196, 0), opt = -
> Progress 5.6723%, elapsed 114.4 s, iters = (14199, 0), opt = -
> Progress 5.6723%, elapsed 114.4 s, iters = (14200, 0), opt = -
> Progress 5.6723%, elapsed 114.4 s, iters = (14201, 0), opt = -
> Progress 5.867%, elapsed 117.0 s, iters = (16090, 0), opt = -
> Progress 6.0602%, elapsed 120.0 s, iters = (17745, 0), opt = -
> Progress 9.5718%, elapsed 123.0 s, iters = (21359, 0), opt = -
> Progress 9.5724%, elapsed 131.1 s, iters = (21395, 0), opt = -
> Progress 9.5724%, elapsed 138.0 s, iters = (21396, 0), opt = -
> Progress 9.5724%, elapsed 138.0 s, iters = (21397, 0), opt = -
> Progress 9.5724%, elapsed 138.0 s, iters = (21398, 0), opt = -
> Progress 9.5724%, elapsed 151.2 s, iters = (21399, 0), opt = -
> Progress 9.5724%, elapsed 151.2 s, iters = (21400, 0), opt = -
> Progress 9.5725%, elapsed 151.2 s, iters = (21401, 0), opt = -
> Progress 9.5726%, elapsed 151.2 s, iters = (21402, 0), opt = -
> Progress 9.5726%, elapsed 151.2 s, iters = (21403, 0), opt = -
> Progress 9.5785%, elapsed 155.6 s, iters = (21622, 0), opt = -
> Progress 9.5785%, elapsed 159.1 s, iters = (21623, 0), opt = -
> Progress 9.5785%, elapsed 159.1 s, iters = (21624, 0), opt = -
> Progress 9.5785%, elapsed 165.9 s, iters = (21626, 0), opt = -
> Progress 9.5785%, elapsed 165.9 s, iters = (21627, 0), opt = -
> Progress 9.693%, elapsed 168.0 s, iters = (22801, 0), opt = -
> Progress 9.7763%, elapsed 171.0 s, iters = (24495, 0), opt = -
> Progress 9.9628%, elapsed 174.1 s, iters = (26957, 0), opt = -
> Progress 10.0648%, elapsed 177.1 s, iters = (28321, 0), opt = -
> Progress 11.2799%, elapsed 180.0 s, iters = (30356, 0), opt = -
> Progress 11.5359%, elapsed 185.1 s, iters = (30839, 0), opt = -
> Progress 11.6824%, elapsed 187.7 s, iters = (31019, 0), opt = -
> Progress 11.9159%, elapsed 189.0 s, iters = (32501, 0), opt = -
> Progress 11.9162%, elapsed 196.4 s, iters = (32518, 0), opt = -
> Progress 11.9162%, elapsed 203.1 s, iters = (32519, 0), opt = -
> Progress 11.9162%, elapsed 203.1 s, iters = (32520, 0), opt = -
> Progress 11.9162%, elapsed 203.1 s, iters = (32521, 0), opt = -
> Progress 11.9162%, elapsed 216.3 s, iters = (32522, 0), opt = -
> Progress 11.9162%, elapsed 216.3 s, iters = (32523, 0), opt = -
> Progress 11.9162%, elapsed 216.3 s, iters = (32524, 0), opt = -
> Progress 11.9163%, elapsed 216.3 s, iters = (32525, 0), opt = -
> Progress 11.9163%, elapsed 216.3 s, iters = (32526, 0), opt = -
> Progress 11.9223%, elapsed 220.6 s, iters = (32745, 0), opt = -
> Progress 11.9223%, elapsed 224.1 s, iters = (32746, 0), opt = -
> Progress 11.9223%, elapsed 230.9 s, iters = (32749, 0), opt = -
> Progress 11.9223%, elapsed 230.9 s, iters = (32750, 0), opt = -
> Progress 11.9247%, elapsed 231.0 s, iters = (32821, 0), opt = -
> Progress 12.1202%, elapsed 234.0 s, iters = (34498, 0), opt = -
> Progress 12.3125%, elapsed 237.0 s, iters = (36106, 0), opt = -
> Progress 12.697%, elapsed 240.1 s, iters = (38427, 0), opt = -
> Progress 12.6971%, elapsed 248.0 s, iters = (38442, 0), opt = -
> Progress 12.6971%, elapsed 255.0 s, iters = (38443, 0), opt = -
> Progress 12.6971%, elapsed 255.0 s, iters = (38444, 0), opt = -
> Progress 12.6971%, elapsed 255.0 s, iters = (38445, 0), opt = -
> Progress 12.6971%, elapsed 255.0 s, iters = (38446, 0), opt = -
> Progress 12.6971%, elapsed 268.6 s, iters = (38448, 0), opt = -
> Progress 12.6972%, elapsed 268.6 s, iters = (38449, 0), opt = -
> Progress 12.6972%, elapsed 268.6 s, iters = (38450, 0), opt = -
> Progress 12.6972%, elapsed 268.6 s, iters = (38451, 0), opt = -
> Progress 12.7032%, elapsed 273.7 s, iters = (38695, 0), opt = -
> Progress 12.7032%, elapsed 277.4 s, iters = (38696, 0), opt = -
> Progress 12.7032%, elapsed 277.4 s, iters = (38697, 0), opt = -
> Progress 12.7032%, elapsed 284.4 s, iters = (38701, 0), opt = -
> Progress 12.7033%, elapsed 284.4 s, iters = (38702, 0), opt = -
> Progress 12.7929%, elapsed 285.0 s, iters = (38822, 0), opt = -
> Progress 12.7993%, elapsed 288.0 s, iters = (38927, 0), opt = -
> Progress 12.8922%, elapsed 291.1 s, iters = (39467, 0), opt = -
> Progress 12.9884%, elapsed 294.1 s, iters = (39839, 0), opt = -
> Progress 13.0386%, elapsed 297.1 s, iters = (40082, 0), opt = -
> Progress 13.0875%, elapsed 312.2 s, iters = (40443, 0), opt = -
> Progress 13.0875%, elapsed 312.2 s, iters = (40444, 0), opt = -
> Progress 13.0875%, elapsed 326.2 s, iters = (40445, 0), opt = -
> Progress 13.0875%, elapsed 326.2 s, iters = (40446, 0), opt = -
> Progress 13.0876%, elapsed 326.2 s, iters = (40447, 0), opt = -
> Progress 13.0876%, elapsed 326.3 s, iters = (40448, 0), opt = -
> Progress 13.0876%, elapsed 333.4 s, iters = (40449, 0), opt = -
> Progress 13.0876%, elapsed 333.4 s, iters = (40450, 0), opt = -
> Progress 13.0876%, elapsed 333.4 s, iters = (40451, 0), opt = -
> Progress 13.0876%, elapsed 333.6 s, iters = (40452, 0), opt = -
> Progress 13.0876%, elapsed 333.6 s, iters = (40453, 0), opt = -
> Progress 13.0876%, elapsed 333.6 s, iters = (40454, 0), opt = -
> Progress 13.0936%, elapsed 342.4 s, iters = (40818, 0), opt = -
> Progress 13.0936%, elapsed 342.4 s, iters = (40819, 0), opt = -
> Progress 13.0936%, elapsed 349.4 s, iters = (40820, 0), opt = -
> Progress 13.0936%, elapsed 349.4 s, iters = (40821, 0), opt = -
> Progress 13.0937%, elapsed 349.4 s, iters = (40822, 0), opt = -
> Progress 13.0937%, elapsed 353.1 s, iters = (40824, 0), opt = -
> Progress 13.1835%, elapsed 354.0 s, iters = (40955, 0), opt = -
> Progress 13.1836%, elapsed 367.6 s, iters = (40965, 0), opt = -
> Progress 13.1837%, elapsed 367.6 s, iters = (40966, 0), opt = -
> Progress 13.1837%, elapsed 381.1 s, iters = (40967, 0), opt = -
> Progress 13.1837%, elapsed 381.1 s, iters = (40968, 0), opt = -
> Progress 13.1837%, elapsed 381.1 s, iters = (40969, 0), opt = -
> Progress 13.1837%, elapsed 381.2 s, iters = (40970, 0), opt = -
> Progress 13.1837%, elapsed 388.1 s, iters = (40971, 0), opt = -
> Progress 13.1837%, elapsed 388.1 s, iters = (40972, 0), opt = -
> Progress 13.1837%, elapsed 388.1 s, iters = (40973, 0), opt = -
> Progress 13.1837%, elapsed 388.2 s, iters = (40974, 0), opt = -
> Progress 13.1837%, elapsed 388.2 s, iters = (40975, 0), opt = -
> Progress 13.1859%, elapsed 402.5 s, iters = (41013, 0), opt = -
> Progress 13.186%, elapsed 402.5 s, iters = (41014, 0), opt = -
> Progress 13.186%, elapsed 416.0 s, iters = (41015, 0), opt = -
> Progress 13.186%, elapsed 416.0 s, iters = (41016, 0), opt = -
> Progress 13.186%, elapsed 416.0 s, iters = (41017, 0), opt = -
> Progress 13.186%, elapsed 416.0 s, iters = (41018, 0), opt = -
> Progress 13.186%, elapsed 422.9 s, iters = (41019, 0), opt = -
> Progress 13.186%, elapsed 422.9 s, iters = (41020, 0), opt = -
> Progress 13.186%, elapsed 422.9 s, iters = (41021, 0), opt = -
> Progress 13.186%, elapsed 423.0 s, iters = (41022, 0), opt = -
> Progress 13.186%, elapsed 423.0 s, iters = (41023, 0), opt = -
> Progress 13.186%, elapsed 423.0 s, iters = (41025, 0), opt = -
> Progress 13.1897%, elapsed 431.8 s, iters = (41134, 0), opt = -
> Progress 13.1898%, elapsed 431.8 s, iters = (41135, 0), opt = -
> Progress 13.1898%, elapsed 438.7 s, iters = (41136, 0), opt = -
> Progress 13.1898%, elapsed 438.7 s, iters = (41137, 0), opt = -
> Progress 13.1898%, elapsed 438.7 s, iters = (41138, 0), opt = -
> Progress 13.1898%, elapsed 442.4 s, iters = (41140, 0), opt = -
> Progress 13.192%, elapsed 449.8 s, iters = (41182, 0), opt = -
> Progress 13.1921%, elapsed 449.8 s, iters = (41183, 0), opt = -
> Progress 13.1921%, elapsed 456.7 s, iters = (41184, 0), opt = -
> Progress 13.1921%, elapsed 456.7 s, iters = (41185, 0), opt = -
> Progress 13.1921%, elapsed 456.7 s, iters = (41186, 0), opt = -
> Progress 13.1921%, elapsed 460.3 s, iters = (41188, 0), opt = -
> Progress 14.2578%, elapsed 462.0 s, iters = (41800, 0), opt = -
> Progress 14.4533%, elapsed 465.0 s, iters = (41935, 0), opt = -
> Progress 14.6485%, elapsed 480.5 s, iters = (42047, 0), opt = -
> Progress 14.6485%, elapsed 480.5 s, iters = (42048, 0), opt = -
> Progress 14.6485%, elapsed 494.2 s, iters = (42049, 0), opt = -
> Progress 14.6485%, elapsed 494.2 s, iters = (42050, 0), opt = -
> Progress 14.6485%, elapsed 494.2 s, iters = (42051, 0), opt = -
> Progress 14.6485%, elapsed 494.2 s, iters = (42052, 0), opt = -
> Progress 14.6485%, elapsed 501.3 s, iters = (42053, 0), opt = -
> Progress 14.6485%, elapsed 501.3 s, iters = (42054, 0), opt = -
> Progress 14.6486%, elapsed 501.3 s, iters = (42055, 0), opt = -
> Progress 14.6486%, elapsed 501.4 s, iters = (42056, 0), opt = -
> Progress 14.6486%, elapsed 501.4 s, iters = (42057, 0), opt = -
> Progress 14.6486%, elapsed 501.4 s, iters = (42058, 0), opt = -
> Progress 14.795%, elapsed 516.0 s, iters = (42121, 0), opt = -
> Progress 14.795%, elapsed 516.0 s, iters = (42122, 0), opt = -
> Progress 14.795%, elapsed 529.7 s, iters = (42123, 0), opt = -
> Progress 14.795%, elapsed 529.7 s, iters = (42124, 0), opt = -
> Progress 14.795%, elapsed 529.7 s, iters = (42125, 0), opt = -
> Progress 14.795%, elapsed 529.8 s, iters = (42126, 0), opt = -
> Progress 14.795%, elapsed 536.8 s, iters = (42127, 0), opt = -
> Progress 14.795%, elapsed 536.8 s, iters = (42128, 0), opt = -
> Progress 14.795%, elapsed 536.8 s, iters = (42129, 0), opt = -
> Progress 14.795%, elapsed 536.8 s, iters = (42130, 0), opt = -
> Progress 14.7951%, elapsed 536.8 s, iters = (42131, 0), opt = -
> Progress 14.7951%, elapsed 537.1 s, iters = (42137, 0), opt = -
> Progress 15.0409%, elapsed 546.9 s, iters = (42796, 0), opt = -
> Progress 15.0409%, elapsed 553.8 s, iters = (42797, 0), opt = -
> Progress 15.0409%, elapsed 553.8 s, iters = (42798, 0), opt = -
> Progress 15.0409%, elapsed 553.8 s, iters = (42799, 0), opt = -
> Progress 15.0409%, elapsed 553.8 s, iters = (42800, 0), opt = -
> Progress 15.0409%, elapsed 567.2 s, iters = (42802, 0), opt = -
> Progress 15.0409%, elapsed 567.2 s, iters = (42803, 0), opt = -
> Progress 15.0409%, elapsed 567.2 s, iters = (42804, 0), opt = -
> Progress 15.0409%, elapsed 567.2 s, iters = (42805, 0), opt = -
> Progress 15.0409%, elapsed 567.2 s, iters = (42806, 0), opt = -
> Progress 15.047%, elapsed 572.1 s, iters = (43049, 0), opt = -
> Progress 15.047%, elapsed 575.8 s, iters = (43050, 0), opt = -
> Progress 15.047%, elapsed 582.7 s, iters = (43055, 0), opt = -
> Progress 15.047%, elapsed 582.7 s, iters = (43056, 0), opt = -
> Progress 15.047%, elapsed 582.7 s, iters = (43057, 0), opt = -
> Progress 15.2361%, elapsed 585.0 s, iters = (43448, 0), opt = -
> Progress 15.4313%, elapsed 588.1 s, iters = (44034, 0), opt = -
> Progress 15.4313%, elapsed 601.6 s, iters = (44035, 0), opt = -
> Progress 15.4313%, elapsed 601.6 s, iters = (44036, 0), opt = -
> Progress 15.4313%, elapsed 615.2 s, iters = (44037, 0), opt = -
> Progress 15.4313%, elapsed 615.2 s, iters = (44038, 0), opt = -
> Progress 15.4313%, elapsed 615.2 s, iters = (44039, 0), opt = -
> Progress 15.4313%, elapsed 615.3 s, iters = (44040, 0), opt = -
> Progress 15.4313%, elapsed 622.3 s, iters = (44041, 0), opt = -
> Progress 15.4313%, elapsed 622.3 s, iters = (44042, 0), opt = -
> Progress 15.4313%, elapsed 622.3 s, iters = (44043, 0), opt = -
> Progress 15.4313%, elapsed 622.4 s, iters = (44044, 0), opt = -
> Progress 15.4313%, elapsed 622.4 s, iters = (44045, 0), opt = -
> Progress 15.4373%, elapsed 624.0 s, iters = (44381, 0), opt = -
> Progress 15.4374%, elapsed 631.1 s, iters = (44384, 0), opt = -
> Progress 15.4374%, elapsed 631.1 s, iters = (44385, 0), opt = -
> Progress 15.4374%, elapsed 638.0 s, iters = (44386, 0), opt = -
> Progress 15.4374%, elapsed 638.0 s, iters = (44387, 0), opt = -
> Progress 15.4374%, elapsed 641.7 s, iters = (44390, 0), opt = -
> Progress 15.4375%, elapsed 642.1 s, iters = (44402, 0), opt = -
> Progress 37.6971%, elapsed 645.1 s, iters = (45682, 0), opt = -
> Progress 37.6971%, elapsed 652.2 s, iters = (45687, 0), opt = -
> Progress 37.6971%, elapsed 659.0 s, iters = (45688, 0), opt = -
> Progress 37.6971%, elapsed 659.0 s, iters = (45689, 0), opt = -
> Progress 37.6971%, elapsed 659.0 s, iters = (45690, 0), opt = -
> Progress 37.6971%, elapsed 672.5 s, iters = (45693, 0), opt = -
> Progress 37.6972%, elapsed 672.5 s, iters = (45694, 0), opt = -
> Progress 37.6972%, elapsed 672.5 s, iters = (45695, 0), opt = -
> Progress 37.6972%, elapsed 672.5 s, iters = (45696, 0), opt = -
> Progress 37.6972%, elapsed 672.5 s, iters = (45697, 0), opt = -
> Progress 37.7032%, elapsed 677.3 s, iters = (45940, 0), opt = -
> Progress 37.7032%, elapsed 680.9 s, iters = (45941, 0), opt = -
> Progress 37.7032%, elapsed 687.8 s, iters = (45946, 0), opt = -
> Progress 37.7033%, elapsed 687.8 s, iters = (45947, 0), opt = -
> Progress 37.7033%, elapsed 687.8 s, iters = (45948, 0), opt = -
> Progress 37.7955%, elapsed 690.0 s, iters = (46075, 0), opt = -
> Progress 37.8906%, elapsed 693.0 s, iters = (46502, 0), opt = -
> Progress 37.8985%, elapsed 696.0 s, iters = (46843, 0), opt = -
> Progress 37.9959%, elapsed 699.0 s, iters = (47089, 0), opt = -
> Progress 38.0875%, elapsed 715.2 s, iters = (47546, 0), opt = -
> Progress 38.0875%, elapsed 715.2 s, iters = (47547, 0), opt = -
> Progress 38.0875%, elapsed 728.4 s, iters = (47548, 0), opt = -
> Progress 38.0875%, elapsed 728.4 s, iters = (47549, 0), opt = -
> Progress 38.0876%, elapsed 728.4 s, iters = (47550, 0), opt = -
> Progress 38.0876%, elapsed 728.6 s, iters = (47551, 0), opt = -
> Progress 38.0876%, elapsed 735.4 s, iters = (47552, 0), opt = -
> Progress 38.0876%, elapsed 735.4 s, iters = (47553, 0), opt = -
> Progress 38.0876%, elapsed 735.4 s, iters = (47554, 0), opt = -
> Progress 38.0876%, elapsed 735.6 s, iters = (47555, 0), opt = -
> Progress 38.0876%, elapsed 735.6 s, iters = (47556, 0), opt = -
> Progress 38.0876%, elapsed 735.6 s, iters = (47557, 0), opt = -
> Progress 38.0936%, elapsed 744.1 s, iters = (47921, 0), opt = -
> Progress 38.0936%, elapsed 744.1 s, iters = (47922, 0), opt = -
> Progress 38.0936%, elapsed 750.8 s, iters = (47923, 0), opt = -
> Progress 38.0936%, elapsed 750.8 s, iters = (47924, 0), opt = -
> Progress 38.0937%, elapsed 750.8 s, iters = (47925, 0), opt = -
> Progress 38.0937%, elapsed 754.3 s, iters = (47927, 0), opt = -
> Progress 38.1836%, elapsed 768.5 s, iters = (48068, 0), opt = -
> Progress 38.1837%, elapsed 768.5 s, iters = (48069, 0), opt = -
> Progress 38.1837%, elapsed 781.6 s, iters = (48070, 0), opt = -
> Progress 38.1837%, elapsed 781.6 s, iters = (48071, 0), opt = -
> Progress 38.1837%, elapsed 781.6 s, iters = (48072, 0), opt = -
> Progress 38.1837%, elapsed 781.7 s, iters = (48073, 0), opt = -
> Progress 38.1837%, elapsed 788.5 s, iters = (48074, 0), opt = -
> Progress 38.1837%, elapsed 788.5 s, iters = (48075, 0), opt = -
> Progress 38.1837%, elapsed 788.5 s, iters = (48076, 0), opt = -
> Progress 38.1837%, elapsed 788.6 s, iters = (48077, 0), opt = -
> Progress 38.1837%, elapsed 788.6 s, iters = (48078, 0), opt = -
> Progress 38.1838%, elapsed 789.1 s, iters = (48095, 0), opt = -
> Progress 38.1859%, elapsed 802.6 s, iters = (48116, 0), opt = -
> Progress 38.186%, elapsed 802.6 s, iters = (48117, 0), opt = -
> Progress 38.186%, elapsed 815.6 s, iters = (48118, 0), opt = -
> Progress 38.186%, elapsed 815.6 s, iters = (48119, 0), opt = -
> Progress 38.186%, elapsed 815.6 s, iters = (48120, 0), opt = -
> Progress 38.186%, elapsed 815.7 s, iters = (48121, 0), opt = -
> Progress 38.186%, elapsed 822.4 s, iters = (48122, 0), opt = -
> Progress 38.186%, elapsed 822.4 s, iters = (48123, 0), opt = -
> Progress 38.186%, elapsed 822.4 s, iters = (48124, 0), opt = -
> Progress 38.186%, elapsed 822.5 s, iters = (48125, 0), opt = -
> Progress 38.186%, elapsed 822.5 s, iters = (48126, 0), opt = -
> Progress 38.1897%, elapsed 831.1 s, iters = (48237, 0), opt = -
> Progress 38.1898%, elapsed 831.1 s, iters = (48238, 0), opt = -
> Progress 38.1898%, elapsed 837.9 s, iters = (48239, 0), opt = -
> Progress 38.1898%, elapsed 837.9 s, iters = (48240, 0), opt = -
> Progress 38.1898%, elapsed 837.9 s, iters = (48241, 0), opt = -
> Progress 38.1898%, elapsed 841.4 s, iters = (48243, 0), opt = -
> Progress 38.192%, elapsed 848.6 s, iters = (48285, 0), opt = -
> Progress 38.1921%, elapsed 848.6 s, iters = (48286, 0), opt = -
> Progress 38.1921%, elapsed 855.3 s, iters = (48287, 0), opt = -
> Progress 38.1921%, elapsed 855.3 s, iters = (48288, 0), opt = -
> Progress 38.1921%, elapsed 855.3 s, iters = (48289, 0), opt = -
> Progress 38.1921%, elapsed 858.8 s, iters = (48291, 0), opt = -
> Progress 39.2581%, elapsed 861.0 s, iters = (48928, 0), opt = -
> Progress 39.5996%, elapsed 864.0 s, iters = (49084, 0), opt = -
> Progress 39.6485%, elapsed 878.3 s, iters = (49150, 0), opt = -
> Progress 39.6485%, elapsed 878.3 s, iters = (49151, 0), opt = -
> Progress 39.6485%, elapsed 891.5 s, iters = (49152, 0), opt = -
> Progress 39.6485%, elapsed 891.5 s, iters = (49153, 0), opt = -
> Progress 39.6485%, elapsed 891.5 s, iters = (49154, 0), opt = -
> Progress 39.6485%, elapsed 891.6 s, iters = (49155, 0), opt = -
> Progress 39.6485%, elapsed 898.4 s, iters = (49156, 0), opt = -
> Progress 39.6485%, elapsed 898.4 s, iters = (49157, 0), opt = -
> Progress 39.6486%, elapsed 898.4 s, iters = (49158, 0), opt = -
> Progress 39.6486%, elapsed 898.5 s, iters = (49159, 0), opt = -
> Progress 39.6486%, elapsed 898.5 s, iters = (49160, 0), opt = -
> Progress 39.795%, elapsed 912.7 s, iters = (49224, 0), opt = -
> Progress 39.795%, elapsed 912.7 s, iters = (49225, 0), opt = -
> Progress 39.795%, elapsed 925.9 s, iters = (49226, 0), opt = -
> Progress 39.795%, elapsed 925.9 s, iters = (49227, 0), opt = -
> Progress 39.795%, elapsed 925.9 s, iters = (49228, 0), opt = -
> Progress 39.795%, elapsed 925.9 s, iters = (49229, 0), opt = -
> Progress 39.795%, elapsed 933.2 s, iters = (49230, 0), opt = -
> Progress 39.795%, elapsed 933.2 s, iters = (49231, 0), opt = -
> Progress 39.795%, elapsed 933.2 s, iters = (49232, 0), opt = -
> Progress 39.795%, elapsed 933.2 s, iters = (49233, 0), opt = -
> Progress 39.7951%, elapsed 933.2 s, iters = (49234, 0), opt = -
> Progress 39.7951%, elapsed 933.2 s, iters = (49235, 0), opt = -
> Progress 40.0408%, elapsed 936.0 s, iters = (49894, 0), opt = -
> Progress 40.0409%, elapsed 943.0 s, iters = (49899, 0), opt = -
> Progress 40.0409%, elapsed 949.8 s, iters = (49900, 0), opt = -
> Progress 40.0409%, elapsed 949.8 s, iters = (49901, 0), opt = -
> Progress 40.0409%, elapsed 949.8 s, iters = (49902, 0), opt = -
> Progress 40.0409%, elapsed 963.1 s, iters = (49905, 0), opt = -
> Progress 40.0409%, elapsed 963.1 s, iters = (49906, 0), opt = -
> Progress 40.0409%, elapsed 963.1 s, iters = (49907, 0), opt = -
> Progress 40.0409%, elapsed 963.1 s, iters = (49908, 0), opt = -
> Progress 40.0409%, elapsed 963.1 s, iters = (49909, 0), opt = -
> Progress 40.047%, elapsed 967.8 s, iters = (50152, 0), opt = -
> Progress 40.047%, elapsed 971.3 s, iters = (50153, 0), opt = -
> Progress 40.047%, elapsed 978.0 s, iters = (50158, 0), opt = -
> Progress 40.047%, elapsed 978.0 s, iters = (50159, 0), opt = -
> Progress 40.047%, elapsed 978.0 s, iters = (50160, 0), opt = -
> Progress 40.242%, elapsed 981.1 s, iters = (50711, 0), opt = -
> Progress 40.4313%, elapsed 996.0 s, iters = (51064, 0), opt = -
> Progress 40.4313%, elapsed 996.0 s, iters = (51065, 0), opt = -
> Progress 40.4313%, elapsed 1009.2 s, iters = (51066, 0), opt = -
> Progress 40.4313%, elapsed 1009.2 s, iters = (51067, 0), opt = -
> Progress 40.4313%, elapsed 1009.2 s, iters = (51068, 0), opt = -
> Progress 40.4313%, elapsed 1009.3 s, iters = (51069, 0), opt = -
> Progress 40.4313%, elapsed 1016.1 s, iters = (51070, 0), opt = -
> Progress 40.4313%, elapsed 1016.1 s, iters = (51071, 0), opt = -
> Progress 40.4313%, elapsed 1016.1 s, iters = (51072, 0), opt = -
> Progress 40.4313%, elapsed 1016.2 s, iters = (51073, 0), opt = -
> Progress 40.4313%, elapsed 1016.3 s, iters = (51074, 0), opt = -
> Progress 40.4314%, elapsed 1017.1 s, iters = (51099, 0), opt = -
> Progress 40.4374%, elapsed 1024.6 s, iters = (51413, 0), opt = -
> Progress 40.4374%, elapsed 1024.6 s, iters = (51414, 0), opt = -
> Progress 40.4374%, elapsed 1031.4 s, iters = (51415, 0), opt = -
> Progress 40.4374%, elapsed 1031.4 s, iters = (51416, 0), opt = -
> Progress 40.4374%, elapsed 1035.0 s, iters = (51419, 0), opt = -
> Progress 40.4374%, elapsed 1035.0 s, iters = (51422, 0), opt = -
> Progress 50.0987%, elapsed 1044.4 s, iters = (52718, 0), opt = -
> Progress 50.0987%, elapsed 1051.4 s, iters = (52719, 0), opt = -
> Progress 50.0987%, elapsed 1051.4 s, iters = (52720, 0), opt = -
> Progress 50.0987%, elapsed 1051.4 s, iters = (52721, 0), opt = -
> Progress 50.0987%, elapsed 1051.4 s, iters = (52722, 0), opt = -
> Progress 50.0987%, elapsed 1064.8 s, iters = (52724, 0), opt = -
> Progress 50.0987%, elapsed 1064.8 s, iters = (52725, 0), opt = -
> Progress 50.0987%, elapsed 1064.8 s, iters = (52726, 0), opt = -
> Progress 50.0987%, elapsed 1064.8 s, iters = (52727, 0), opt = -
> Progress 50.1464%, elapsed 1065.0 s, iters = (53037, 0), opt = -
> Progress 50.2938%, elapsed 1068.0 s, iters = (54703, 0), opt = -
> Progress 50.9522%, elapsed 1071.0 s, iters = (56246, 0), opt = -
> Progress 50.9828%, elapsed 1075.2 s, iters = (56490, 0), opt = -
> Progress 51.056%, elapsed 1078.7 s, iters = (56678, 0), opt = -
> Progress 51.0805%, elapsed 1085.5 s, iters = (56879, 0), opt = -
> Progress 51.0805%, elapsed 1085.5 s, iters = (56880, 0), opt = -
> Progress 51.0929%, elapsed 1086.0 s, iters = (57006, 0), opt = -
> Progress 51.1537%, elapsed 1092.5 s, iters = (57097, 0), opt = -
> Progress 51.1537%, elapsed 1092.5 s, iters = (57098, 0), opt = -
> Progress 51.2706%, elapsed 1101.0 s, iters = (57844, 0), opt = -
> Progress 51.2706%, elapsed 1107.9 s, iters = (57845, 0), opt = -
> Progress 51.2706%, elapsed 1107.9 s, iters = (57846, 0), opt = -
> Progress 51.2706%, elapsed 1107.9 s, iters = (57847, 0), opt = -
> Progress 51.2706%, elapsed 1107.9 s, iters = (57848, 0), opt = -
> Progress 51.2706%, elapsed 1121.4 s, iters = (57850, 0), opt = -
> Progress 51.2706%, elapsed 1121.4 s, iters = (57851, 0), opt = -
> Progress 51.2706%, elapsed 1121.4 s, iters = (57852, 0), opt = -
> Progress 51.2706%, elapsed 1121.4 s, iters = (57853, 0), opt = -
> Progress 51.3679%, elapsed 1122.0 s, iters = (58421, 0), opt = -
> Progress 53.2234%, elapsed 1125.0 s, iters = (60620, 0), opt = -
> Progress 53.2237%, elapsed 1132.9 s, iters = (60659, 0), opt = -
> Progress 53.2237%, elapsed 1139.8 s, iters = (60660, 0), opt = -
> Progress 53.2237%, elapsed 1139.8 s, iters = (60661, 0), opt = -
> Progress 53.2237%, elapsed 1139.8 s, iters = (60662, 0), opt = -
> Progress 53.2237%, elapsed 1153.5 s, iters = (60665, 0), opt = -
> Progress 53.2237%, elapsed 1153.5 s, iters = (60666, 0), opt = -
> Progress 53.2237%, elapsed 1153.5 s, iters = (60667, 0), opt = -
> Progress 53.2237%, elapsed 1153.5 s, iters = (60668, 0), opt = -
> Progress 53.2238%, elapsed 1153.5 s, iters = (60669, 0), opt = -
> Progress 53.321%, elapsed 1155.0 s, iters = (61612, 0), opt = -
> Progress 53.468%, elapsed 1158.0 s, iters = (63140, 0), opt = -
> Progress 54.1078%, elapsed 1163.3 s, iters = (64431, 0), opt = -
> Progress 54.181%, elapsed 1166.6 s, iters = (64619, 0), opt = -
> Progress 54.2054%, elapsed 1167.0 s, iters = (64817, 0), opt = -
> Progress 54.2055%, elapsed 1173.2 s, iters = (64820, 0), opt = -
> Progress 54.2055%, elapsed 1173.2 s, iters = (64821, 0), opt = -
> Progress 54.2787%, elapsed 1180.1 s, iters = (65038, 0), opt = -
> Progress 54.2787%, elapsed 1180.1 s, iters = (65039, 0), opt = -
> Progress 54.3956%, elapsed 1188.6 s, iters = (65785, 0), opt = -
> Progress 54.3956%, elapsed 1195.4 s, iters = (65786, 0), opt = -
> Progress 54.3956%, elapsed 1195.4 s, iters = (65787, 0), opt = -
> Progress 54.3956%, elapsed 1195.4 s, iters = (65788, 0), opt = -
> Progress 54.3956%, elapsed 1195.4 s, iters = (65789, 0), opt = -
> Progress 54.3956%, elapsed 1209.4 s, iters = (65791, 0), opt = -
> Progress 54.3956%, elapsed 1209.4 s, iters = (65792, 0), opt = -
> Progress 54.3956%, elapsed 1209.4 s, iters = (65793, 0), opt = -
> Progress 54.3956%, elapsed 1209.4 s, iters = (65794, 0), opt = -
> Progress 54.3956%, elapsed 1209.4 s, iters = (65795, 0), opt = -
> Progress 54.5907%, elapsed 1212.0 s, iters = (66998, 0), opt = -

--------------------
Synthesis summary
constraint 1: LRA>3/5 ["goal1"]
constraint 2: LRA>3/5 ["goal2"]

method: AR, synthesis time: 1212.96 s
number of holes: 12, family size: 16777216, super quotient: 27 states / 90 actions
explored: 100 %
AR stats: avg MDP size: 19, iterations: 67662

feasible: no
--------------------

