2023-04-15 19:14:34,449 - cli.py - This is Paynt version 0.1.0.
2023-04-15 19:14:34,449 - sketch.py - loading sketch from ./models/pomdp/no-goal-state/blind-nanny/sketch.templ ...
2023-04-15 19:14:34,451 - prism_parser.py - PRISM model type: PrismModelType.POMDP
2023-04-15 19:14:34,451 - prism_parser.py - loading properties from ./models/pomdp/no-goal-state/blind-nanny/sketch.props ...
2023-04-15 19:14:34,452 - prism_parser.py - found the following specification: constraints: LRA>3/5 ["goal1"],LRA>3/5 ["goal2"], optimality objective: none
2023-04-15 19:14:34,472 - sketch.py - constructed explicit quotient having 27 states and 90 actions
2023-04-15 19:14:34,472 - sketch.py - found the following specification constraints: LRA>3/5 ["goal1"],LRA>3/5 ["goal2"], optimality objective: none
2023-04-15 19:14:34,472 - quotient_pomdp.py - Constructed POMDP having 15 observations.
2023-04-15 19:14:34,473 - quotient_pomdp.py - Unfolding POMDP using the following memory allocation vector: [1, 1, 1, 1, 1, 1, 1, 1, 1, 1, 1, 1, 1, 1, 1] ...
2023-04-15 19:14:34,473 - quotient_pomdp.py - Constructed quotient MDP having 27 states and 90 actions.
2023-04-15 19:14:34,473 - synthesizer.py - Synthesis initiated.
> Progress 3.3224%, elapsed 14.0 s, iters = (2204, 0), opt = -
> Progress 3.3224%, elapsed 26.1 s, iters = (2205, 0), opt = -
> Progress 3.3224%, elapsed 26.1 s, iters = (2206, 0), opt = -
> Progress 3.3224%, elapsed 26.1 s, iters = (2207, 0), opt = -
> Progress 3.3224%, elapsed 47.6 s, iters = (2208, 0), opt = -
> Progress 3.3224%, elapsed 47.6 s, iters = (2209, 0), opt = -
> Progress 3.3225%, elapsed 47.6 s, iters = (2210, 0), opt = -
> Progress 3.3226%, elapsed 47.6 s, iters = (2211, 0), opt = -
> Progress 3.3226%, elapsed 47.6 s, iters = (2212, 0), opt = -
> Progress 3.3226%, elapsed 47.6 s, iters = (2213, 0), opt = -
> Progress 3.3226%, elapsed 47.6 s, iters = (2214, 0), opt = -
> Progress 3.3226%, elapsed 47.6 s, iters = (2215, 0), opt = -
> Progress 3.3226%, elapsed 47.6 s, iters = (2216, 0), opt = -
> Progress 3.3226%, elapsed 47.6 s, iters = (2217, 0), opt = -
> Progress 3.3226%, elapsed 47.6 s, iters = (2218, 0), opt = -
> Progress 3.3282%, elapsed 48.0 s, iters = (2418, 0), opt = -
> Progress 3.3285%, elapsed 54.1 s, iters = (2439, 0), opt = -
> Progress 3.3285%, elapsed 59.6 s, iters = (2440, 0), opt = -
> Progress 3.3285%, elapsed 59.6 s, iters = (2441, 0), opt = -
> Progress 3.3285%, elapsed 70.4 s, iters = (2443, 0), opt = -
> Progress 3.3285%, elapsed 70.4 s, iters = (2444, 0), opt = -
> Progress 3.3286%, elapsed 70.4 s, iters = (2445, 0), opt = -
> Progress 3.3287%, elapsed 70.4 s, iters = (2446, 0), opt = -
> Progress 3.4208%, elapsed 72.1 s, iters = (3513, 0), opt = -
> Progress 3.5171%, elapsed 75.0 s, iters = (5510, 0), opt = -
> Progress 3.6228%, elapsed 78.0 s, iters = (7022, 0), opt = -
> Progress 3.7128%, elapsed 81.1 s, iters = (8937, 0), opt = -
> Progress 3.811%, elapsed 84.1 s, iters = (10173, 0), opt = -
> Progress 3.8574%, elapsed 87.0 s, iters = (11006, 0), opt = -
> Progress 5.0906%, elapsed 91.6 s, iters = (12773, 0), opt = -
> Progress 5.2371%, elapsed 94.2 s, iters = (12956, 0), opt = -
> Progress 5.2859%, elapsed 99.6 s, iters = (13150, 0), opt = -
> Progress 5.286%, elapsed 99.6 s, iters = (13151, 0), opt = -
> Progress 5.4324%, elapsed 105.2 s, iters = (13344, 0), opt = -
> Progress 5.4325%, elapsed 105.2 s, iters = (13345, 0), opt = -
> Progress 5.6662%, elapsed 118.7 s, iters = (14881, 0), opt = -
> Progress 5.6662%, elapsed 129.5 s, iters = (14882, 0), opt = -
> Progress 5.6662%, elapsed 129.5 s, iters = (14883, 0), opt = -
> Progress 5.6662%, elapsed 129.5 s, iters = (14884, 0), opt = -
> Progress 5.6662%, elapsed 150.5 s, iters = (14885, 0), opt = -
> Progress 5.6662%, elapsed 150.5 s, iters = (14886, 0), opt = -
> Progress 5.6662%, elapsed 150.5 s, iters = (14887, 0), opt = -
> Progress 5.6663%, elapsed 150.5 s, iters = (14888, 0), opt = -
> Progress 5.6663%, elapsed 150.5 s, iters = (14889, 0), opt = -
> Progress 5.6663%, elapsed 150.5 s, iters = (14890, 0), opt = -
> Progress 5.6663%, elapsed 150.5 s, iters = (14891, 0), opt = -
> Progress 5.6663%, elapsed 150.5 s, iters = (14892, 0), opt = -
> Progress 5.6663%, elapsed 150.5 s, iters = (14893, 0), opt = -
> Progress 5.6663%, elapsed 150.5 s, iters = (14894, 0), opt = -
> Progress 5.6664%, elapsed 150.5 s, iters = (14895, 0), opt = -
> Progress 5.6723%, elapsed 157.2 s, iters = (15108, 0), opt = -
> Progress 5.6723%, elapsed 162.9 s, iters = (15109, 0), opt = -
> Progress 5.6723%, elapsed 162.9 s, iters = (15110, 0), opt = -
> Progress 5.6723%, elapsed 162.9 s, iters = (15111, 0), opt = -
> Progress 5.6723%, elapsed 173.7 s, iters = (15112, 0), opt = -
> Progress 5.6723%, elapsed 173.7 s, iters = (15113, 0), opt = -
> Progress 5.6723%, elapsed 173.7 s, iters = (15114, 0), opt = -
> Progress 5.675%, elapsed 174.0 s, iters = (15192, 0), opt = -
> Progress 5.867%, elapsed 177.0 s, iters = (17011, 0), opt = -
> Progress 6.0564%, elapsed 180.0 s, iters = (18692, 0), opt = -
> Progress 6.2072%, elapsed 183.0 s, iters = (19962, 0), opt = -
> Progress 9.5724%, elapsed 196.9 s, iters = (22615, 0), opt = -
> Progress 9.5724%, elapsed 207.8 s, iters = (22616, 0), opt = -
> Progress 9.5724%, elapsed 207.8 s, iters = (22617, 0), opt = -
> Progress 9.5724%, elapsed 207.8 s, iters = (22618, 0), opt = -
> Progress 9.5724%, elapsed 229.0 s, iters = (22619, 0), opt = -
> Progress 9.5724%, elapsed 229.0 s, iters = (22620, 0), opt = -
> Progress 9.5725%, elapsed 229.0 s, iters = (22621, 0), opt = -
> Progress 9.5726%, elapsed 229.0 s, iters = (22622, 0), opt = -
> Progress 9.5726%, elapsed 229.0 s, iters = (22623, 0), opt = -
> Progress 9.5726%, elapsed 229.0 s, iters = (22624, 0), opt = -
> Progress 9.5726%, elapsed 229.0 s, iters = (22625, 0), opt = -
> Progress 9.5726%, elapsed 229.0 s, iters = (22626, 0), opt = -
> Progress 9.5726%, elapsed 229.0 s, iters = (22627, 0), opt = -
> Progress 9.5726%, elapsed 229.0 s, iters = (22628, 0), opt = -
> Progress 9.5726%, elapsed 229.0 s, iters = (22629, 0), opt = -
> Progress 9.5785%, elapsed 235.6 s, iters = (22850, 0), opt = -
> Progress 9.5785%, elapsed 241.5 s, iters = (22851, 0), opt = -
> Progress 9.5785%, elapsed 241.5 s, iters = (22852, 0), opt = -
> Progress 9.5785%, elapsed 241.5 s, iters = (22853, 0), opt = -
> Progress 9.5785%, elapsed 252.7 s, iters = (22854, 0), opt = -
> Progress 9.5785%, elapsed 252.7 s, iters = (22855, 0), opt = -
> Progress 9.5786%, elapsed 252.7 s, iters = (22856, 0), opt = -
> Progress 9.5787%, elapsed 252.7 s, iters = (22857, 0), opt = -
> Progress 9.6769%, elapsed 255.1 s, iters = (24099, 0), opt = -
> Progress 9.7675%, elapsed 258.0 s, iters = (25944, 0), opt = -
> Progress 9.9205%, elapsed 261.0 s, iters = (28001, 0), opt = -
> Progress 9.9687%, elapsed 264.1 s, iters = (29173, 0), opt = -
> Progress 10.0671%, elapsed 267.1 s, iters = (30301, 0), opt = -
> Progress 11.1334%, elapsed 270.0 s, iters = (32288, 0), opt = -
> Progress 11.4871%, elapsed 274.4 s, iters = (32838, 0), opt = -
> Progress 11.5359%, elapsed 278.3 s, iters = (33007, 0), opt = -
> Progress 11.6824%, elapsed 282.2 s, iters = (33195, 0), opt = -
> Progress 11.6825%, elapsed 282.2 s, iters = (33196, 0), opt = -
> Progress 11.9162%, elapsed 295.4 s, iters = (34726, 0), opt = -
> Progress 11.9162%, elapsed 306.2 s, iters = (34727, 0), opt = -
> Progress 11.9162%, elapsed 306.2 s, iters = (34728, 0), opt = -
> Progress 11.9162%, elapsed 306.2 s, iters = (34729, 0), opt = -
> Progress 11.9162%, elapsed 327.1 s, iters = (34730, 0), opt = -
> Progress 11.9162%, elapsed 327.1 s, iters = (34731, 0), opt = -
> Progress 11.9162%, elapsed 327.1 s, iters = (34732, 0), opt = -
> Progress 11.9163%, elapsed 327.1 s, iters = (34733, 0), opt = -
> Progress 11.9163%, elapsed 327.1 s, iters = (34734, 0), opt = -
> Progress 11.9163%, elapsed 327.1 s, iters = (34735, 0), opt = -
> Progress 11.9163%, elapsed 327.1 s, iters = (34736, 0), opt = -
> Progress 11.9163%, elapsed 327.1 s, iters = (34737, 0), opt = -
> Progress 11.9163%, elapsed 327.1 s, iters = (34738, 0), opt = -
> Progress 11.9163%, elapsed 327.1 s, iters = (34739, 0), opt = -
> Progress 11.9164%, elapsed 327.1 s, iters = (34740, 0), opt = -
> Progress 11.9223%, elapsed 333.5 s, iters = (34953, 0), opt = -
> Progress 11.9223%, elapsed 339.0 s, iters = (34954, 0), opt = -
> Progress 11.9223%, elapsed 339.0 s, iters = (34955, 0), opt = -
> Progress 11.9223%, elapsed 349.8 s, iters = (34957, 0), opt = -
> Progress 11.9223%, elapsed 349.8 s, iters = (34958, 0), opt = -
> Progress 11.9223%, elapsed 349.8 s, iters = (34959, 0), opt = -
> Progress 11.9224%, elapsed 349.8 s, iters = (34960, 0), opt = -
> Progress 12.0605%, elapsed 351.0 s, iters = (35940, 0), opt = -
> Progress 12.1208%, elapsed 354.0 s, iters = (36974, 0), opt = -
> Progress 12.3123%, elapsed 357.0 s, iters = (38583, 0), opt = -
> Progress 12.6968%, elapsed 360.0 s, iters = (40932, 0), opt = -
> Progress 12.6971%, elapsed 373.4 s, iters = (40971, 0), opt = -
> Progress 12.6971%, elapsed 384.4 s, iters = (40972, 0), opt = -
> Progress 12.6971%, elapsed 384.4 s, iters = (40973, 0), opt = -
> Progress 12.6971%, elapsed 384.4 s, iters = (40974, 0), opt = -
> Progress 12.6971%, elapsed 384.4 s, iters = (40975, 0), opt = -
> Progress 12.6971%, elapsed 384.4 s, iters = (40976, 0), opt = -
> Progress 12.6971%, elapsed 405.9 s, iters = (40977, 0), opt = -
> Progress 12.6972%, elapsed 405.9 s, iters = (40978, 0), opt = -
> Progress 12.6972%, elapsed 405.9 s, iters = (40979, 0), opt = -
> Progress 12.6972%, elapsed 405.9 s, iters = (40980, 0), opt = -
> Progress 12.6972%, elapsed 405.9 s, iters = (40981, 0), opt = -
> Progress 12.6976%, elapsed 405.9 s, iters = (40982, 0), opt = -
> Progress 12.6976%, elapsed 405.9 s, iters = (40983, 0), opt = -
> Progress 12.6976%, elapsed 405.9 s, iters = (40984, 0), opt = -
> Progress 12.6976%, elapsed 405.9 s, iters = (40985, 0), opt = -
> Progress 12.7032%, elapsed 413.3 s, iters = (41232, 0), opt = -
> Progress 12.7032%, elapsed 419.0 s, iters = (41233, 0), opt = -
> Progress 12.7032%, elapsed 419.0 s, iters = (41234, 0), opt = -
> Progress 12.7032%, elapsed 419.0 s, iters = (41235, 0), opt = -
> Progress 12.7032%, elapsed 429.8 s, iters = (41238, 0), opt = -
> Progress 12.7033%, elapsed 429.8 s, iters = (41239, 0), opt = -
> Progress 12.7033%, elapsed 429.8 s, iters = (41240, 0), opt = -
> Progress 12.7033%, elapsed 429.8 s, iters = (41241, 0), opt = -
> Progress 12.7933%, elapsed 432.2 s, iters = (41395, 0), opt = -
> Progress 12.7994%, elapsed 435.1 s, iters = (41480, 0), opt = -
> Progress 12.8921%, elapsed 438.0 s, iters = (42003, 0), opt = -
> Progress 12.8983%, elapsed 441.1 s, iters = (42275, 0), opt = -
> Progress 12.9908%, elapsed 444.1 s, iters = (42444, 0), opt = -
> Progress 13.0402%, elapsed 447.0 s, iters = (42709, 0), opt = -
> Progress 13.0875%, elapsed 470.0 s, iters = (43004, 0), opt = -
> Progress 13.0875%, elapsed 470.0 s, iters = (43005, 0), opt = -
> Progress 13.0875%, elapsed 491.4 s, iters = (43006, 0), opt = -
> Progress 13.0875%, elapsed 491.4 s, iters = (43007, 0), opt = -
> Progress 13.0876%, elapsed 491.4 s, iters = (43008, 0), opt = -
> Progress 13.0876%, elapsed 491.5 s, iters = (43009, 0), opt = -
> Progress 13.0876%, elapsed 502.6 s, iters = (43010, 0), opt = -
> Progress 13.0876%, elapsed 502.6 s, iters = (43011, 0), opt = -
> Progress 13.0876%, elapsed 502.6 s, iters = (43012, 0), opt = -
> Progress 13.0876%, elapsed 502.8 s, iters = (43013, 0), opt = -
> Progress 13.0876%, elapsed 502.8 s, iters = (43014, 0), opt = -
> Progress 13.0876%, elapsed 502.8 s, iters = (43015, 0), opt = -
> Progress 13.0876%, elapsed 502.8 s, iters = (43016, 0), opt = -
> Progress 13.0876%, elapsed 502.8 s, iters = (43017, 0), opt = -
> Progress 13.0876%, elapsed 503.0 s, iters = (43018, 0), opt = -
> Progress 13.0876%, elapsed 503.2 s, iters = (43019, 0), opt = -
> Progress 13.0876%, elapsed 503.4 s, iters = (43020, 0), opt = -
> Progress 13.0876%, elapsed 503.4 s, iters = (43021, 0), opt = -
> Progress 13.0877%, elapsed 504.2 s, iters = (43041, 0), opt = -
> Progress 13.0936%, elapsed 516.6 s, iters = (43391, 0), opt = -
> Progress 13.0936%, elapsed 516.6 s, iters = (43392, 0), opt = -
> Progress 13.0936%, elapsed 530.3 s, iters = (43393, 0), opt = -
> Progress 13.0936%, elapsed 530.3 s, iters = (43394, 0), opt = -
> Progress 13.0937%, elapsed 530.3 s, iters = (43395, 0), opt = -
> Progress 13.0937%, elapsed 530.4 s, iters = (43396, 0), opt = -
> Progress 13.0937%, elapsed 536.2 s, iters = (43397, 0), opt = -
> Progress 13.0937%, elapsed 536.2 s, iters = (43398, 0), opt = -
> Progress 13.0937%, elapsed 536.2 s, iters = (43399, 0), opt = -
> Progress 13.0937%, elapsed 536.3 s, iters = (43400, 0), opt = -
> Progress 13.0943%, elapsed 537.0 s, iters = (43448, 0), opt = -
> Progress 13.1836%, elapsed 559.7 s, iters = (43538, 0), opt = -
> Progress 13.1837%, elapsed 559.7 s, iters = (43539, 0), opt = -
> Progress 13.1837%, elapsed 581.5 s, iters = (43540, 0), opt = -
> Progress 13.1837%, elapsed 581.5 s, iters = (43541, 0), opt = -
> Progress 13.1837%, elapsed 581.5 s, iters = (43542, 0), opt = -
> Progress 13.1837%, elapsed 581.5 s, iters = (43543, 0), opt = -
> Progress 13.1837%, elapsed 592.8 s, iters = (43544, 0), opt = -
> Progress 13.1837%, elapsed 592.8 s, iters = (43545, 0), opt = -
> Progress 13.1837%, elapsed 592.8 s, iters = (43546, 0), opt = -
> Progress 13.1837%, elapsed 592.9 s, iters = (43547, 0), opt = -
> Progress 13.1837%, elapsed 592.9 s, iters = (43548, 0), opt = -
> Progress 13.1837%, elapsed 592.9 s, iters = (43549, 0), opt = -
> Progress 13.1837%, elapsed 593.0 s, iters = (43550, 0), opt = -
> Progress 13.1837%, elapsed 593.1 s, iters = (43551, 0), opt = -
> Progress 13.1837%, elapsed 593.2 s, iters = (43552, 0), opt = -
> Progress 13.1838%, elapsed 593.2 s, iters = (43553, 0), opt = -
> Progress 13.1838%, elapsed 593.3 s, iters = (43554, 0), opt = -
> Progress 13.1838%, elapsed 593.3 s, iters = (43555, 0), opt = -
> Progress 13.1858%, elapsed 594.0 s, iters = (43582, 0), opt = -
> Progress 13.1859%, elapsed 616.5 s, iters = (43592, 0), opt = -
> Progress 13.186%, elapsed 616.5 s, iters = (43593, 0), opt = -
> Progress 13.186%, elapsed 637.9 s, iters = (43594, 0), opt = -
> Progress 13.186%, elapsed 637.9 s, iters = (43595, 0), opt = -
> Progress 13.186%, elapsed 637.9 s, iters = (43596, 0), opt = -
> Progress 13.186%, elapsed 638.0 s, iters = (43597, 0), opt = -
> Progress 13.186%, elapsed 648.9 s, iters = (43598, 0), opt = -
> Progress 13.186%, elapsed 648.9 s, iters = (43599, 0), opt = -
> Progress 13.186%, elapsed 648.9 s, iters = (43600, 0), opt = -
> Progress 13.186%, elapsed 649.0 s, iters = (43601, 0), opt = -
> Progress 13.186%, elapsed 649.0 s, iters = (43602, 0), opt = -
> Progress 13.186%, elapsed 649.0 s, iters = (43603, 0), opt = -
> Progress 13.186%, elapsed 649.1 s, iters = (43604, 0), opt = -
> Progress 13.186%, elapsed 649.1 s, iters = (43605, 0), opt = -
> Progress 13.186%, elapsed 649.3 s, iters = (43606, 0), opt = -
> Progress 13.186%, elapsed 649.3 s, iters = (43607, 0), opt = -
> Progress 13.186%, elapsed 649.4 s, iters = (43608, 0), opt = -
> Progress 13.1861%, elapsed 649.4 s, iters = (43609, 0), opt = -
> Progress 13.1891%, elapsed 651.0 s, iters = (43677, 0), opt = -
> Progress 13.1897%, elapsed 662.6 s, iters = (43713, 0), opt = -
> Progress 13.1898%, elapsed 662.6 s, iters = (43714, 0), opt = -
> Progress 13.1898%, elapsed 673.4 s, iters = (43715, 0), opt = -
> Progress 13.1898%, elapsed 673.4 s, iters = (43716, 0), opt = -
> Progress 13.1898%, elapsed 673.4 s, iters = (43717, 0), opt = -
> Progress 13.1898%, elapsed 673.5 s, iters = (43718, 0), opt = -
> Progress 13.1898%, elapsed 679.1 s, iters = (43719, 0), opt = -
> Progress 13.1898%, elapsed 679.1 s, iters = (43720, 0), opt = -
> Progress 13.1898%, elapsed 679.1 s, iters = (43721, 0), opt = -
> Progress 13.192%, elapsed 690.8 s, iters = (43767, 0), opt = -
> Progress 13.1921%, elapsed 690.8 s, iters = (43768, 0), opt = -
> Progress 13.1921%, elapsed 701.6 s, iters = (43769, 0), opt = -
> Progress 13.1921%, elapsed 701.6 s, iters = (43770, 0), opt = -
> Progress 13.1921%, elapsed 701.6 s, iters = (43771, 0), opt = -
> Progress 13.1921%, elapsed 701.7 s, iters = (43772, 0), opt = -
> Progress 13.1921%, elapsed 707.2 s, iters = (43773, 0), opt = -
> Progress 13.1921%, elapsed 707.2 s, iters = (43774, 0), opt = -
> Progress 13.1921%, elapsed 707.2 s, iters = (43775, 0), opt = -
> Progress 13.2339%, elapsed 708.1 s, iters = (43888, 0), opt = -
> Progress 14.4042%, elapsed 711.0 s, iters = (44461, 0), opt = -
> Progress 14.5996%, elapsed 714.1 s, iters = (44589, 0), opt = -
> Progress 14.6485%, elapsed 737.4 s, iters = (44666, 0), opt = -
> Progress 14.6485%, elapsed 737.4 s, iters = (44667, 0), opt = -
> Progress 14.6485%, elapsed 759.4 s, iters = (44668, 0), opt = -
> Progress 14.6485%, elapsed 759.4 s, iters = (44669, 0), opt = -
> Progress 14.6485%, elapsed 759.4 s, iters = (44670, 0), opt = -
> Progress 14.6485%, elapsed 759.4 s, iters = (44671, 0), opt = -
> Progress 14.6485%, elapsed 770.6 s, iters = (44672, 0), opt = -
> Progress 14.6485%, elapsed 770.6 s, iters = (44673, 0), opt = -
> Progress 14.6486%, elapsed 770.6 s, iters = (44674, 0), opt = -
> Progress 14.6486%, elapsed 770.7 s, iters = (44675, 0), opt = -
> Progress 14.6486%, elapsed 770.7 s, iters = (44676, 0), opt = -
> Progress 14.6486%, elapsed 770.7 s, iters = (44677, 0), opt = -
> Progress 14.6486%, elapsed 770.7 s, iters = (44678, 0), opt = -
> Progress 14.6486%, elapsed 770.7 s, iters = (44679, 0), opt = -
> Progress 14.6486%, elapsed 770.8 s, iters = (44680, 0), opt = -
> Progress 14.6486%, elapsed 770.9 s, iters = (44681, 0), opt = -
> Progress 14.6486%, elapsed 771.0 s, iters = (44682, 0), opt = -
> Progress 14.6486%, elapsed 771.0 s, iters = (44683, 0), opt = -
> Progress 14.6486%, elapsed 771.1 s, iters = (44684, 0), opt = -
> Progress 14.795%, elapsed 793.5 s, iters = (44746, 0), opt = -
> Progress 14.795%, elapsed 793.5 s, iters = (44747, 0), opt = -
> Progress 14.795%, elapsed 815.3 s, iters = (44748, 0), opt = -
> Progress 14.795%, elapsed 815.3 s, iters = (44749, 0), opt = -
> Progress 14.795%, elapsed 815.3 s, iters = (44750, 0), opt = -
> Progress 14.795%, elapsed 815.4 s, iters = (44751, 0), opt = -
> Progress 14.795%, elapsed 826.4 s, iters = (44752, 0), opt = -
> Progress 14.795%, elapsed 826.4 s, iters = (44753, 0), opt = -
> Progress 14.795%, elapsed 826.4 s, iters = (44754, 0), opt = -
> Progress 14.795%, elapsed 826.5 s, iters = (44755, 0), opt = -
> Progress 14.7951%, elapsed 826.5 s, iters = (44756, 0), opt = -
> Progress 14.7951%, elapsed 826.5 s, iters = (44757, 0), opt = -
> Progress 14.7951%, elapsed 826.5 s, iters = (44758, 0), opt = -
> Progress 14.7951%, elapsed 826.5 s, iters = (44759, 0), opt = -
> Progress 14.7951%, elapsed 826.5 s, iters = (44760, 0), opt = -
> Progress 14.7951%, elapsed 826.6 s, iters = (44761, 0), opt = -
> Progress 14.7951%, elapsed 826.7 s, iters = (44762, 0), opt = -
> Progress 14.7951%, elapsed 826.7 s, iters = (44763, 0), opt = -
> Progress 15.0405%, elapsed 828.1 s, iters = (45406, 0), opt = -
> Progress 15.0409%, elapsed 841.5 s, iters = (45445, 0), opt = -
> Progress 15.0409%, elapsed 852.4 s, iters = (45446, 0), opt = -
> Progress 15.0409%, elapsed 852.4 s, iters = (45447, 0), opt = -
> Progress 15.0409%, elapsed 852.4 s, iters = (45448, 0), opt = -
> Progress 15.0409%, elapsed 852.4 s, iters = (45449, 0), opt = -
> Progress 15.0409%, elapsed 852.4 s, iters = (45450, 0), opt = -
> Progress 15.0409%, elapsed 873.2 s, iters = (45451, 0), opt = -
> Progress 15.0409%, elapsed 873.2 s, iters = (45452, 0), opt = -
> Progress 15.0409%, elapsed 873.2 s, iters = (45453, 0), opt = -
> Progress 15.0409%, elapsed 873.2 s, iters = (45454, 0), opt = -
> Progress 15.0409%, elapsed 873.2 s, iters = (45455, 0), opt = -
> Progress 15.0413%, elapsed 873.2 s, iters = (45456, 0), opt = -
> Progress 15.0413%, elapsed 873.2 s, iters = (45457, 0), opt = -
> Progress 15.0413%, elapsed 873.2 s, iters = (45458, 0), opt = -
> Progress 15.0413%, elapsed 873.2 s, iters = (45459, 0), opt = -
> Progress 15.047%, elapsed 880.3 s, iters = (45698, 0), opt = -
> Progress 15.047%, elapsed 885.8 s, iters = (45699, 0), opt = -
> Progress 15.047%, elapsed 885.8 s, iters = (45700, 0), opt = -
> Progress 15.047%, elapsed 885.8 s, iters = (45701, 0), opt = -
> Progress 15.047%, elapsed 896.4 s, iters = (45704, 0), opt = -
> Progress 15.047%, elapsed 896.4 s, iters = (45705, 0), opt = -
> Progress 15.047%, elapsed 896.4 s, iters = (45706, 0), opt = -
> Progress 15.1855%, elapsed 897.0 s, iters = (45824, 0), opt = -
> Progress 15.2366%, elapsed 900.0 s, iters = (46126, 0), opt = -
> Progress 15.4312%, elapsed 903.0 s, iters = (46680, 0), opt = -
> Progress 15.4313%, elapsed 924.6 s, iters = (46694, 0), opt = -
> Progress 15.4313%, elapsed 924.6 s, iters = (46695, 0), opt = -
> Progress 15.4313%, elapsed 945.6 s, iters = (46696, 0), opt = -
> Progress 15.4313%, elapsed 945.6 s, iters = (46697, 0), opt = -
> Progress 15.4313%, elapsed 945.6 s, iters = (46698, 0), opt = -
> Progress 15.4313%, elapsed 945.8 s, iters = (46699, 0), opt = -
> Progress 15.4313%, elapsed 956.5 s, iters = (46700, 0), opt = -
> Progress 15.4313%, elapsed 956.5 s, iters = (46701, 0), opt = -
> Progress 15.4313%, elapsed 956.5 s, iters = (46702, 0), opt = -
> Progress 15.4313%, elapsed 956.8 s, iters = (46703, 0), opt = -
> Progress 15.4313%, elapsed 956.8 s, iters = (46704, 0), opt = -
> Progress 15.4313%, elapsed 956.8 s, iters = (46705, 0), opt = -
> Progress 15.4313%, elapsed 956.8 s, iters = (46706, 0), opt = -
> Progress 15.4314%, elapsed 956.8 s, iters = (46707, 0), opt = -
> Progress 15.4314%, elapsed 956.9 s, iters = (46708, 0), opt = -
> Progress 15.4314%, elapsed 957.1 s, iters = (46709, 0), opt = -
> Progress 15.4314%, elapsed 957.3 s, iters = (46710, 0), opt = -
> Progress 15.4314%, elapsed 957.3 s, iters = (46711, 0), opt = -
> Progress 15.4374%, elapsed 969.8 s, iters = (47061, 0), opt = -
> Progress 15.4374%, elapsed 969.8 s, iters = (47062, 0), opt = -
> Progress 15.4374%, elapsed 980.7 s, iters = (47063, 0), opt = -
> Progress 15.4374%, elapsed 980.7 s, iters = (47064, 0), opt = -
> Progress 15.4374%, elapsed 980.7 s, iters = (47065, 0), opt = -
> Progress 15.4374%, elapsed 980.7 s, iters = (47066, 0), opt = -
> Progress 15.4374%, elapsed 986.3 s, iters = (47067, 0), opt = -
> Progress 15.4374%, elapsed 986.3 s, iters = (47068, 0), opt = -
> Progress 15.4374%, elapsed 986.3 s, iters = (47069, 0), opt = -
> Progress 15.4376%, elapsed 987.1 s, iters = (47098, 0), opt = -
> Progress 28.3221%, elapsed 990.1 s, iters = (48385, 0), opt = -
> Progress 28.3221%, elapsed 1001.8 s, iters = (48398, 0), opt = -
> Progress 28.3221%, elapsed 1012.7 s, iters = (48399, 0), opt = -
> Progress 28.3221%, elapsed 1012.7 s, iters = (48400, 0), opt = -
> Progress 28.3221%, elapsed 1012.7 s, iters = (48401, 0), opt = -
> Progress 28.3221%, elapsed 1012.7 s, iters = (48402, 0), opt = -
> Progress 28.3221%, elapsed 1012.7 s, iters = (48403, 0), opt = -
> Progress 28.3221%, elapsed 1033.8 s, iters = (48404, 0), opt = -
> Progress 28.3222%, elapsed 1033.8 s, iters = (48405, 0), opt = -
> Progress 28.3222%, elapsed 1033.8 s, iters = (48406, 0), opt = -
> Progress 28.3222%, elapsed 1033.8 s, iters = (48407, 0), opt = -
> Progress 28.3222%, elapsed 1033.8 s, iters = (48408, 0), opt = -
> Progress 28.3226%, elapsed 1033.8 s, iters = (48409, 0), opt = -
> Progress 28.3226%, elapsed 1033.8 s, iters = (48410, 0), opt = -
> Progress 28.3226%, elapsed 1033.8 s, iters = (48411, 0), opt = -
> Progress 28.3282%, elapsed 1035.0 s, iters = (48646, 0), opt = -
> Progress 28.3282%, elapsed 1040.9 s, iters = (48659, 0), opt = -
> Progress 28.3282%, elapsed 1046.6 s, iters = (48660, 0), opt = -
> Progress 28.3282%, elapsed 1046.6 s, iters = (48661, 0), opt = -
> Progress 28.3282%, elapsed 1057.4 s, iters = (48665, 0), opt = -
> Progress 28.3283%, elapsed 1057.5 s, iters = (48666, 0), opt = -
> Progress 28.3283%, elapsed 1057.5 s, iters = (48667, 0), opt = -
> Progress 28.3283%, elapsed 1057.5 s, iters = (48668, 0), opt = -
> Progress 28.4182%, elapsed 1059.0 s, iters = (48795, 0), opt = -
> Progress 28.4243%, elapsed 1062.0 s, iters = (48879, 0), opt = -
> Progress 28.5156%, elapsed 1065.0 s, iters = (49329, 0), opt = -
> Progress 28.5232%, elapsed 1068.0 s, iters = (49640, 0), opt = -
> Progress 28.6157%, elapsed 1071.1 s, iters = (49813, 0), opt = -
> Progress 28.6636%, elapsed 1074.0 s, iters = (50026, 0), opt = -
> Progress 28.7125%, elapsed 1097.1 s, iters = (50383, 0), opt = -
> Progress 28.7125%, elapsed 1097.1 s, iters = (50384, 0), opt = -
> Progress 28.7125%, elapsed 1118.1 s, iters = (50385, 0), opt = -
> Progress 28.7125%, elapsed 1118.1 s, iters = (50386, 0), opt = -
> Progress 28.7126%, elapsed 1118.1 s, iters = (50387, 0), opt = -
> Progress 28.7126%, elapsed 1118.2 s, iters = (50388, 0), opt = -
> Progress 28.7126%, elapsed 1129.0 s, iters = (50389, 0), opt = -
> Progress 28.7126%, elapsed 1129.0 s, iters = (50390, 0), opt = -
> Progress 28.7126%, elapsed 1129.0 s, iters = (50391, 0), opt = -
> Progress 28.7126%, elapsed 1129.2 s, iters = (50392, 0), opt = -
> Progress 28.7126%, elapsed 1129.2 s, iters = (50393, 0), opt = -
> Progress 28.7126%, elapsed 1129.2 s, iters = (50394, 0), opt = -
> Progress 28.7126%, elapsed 1129.2 s, iters = (50395, 0), opt = -
> Progress 28.7126%, elapsed 1129.2 s, iters = (50396, 0), opt = -
> Progress 28.7126%, elapsed 1129.4 s, iters = (50397, 0), opt = -
> Progress 28.7126%, elapsed 1129.5 s, iters = (50398, 0), opt = -
> Progress 28.7126%, elapsed 1129.7 s, iters = (50399, 0), opt = -
> Progress 28.7126%, elapsed 1129.7 s, iters = (50400, 0), opt = -
> Progress 28.7165%, elapsed 1131.0 s, iters = (50647, 0), opt = -
> Progress 28.7186%, elapsed 1142.1 s, iters = (50770, 0), opt = -
> Progress 28.7186%, elapsed 1142.1 s, iters = (50771, 0), opt = -
> Progress 28.7186%, elapsed 1152.7 s, iters = (50772, 0), opt = -
> Progress 28.7186%, elapsed 1152.7 s, iters = (50773, 0), opt = -
> Progress 28.7187%, elapsed 1152.7 s, iters = (50774, 0), opt = -
> Progress 28.7187%, elapsed 1152.8 s, iters = (50775, 0), opt = -
> Progress 28.7187%, elapsed 1158.2 s, iters = (50776, 0), opt = -
> Progress 28.7187%, elapsed 1158.2 s, iters = (50777, 0), opt = -
> Progress 28.7187%, elapsed 1158.2 s, iters = (50778, 0), opt = -
> Progress 28.8086%, elapsed 1180.7 s, iters = (50917, 0), opt = -
> Progress 28.8087%, elapsed 1180.7 s, iters = (50918, 0), opt = -
> Progress 28.8087%, elapsed 1201.5 s, iters = (50919, 0), opt = -
> Progress 28.8087%, elapsed 1201.5 s, iters = (50920, 0), opt = -
> Progress 28.8087%, elapsed 1201.5 s, iters = (50921, 0), opt = -
> Progress 28.8087%, elapsed 1201.6 s, iters = (50922, 0), opt = -
> Progress 28.8087%, elapsed 1212.6 s, iters = (50923, 0), opt = -
> Progress 28.8087%, elapsed 1212.6 s, iters = (50924, 0), opt = -
> Progress 28.8087%, elapsed 1212.6 s, iters = (50925, 0), opt = -
> Progress 28.8087%, elapsed 1212.7 s, iters = (50926, 0), opt = -
> Progress 28.8087%, elapsed 1212.7 s, iters = (50927, 0), opt = -
> Progress 28.8087%, elapsed 1212.7 s, iters = (50928, 0), opt = -
> Progress 28.8087%, elapsed 1212.8 s, iters = (50929, 0), opt = -
> Progress 28.8087%, elapsed 1212.9 s, iters = (50930, 0), opt = -
> Progress 28.8087%, elapsed 1213.0 s, iters = (50931, 0), opt = -
> Progress 28.8088%, elapsed 1213.0 s, iters = (50932, 0), opt = -
> Progress 28.8088%, elapsed 1213.2 s, iters = (50933, 0), opt = -
> Progress 28.8088%, elapsed 1213.2 s, iters = (50934, 0), opt = -
> Progress 28.8109%, elapsed 1235.0 s, iters = (50971, 0), opt = -
> Progress 28.811%, elapsed 1235.0 s, iters = (50972, 0), opt = -
> Progress 28.811%, elapsed 1255.8 s, iters = (50973, 0), opt = -
> Progress 28.811%, elapsed 1255.8 s, iters = (50974, 0), opt = -
> Progress 28.811%, elapsed 1255.8 s, iters = (50975, 0), opt = -
> Progress 28.811%, elapsed 1255.9 s, iters = (50976, 0), opt = -
> Progress 28.811%, elapsed 1266.6 s, iters = (50977, 0), opt = -
> Progress 28.811%, elapsed 1266.6 s, iters = (50978, 0), opt = -
> Progress 28.811%, elapsed 1266.6 s, iters = (50979, 0), opt = -
> Progress 28.811%, elapsed 1266.7 s, iters = (50980, 0), opt = -
> Progress 28.811%, elapsed 1266.7 s, iters = (50981, 0), opt = -
> Progress 28.811%, elapsed 1266.7 s, iters = (50982, 0), opt = -
> Progress 28.811%, elapsed 1266.8 s, iters = (50983, 0), opt = -
> Progress 28.811%, elapsed 1266.9 s, iters = (50984, 0), opt = -
> Progress 28.811%, elapsed 1267.0 s, iters = (50985, 0), opt = -
> Progress 28.811%, elapsed 1267.0 s, iters = (50986, 0), opt = -
> Progress 28.811%, elapsed 1267.1 s, iters = (50987, 0), opt = -
> Progress 28.8111%, elapsed 1267.1 s, iters = (50988, 0), opt = -
> Progress 28.8142%, elapsed 1269.0 s, iters = (51067, 0), opt = -
> Progress 28.8147%, elapsed 1280.2 s, iters = (51092, 0), opt = -
> Progress 28.8148%, elapsed 1280.2 s, iters = (51093, 0), opt = -
> Progress 28.8148%, elapsed 1291.0 s, iters = (51094, 0), opt = -
> Progress 28.8148%, elapsed 1291.0 s, iters = (51095, 0), opt = -
> Progress 28.8148%, elapsed 1291.0 s, iters = (51096, 0), opt = -
> Progress 28.8148%, elapsed 1291.1 s, iters = (51097, 0), opt = -
> Progress 28.8148%, elapsed 1296.5 s, iters = (51098, 0), opt = -
> Progress 28.8148%, elapsed 1296.5 s, iters = (51099, 0), opt = -
> Progress 28.8148%, elapsed 1296.5 s, iters = (51100, 0), opt = -
> Progress 28.817%, elapsed 1307.7 s, iters = (51146, 0), opt = -
> Progress 28.8171%, elapsed 1307.7 s, iters = (51147, 0), opt = -
> Progress 28.8171%, elapsed 1318.2 s, iters = (51148, 0), opt = -
> Progress 28.8171%, elapsed 1318.2 s, iters = (51149, 0), opt = -
> Progress 28.8171%, elapsed 1318.2 s, iters = (51150, 0), opt = -
> Progress 28.8171%, elapsed 1318.2 s, iters = (51151, 0), opt = -
> Progress 28.8171%, elapsed 1323.9 s, iters = (51152, 0), opt = -
> Progress 28.8171%, elapsed 1323.9 s, iters = (51153, 0), opt = -
> Progress 28.8171%, elapsed 1323.9 s, iters = (51154, 0), opt = -
> Progress 29.8829%, elapsed 1326.0 s, iters = (51785, 0), opt = -
> Progress 30.0296%, elapsed 1329.0 s, iters = (51882, 0), opt = -
> Progress 30.2734%, elapsed 1332.1 s, iters = (52033, 0), opt = -
> Progress 30.2735%, elapsed 1353.4 s, iters = (52045, 0), opt = -
> Progress 30.2735%, elapsed 1353.4 s, iters = (52046, 0), opt = -
> Progress 30.2735%, elapsed 1374.5 s, iters = (52047, 0), opt = -
> Progress 30.2735%, elapsed 1374.5 s, iters = (52048, 0), opt = -
> Progress 30.2735%, elapsed 1374.5 s, iters = (52049, 0), opt = -
> Progress 30.2735%, elapsed 1374.6 s, iters = (52050, 0), opt = -
> Progress 30.2735%, elapsed 1385.5 s, iters = (52051, 0), opt = -
> Progress 30.2735%, elapsed 1385.5 s, iters = (52052, 0), opt = -
> Progress 30.2736%, elapsed 1385.5 s, iters = (52053, 0), opt = -
> Progress 30.2736%, elapsed 1385.5 s, iters = (52054, 0), opt = -
> Progress 30.2736%, elapsed 1385.5 s, iters = (52055, 0), opt = -
> Progress 30.2736%, elapsed 1385.5 s, iters = (52056, 0), opt = -
> Progress 30.2736%, elapsed 1385.5 s, iters = (52057, 0), opt = -
> Progress 30.2736%, elapsed 1385.5 s, iters = (52058, 0), opt = -
> Progress 30.2736%, elapsed 1385.6 s, iters = (52059, 0), opt = -
> Progress 30.2736%, elapsed 1385.7 s, iters = (52060, 0), opt = -
> Progress 30.2736%, elapsed 1385.8 s, iters = (52061, 0), opt = -
> Progress 30.2737%, elapsed 1386.1 s, iters = (52079, 0), opt = -
> Progress 30.42%, elapsed 1408.0 s, iters = (52125, 0), opt = -
> Progress 30.42%, elapsed 1408.0 s, iters = (52126, 0), opt = -
> Progress 30.42%, elapsed 1429.0 s, iters = (52127, 0), opt = -
> Progress 30.42%, elapsed 1429.0 s, iters = (52128, 0), opt = -
> Progress 30.42%, elapsed 1429.0 s, iters = (52129, 0), opt = -
> Progress 30.42%, elapsed 1429.1 s, iters = (52130, 0), opt = -
> Progress 30.42%, elapsed 1439.9 s, iters = (52131, 0), opt = -
> Progress 30.42%, elapsed 1439.9 s, iters = (52132, 0), opt = -
> Progress 30.42%, elapsed 1439.9 s, iters = (52133, 0), opt = -
> Progress 30.42%, elapsed 1439.9 s, iters = (52134, 0), opt = -
> Progress 30.4201%, elapsed 1439.9 s, iters = (52135, 0), opt = -
> Progress 30.4201%, elapsed 1439.9 s, iters = (52136, 0), opt = -
> Progress 30.4201%, elapsed 1439.9 s, iters = (52137, 0), opt = -
> Progress 30.4201%, elapsed 1439.9 s, iters = (52138, 0), opt = -
> Progress 30.4201%, elapsed 1440.0 s, iters = (52139, 0), opt = -
> Progress 30.4201%, elapsed 1440.1 s, iters = (52140, 0), opt = -
> Progress 30.4201%, elapsed 1440.2 s, iters = (52141, 0), opt = -
> Progress 30.4201%, elapsed 1440.2 s, iters = (52142, 0), opt = -
> Progress 30.6658%, elapsed 1443.1 s, iters = (52811, 0), opt = -
> Progress 30.6659%, elapsed 1454.5 s, iters = (52824, 0), opt = -
> Progress 30.6659%, elapsed 1465.2 s, iters = (52825, 0), opt = -
> Progress 30.6659%, elapsed 1465.2 s, iters = (52826, 0), opt = -
> Progress 30.6659%, elapsed 1465.2 s, iters = (52827, 0), opt = -
> Progress 30.6659%, elapsed 1465.2 s, iters = (52828, 0), opt = -
> Progress 30.6659%, elapsed 1465.2 s, iters = (52829, 0), opt = -
> Progress 30.6659%, elapsed 1486.1 s, iters = (52830, 0), opt = -
> Progress 30.6659%, elapsed 1486.1 s, iters = (52831, 0), opt = -
> Progress 30.6659%, elapsed 1486.1 s, iters = (52832, 0), opt = -
> Progress 30.6659%, elapsed 1486.1 s, iters = (52833, 0), opt = -
> Progress 30.6659%, elapsed 1486.1 s, iters = (52834, 0), opt = -
> Progress 30.6663%, elapsed 1486.1 s, iters = (52835, 0), opt = -
> Progress 30.6663%, elapsed 1486.1 s, iters = (52836, 0), opt = -
> Progress 30.6663%, elapsed 1486.1 s, iters = (52837, 0), opt = -
> Progress 30.672%, elapsed 1493.6 s, iters = (53077, 0), opt = -
> Progress 30.672%, elapsed 1499.0 s, iters = (53078, 0), opt = -
> Progress 30.672%, elapsed 1499.0 s, iters = (53079, 0), opt = -
> Progress 30.672%, elapsed 1499.0 s, iters = (53080, 0), opt = -
> Progress 30.672%, elapsed 1509.6 s, iters = (53083, 0), opt = -
> Progress 30.672%, elapsed 1509.6 s, iters = (53084, 0), opt = -
> Progress 30.672%, elapsed 1509.6 s, iters = (53085, 0), opt = -
> Progress 30.672%, elapsed 1509.6 s, iters = (53086, 0), opt = -
> Progress 30.861%, elapsed 1512.0 s, iters = (53445, 0), opt = -
> Progress 31.0073%, elapsed 1515.0 s, iters = (53843, 0), opt = -
> Progress 31.0563%, elapsed 1537.1 s, iters = (54049, 0), opt = -
> Progress 31.0563%, elapsed 1537.1 s, iters = (54050, 0), opt = -
> Progress 31.0563%, elapsed 1557.9 s, iters = (54051, 0), opt = -
> Progress 31.0563%, elapsed 1557.9 s, iters = (54052, 0), opt = -
> Progress 31.0563%, elapsed 1557.9 s, iters = (54053, 0), opt = -
> Progress 31.0563%, elapsed 1558.0 s, iters = (54054, 0), opt = -
> Progress 31.0563%, elapsed 1568.6 s, iters = (54055, 0), opt = -
> Progress 31.0563%, elapsed 1568.6 s, iters = (54056, 0), opt = -
> Progress 31.0563%, elapsed 1568.6 s, iters = (54057, 0), opt = -
> Progress 31.0563%, elapsed 1568.9 s, iters = (54058, 0), opt = -
> Progress 31.0563%, elapsed 1568.9 s, iters = (54059, 0), opt = -
> Progress 31.0563%, elapsed 1568.9 s, iters = (54060, 0), opt = -
> Progress 31.0563%, elapsed 1568.9 s, iters = (54061, 0), opt = -
> Progress 31.0564%, elapsed 1568.9 s, iters = (54062, 0), opt = -
> Progress 31.0564%, elapsed 1569.0 s, iters = (54063, 0), opt = -
> Progress 31.0564%, elapsed 1569.2 s, iters = (54064, 0), opt = -
> Progress 31.0564%, elapsed 1569.4 s, iters = (54065, 0), opt = -
> Progress 31.0564%, elapsed 1569.4 s, iters = (54066, 0), opt = -
> Progress 31.0624%, elapsed 1581.7 s, iters = (54416, 0), opt = -
> Progress 31.0624%, elapsed 1581.7 s, iters = (54417, 0), opt = -
> Progress 31.0624%, elapsed 1592.1 s, iters = (54418, 0), opt = -
> Progress 31.0624%, elapsed 1592.1 s, iters = (54419, 0), opt = -
> Progress 31.0624%, elapsed 1592.1 s, iters = (54420, 0), opt = -
> Progress 31.0624%, elapsed 1592.2 s, iters = (54421, 0), opt = -
> Progress 31.0624%, elapsed 1597.7 s, iters = (54422, 0), opt = -
> Progress 31.0624%, elapsed 1597.7 s, iters = (54423, 0), opt = -
> Progress 31.0624%, elapsed 1597.7 s, iters = (54424, 0), opt = -
> Progress 31.2103%, elapsed 1599.0 s, iters = (54774, 0), opt = -
> Progress 50.0987%, elapsed 1611.7 s, iters = (55748, 0), opt = -
> Progress 50.0987%, elapsed 1622.4 s, iters = (55749, 0), opt = -
> Progress 50.0987%, elapsed 1622.4 s, iters = (55750, 0), opt = -
> Progress 50.0987%, elapsed 1622.5 s, iters = (55751, 0), opt = -
> Progress 50.0987%, elapsed 1622.5 s, iters = (55752, 0), opt = -
> Progress 50.0987%, elapsed 1622.5 s, iters = (55753, 0), opt = -
> Progress 50.0987%, elapsed 1643.4 s, iters = (55754, 0), opt = -
> Progress 50.0987%, elapsed 1643.4 s, iters = (55755, 0), opt = -
> Progress 50.0987%, elapsed 1643.4 s, iters = (55756, 0), opt = -
> Progress 50.0987%, elapsed 1643.4 s, iters = (55757, 0), opt = -
> Progress 50.0988%, elapsed 1643.4 s, iters = (55758, 0), opt = -
> Progress 50.0988%, elapsed 1643.4 s, iters = (55759, 0), opt = -
> Progress 50.0988%, elapsed 1643.4 s, iters = (55760, 0), opt = -
> Progress 50.0988%, elapsed 1643.4 s, iters = (55761, 0), opt = -
> Progress 50.1479%, elapsed 1644.1 s, iters = (56143, 0), opt = -
> Progress 50.2937%, elapsed 1647.1 s, iters = (57760, 0), opt = -
> Progress 50.3669%, elapsed 1650.0 s, iters = (58558, 0), opt = -
> Progress 50.9828%, elapsed 1656.9 s, iters = (59648, 0), opt = -
> Progress 50.9828%, elapsed 1656.9 s, iters = (59649, 0), opt = -
> Progress 51.056%, elapsed 1662.0 s, iters = (59844, 0), opt = -
> Progress 51.0562%, elapsed 1662.0 s, iters = (59862, 0), opt = -
> Progress 51.0805%, elapsed 1672.1 s, iters = (60055, 0), opt = -
> Progress 51.0805%, elapsed 1672.1 s, iters = (60056, 0), opt = -
> Progress 51.0805%, elapsed 1672.1 s, iters = (60057, 0), opt = -
> Progress 51.1537%, elapsed 1682.8 s, iters = (60281, 0), opt = -
> Progress 51.1537%, elapsed 1682.8 s, iters = (60282, 0), opt = -
> Progress 51.1537%, elapsed 1682.8 s, iters = (60283, 0), opt = -
> Progress 51.1597%, elapsed 1683.0 s, iters = (60342, 0), opt = -
> Progress 51.2706%, elapsed 1695.8 s, iters = (61068, 0), opt = -
> Progress 51.2706%, elapsed 1706.5 s, iters = (61069, 0), opt = -
> Progress 51.2706%, elapsed 1706.5 s, iters = (61070, 0), opt = -
> Progress 51.2706%, elapsed 1706.5 s, iters = (61071, 0), opt = -
> Progress 51.2706%, elapsed 1706.5 s, iters = (61072, 0), opt = -
> Progress 51.2706%, elapsed 1706.5 s, iters = (61073, 0), opt = -
> Progress 51.2706%, elapsed 1727.4 s, iters = (61074, 0), opt = -
> Progress 51.2706%, elapsed 1727.4 s, iters = (61075, 0), opt = -
> Progress 51.2706%, elapsed 1727.4 s, iters = (61076, 0), opt = -
> Progress 51.2706%, elapsed 1727.4 s, iters = (61077, 0), opt = -
> Progress 51.2706%, elapsed 1727.4 s, iters = (61078, 0), opt = -
> Progress 51.2706%, elapsed 1727.4 s, iters = (61079, 0), opt = -
> Progress 51.2706%, elapsed 1727.4 s, iters = (61080, 0), opt = -
> Progress 51.2706%, elapsed 1727.4 s, iters = (61081, 0), opt = -
> Progress 51.3679%, elapsed 1728.0 s, iters = (61645, 0), opt = -
> Progress 51.538%, elapsed 1731.0 s, iters = (62720, 0), opt = -
> Progress 53.2237%, elapsed 1743.9 s, iters = (63923, 0), opt = -
> Progress 53.2237%, elapsed 1754.6 s, iters = (63924, 0), opt = -
> Progress 53.2237%, elapsed 1754.6 s, iters = (63925, 0), opt = -
> Progress 53.2237%, elapsed 1754.6 s, iters = (63926, 0), opt = -
> Progress 53.2237%, elapsed 1754.6 s, iters = (63927, 0), opt = -
> Progress 53.2237%, elapsed 1754.6 s, iters = (63928, 0), opt = -
> Progress 53.2237%, elapsed 1775.6 s, iters = (63929, 0), opt = -
> Progress 53.2237%, elapsed 1775.6 s, iters = (63930, 0), opt = -
> Progress 53.2237%, elapsed 1775.6 s, iters = (63931, 0), opt = -
> Progress 53.2237%, elapsed 1775.6 s, iters = (63932, 0), opt = -
> Progress 53.2238%, elapsed 1775.6 s, iters = (63933, 0), opt = -
> Progress 53.2238%, elapsed 1775.6 s, iters = (63934, 0), opt = -
> Progress 53.2238%, elapsed 1775.6 s, iters = (63935, 0), opt = -
> Progress 53.2238%, elapsed 1775.6 s, iters = (63936, 0), opt = -
> Progress 53.2718%, elapsed 1776.1 s, iters = (64281, 0), opt = -
> Progress 53.4118%, elapsed 1779.0 s, iters = (65827, 0), opt = -
> Progress 53.4912%, elapsed 1782.0 s, iters = (66661, 0), opt = -
> Progress 54.1078%, elapsed 1789.0 s, iters = (67823, 0), opt = -
> Progress 54.1078%, elapsed 1789.0 s, iters = (67824, 0), opt = -
> Progress 54.181%, elapsed 1794.1 s, iters = (68019, 0), opt = -
> Progress 54.181%, elapsed 1794.1 s, iters = (68020, 0), opt = -
> Progress 54.2055%, elapsed 1804.3 s, iters = (68230, 0), opt = -
> Progress 54.2055%, elapsed 1804.3 s, iters = (68231, 0), opt = -
> Progress 54.2055%, elapsed 1804.3 s, iters = (68232, 0), opt = -
> Progress 54.2787%, elapsed 1815.0 s, iters = (68456, 0), opt = -
> Progress 54.2787%, elapsed 1815.0 s, iters = (68457, 0), opt = -
> Progress 54.2787%, elapsed 1815.0 s, iters = (68458, 0), opt = -
> Progress 54.2787%, elapsed 1815.1 s, iters = (68465, 0), opt = -
> Progress 54.3956%, elapsed 1828.0 s, iters = (69243, 0), opt = -
> Progress 54.3956%, elapsed 1838.7 s, iters = (69244, 0), opt = -
> Progress 54.3956%, elapsed 1838.7 s, iters = (69245, 0), opt = -
> Progress 54.3956%, elapsed 1838.7 s, iters = (69246, 0), opt = -
> Progress 54.3956%, elapsed 1838.7 s, iters = (69247, 0), opt = -
> Progress 54.3956%, elapsed 1838.7 s, iters = (69248, 0), opt = -
> Progress 54.3956%, elapsed 1859.5 s, iters = (69249, 0), opt = -
> Progress 54.3956%, elapsed 1859.5 s, iters = (69250, 0), opt = -
> Progress 54.3956%, elapsed 1859.5 s, iters = (69251, 0), opt = -
> Progress 54.3956%, elapsed 1859.5 s, iters = (69252, 0), opt = -
> Progress 54.3956%, elapsed 1859.5 s, iters = (69253, 0), opt = -
> Progress 54.3956%, elapsed 1859.5 s, iters = (69254, 0), opt = -
> Progress 54.3956%, elapsed 1859.5 s, iters = (69255, 0), opt = -
> Progress 54.3956%, elapsed 1859.5 s, iters = (69256, 0), opt = -
> Progress 54.4929%, elapsed 1860.0 s, iters = (69818, 0), opt = -
> Progress 54.6085%, elapsed 1863.0 s, iters = (70880, 0), opt = -

--------------------
Synthesis summary
constraint 1: LRA>3/5 ["goal1"]
constraint 2: LRA>3/5 ["goal2"]

method: AR, synthesis time: 1863.37 s
number of holes: 12, family size: 16777216, super quotient: 27 states / 90 actions
explored: 100 %
AR stats: avg MDP size: 19, iterations: 71136

feasible: no
--------------------

