2023-04-15 17:29:47,964 - cli.py - This is Paynt version 0.1.0.
2023-04-15 17:29:47,964 - sketch.py - loading sketch from ./models/pomdp/no-goal-state/blind-nanny/sketch.templ ...
2023-04-15 17:29:47,966 - prism_parser.py - PRISM model type: PrismModelType.POMDP
2023-04-15 17:29:47,966 - prism_parser.py - loading properties from ./models/pomdp/no-goal-state/blind-nanny/sketch.props ...
2023-04-15 17:29:47,967 - prism_parser.py - found the following specification: constraints: LRA>3/5 ["goal1"],LRA>3/5 ["goal2"], optimality objective: none
2023-04-15 17:29:47,988 - sketch.py - constructed explicit quotient having 27 states and 90 actions
2023-04-15 17:29:47,988 - sketch.py - found the following specification constraints: LRA>3/5 ["goal1"],LRA>3/5 ["goal2"], optimality objective: none
2023-04-15 17:29:47,988 - quotient_pomdp.py - Constructed POMDP having 15 observations.
2023-04-15 17:29:47,988 - quotient_pomdp.py - Unfolding POMDP using the following memory allocation vector: [1, 1, 1, 1, 1, 1, 1, 1, 1, 1, 1, 1, 1, 1, 1] ...
2023-04-15 17:29:47,989 - quotient_pomdp.py - Constructed quotient MDP having 27 states and 90 actions.
2023-04-15 17:29:47,989 - synthesizer.py - Synthesis initiated.
> Progress 3.2237%, elapsed 6.3 s, iters = (910, 0), opt = -
> Progress 3.2237%, elapsed 11.0 s, iters = (911, 0), opt = -
> Progress 3.2237%, elapsed 11.0 s, iters = (912, 0), opt = -
> Progress 3.2237%, elapsed 20.3 s, iters = (916, 0), opt = -
> Progress 3.2237%, elapsed 20.3 s, iters = (917, 0), opt = -
> Progress 3.2237%, elapsed 20.3 s, iters = (918, 0), opt = -
> Progress 3.2851%, elapsed 21.0 s, iters = (1369, 0), opt = -
> Progress 3.467%, elapsed 24.0 s, iters = (3334, 0), opt = -
> Progress 4.1078%, elapsed 28.1 s, iters = (4604, 0), opt = -
> Progress 4.181%, elapsed 30.4 s, iters = (4786, 0), opt = -
> Progress 4.2055%, elapsed 34.9 s, iters = (4981, 0), opt = -
> Progress 4.2787%, elapsed 39.7 s, iters = (5193, 0), opt = -
> Progress 4.2787%, elapsed 39.7 s, iters = (5194, 0), opt = -
> Progress 4.3956%, elapsed 45.7 s, iters = (5938, 0), opt = -
> Progress 4.3956%, elapsed 50.3 s, iters = (5939, 0), opt = -
> Progress 4.3956%, elapsed 50.3 s, iters = (5940, 0), opt = -
> Progress 4.3956%, elapsed 59.3 s, iters = (5944, 0), opt = -
> Progress 4.3956%, elapsed 59.3 s, iters = (5945, 0), opt = -
> Progress 4.3956%, elapsed 59.3 s, iters = (5946, 0), opt = -
> Progress 4.4931%, elapsed 60.0 s, iters = (6521, 0), opt = -
> Progress 9.4737%, elapsed 63.0 s, iters = (8715, 0), opt = -
> Progress 9.4737%, elapsed 67.8 s, iters = (8720, 0), opt = -
> Progress 9.4737%, elapsed 72.4 s, iters = (8721, 0), opt = -
> Progress 9.4737%, elapsed 72.4 s, iters = (8722, 0), opt = -
> Progress 9.4737%, elapsed 81.5 s, iters = (8726, 0), opt = -
> Progress 9.4737%, elapsed 81.5 s, iters = (8727, 0), opt = -
> Progress 9.4737%, elapsed 81.5 s, iters = (8728, 0), opt = -
> Progress 9.6688%, elapsed 84.0 s, iters = (10674, 0), opt = -
> Progress 10.3578%, elapsed 89.2 s, iters = (12414, 0), opt = -
> Progress 10.431%, elapsed 91.4 s, iters = (12596, 0), opt = -
> Progress 10.4555%, elapsed 95.9 s, iters = (12791, 0), opt = -
> Progress 10.4556%, elapsed 96.0 s, iters = (12819, 0), opt = -
> Progress 10.5287%, elapsed 100.8 s, iters = (13003, 0), opt = -
> Progress 10.6456%, elapsed 106.8 s, iters = (13748, 0), opt = -
> Progress 10.6456%, elapsed 111.4 s, iters = (13749, 0), opt = -
> Progress 10.6456%, elapsed 111.4 s, iters = (13750, 0), opt = -
> Progress 10.6456%, elapsed 111.4 s, iters = (13751, 0), opt = -
> Progress 10.6456%, elapsed 120.3 s, iters = (13754, 0), opt = -
> Progress 10.6456%, elapsed 120.3 s, iters = (13755, 0), opt = -
> Progress 10.6456%, elapsed 120.3 s, iters = (13756, 0), opt = -
> Progress 12.5066%, elapsed 123.0 s, iters = (15876, 0), opt = -
> Progress 12.6974%, elapsed 129.5 s, iters = (17686, 0), opt = -
> Progress 12.6974%, elapsed 134.2 s, iters = (17687, 0), opt = -
> Progress 12.6974%, elapsed 134.2 s, iters = (17688, 0), opt = -
> Progress 12.6974%, elapsed 143.3 s, iters = (17690, 0), opt = -
> Progress 12.6974%, elapsed 143.3 s, iters = (17691, 0), opt = -
> Progress 12.6975%, elapsed 143.3 s, iters = (17692, 0), opt = -
> Progress 12.7035%, elapsed 146.3 s, iters = (17913, 0), opt = -
> Progress 12.7035%, elapsed 148.8 s, iters = (17914, 0), opt = -
> Progress 12.7035%, elapsed 153.5 s, iters = (17917, 0), opt = -
> Progress 12.7035%, elapsed 153.5 s, iters = (17918, 0), opt = -
> Progress 12.8501%, elapsed 156.0 s, iters = (19912, 0), opt = -
> Progress 13.0386%, elapsed 159.0 s, iters = (22722, 0), opt = -
> Progress 13.1078%, elapsed 162.0 s, iters = (24574, 0), opt = -
> Progress 14.2333%, elapsed 165.0 s, iters = (26918, 0), opt = -
> Progress 14.6121%, elapsed 168.0 s, iters = (27520, 0), opt = -
> Progress 14.8073%, elapsed 171.0 s, iters = (27867, 0), opt = -
> Progress 15.0405%, elapsed 174.0 s, iters = (29339, 0), opt = -
> Progress 15.0412%, elapsed 179.5 s, iters = (29369, 0), opt = -
> Progress 15.0412%, elapsed 184.2 s, iters = (29370, 0), opt = -
> Progress 15.0412%, elapsed 184.2 s, iters = (29371, 0), opt = -
> Progress 15.0412%, elapsed 193.1 s, iters = (29373, 0), opt = -
> Progress 15.0412%, elapsed 193.1 s, iters = (29374, 0), opt = -
> Progress 15.0412%, elapsed 193.1 s, iters = (29375, 0), opt = -
> Progress 15.0473%, elapsed 196.1 s, iters = (29596, 0), opt = -
> Progress 15.0473%, elapsed 198.5 s, iters = (29597, 0), opt = -
> Progress 15.0473%, elapsed 203.5 s, iters = (29600, 0), opt = -
> Progress 15.0566%, elapsed 204.0 s, iters = (29862, 0), opt = -
> Progress 15.4087%, elapsed 207.0 s, iters = (32779, 0), opt = -
> Progress 28.1374%, elapsed 210.0 s, iters = (35035, 0), opt = -
> Progress 28.3224%, elapsed 216.4 s, iters = (36737, 0), opt = -
> Progress 28.3224%, elapsed 221.1 s, iters = (36738, 0), opt = -
> Progress 28.3224%, elapsed 221.1 s, iters = (36739, 0), opt = -
> Progress 28.3224%, elapsed 230.1 s, iters = (36741, 0), opt = -
> Progress 28.3224%, elapsed 230.1 s, iters = (36742, 0), opt = -
> Progress 28.3225%, elapsed 230.1 s, iters = (36743, 0), opt = -
> Progress 28.3285%, elapsed 233.2 s, iters = (36964, 0), opt = -
> Progress 28.3285%, elapsed 235.6 s, iters = (36965, 0), opt = -
> Progress 28.3285%, elapsed 240.3 s, iters = (36968, 0), opt = -
> Progress 28.3285%, elapsed 240.3 s, iters = (36969, 0), opt = -
> Progress 28.4979%, elapsed 243.0 s, iters = (39308, 0), opt = -
> Progress 28.6896%, elapsed 246.0 s, iters = (41929, 0), opt = -
> Progress 28.811%, elapsed 249.0 s, iters = (43456, 0), opt = -
> Progress 30.0781%, elapsed 252.0 s, iters = (45692, 0), opt = -
> Progress 30.2859%, elapsed 255.4 s, iters = (46043, 0), opt = -
> Progress 30.664%, elapsed 258.0 s, iters = (47636, 0), opt = -
> Progress 30.6662%, elapsed 263.6 s, iters = (47714, 0), opt = -
> Progress 30.6662%, elapsed 268.2 s, iters = (47715, 0), opt = -
> Progress 30.6662%, elapsed 268.2 s, iters = (47716, 0), opt = -
> Progress 30.6662%, elapsed 278.0 s, iters = (47718, 0), opt = -
> Progress 30.6662%, elapsed 278.0 s, iters = (47719, 0), opt = -
> Progress 30.6662%, elapsed 278.0 s, iters = (47720, 0), opt = -
> Progress 30.6723%, elapsed 281.0 s, iters = (47941, 0), opt = -
> Progress 30.6723%, elapsed 283.4 s, iters = (47942, 0), opt = -
> Progress 30.6723%, elapsed 288.0 s, iters = (47945, 0), opt = -
> Progress 30.6732%, elapsed 288.0 s, iters = (47994, 0), opt = -
> Progress 30.9082%, elapsed 291.0 s, iters = (50404, 0), opt = -
> Progress 31.2198%, elapsed 294.0 s, iters = (52478, 0), opt = -
> Progress 50.1971%, elapsed 301.4 s, iters = (53596, 0), opt = -
> Progress 50.1971%, elapsed 306.2 s, iters = (53597, 0), opt = -
> Progress 50.1971%, elapsed 306.2 s, iters = (53598, 0), opt = -
> Progress 50.1971%, elapsed 306.2 s, iters = (53599, 0), opt = -
> Progress 50.1971%, elapsed 315.5 s, iters = (53602, 0), opt = -
> Progress 50.1972%, elapsed 315.5 s, iters = (53603, 0), opt = -
> Progress 50.1972%, elapsed 315.5 s, iters = (53604, 0), opt = -
> Progress 50.2032%, elapsed 319.0 s, iters = (53849, 0), opt = -
> Progress 50.2032%, elapsed 321.4 s, iters = (53850, 0), opt = -
> Progress 50.2032%, elapsed 326.1 s, iters = (53855, 0), opt = -
> Progress 50.2932%, elapsed 327.0 s, iters = (53991, 0), opt = -
> Progress 50.3417%, elapsed 330.1 s, iters = (54176, 0), opt = -
> Progress 50.3985%, elapsed 333.0 s, iters = (54873, 0), opt = -
> Progress 50.5373%, elapsed 336.0 s, iters = (55173, 0), opt = -
> Progress 50.5875%, elapsed 346.5 s, iters = (55557, 0), opt = -
> Progress 50.5875%, elapsed 346.5 s, iters = (55558, 0), opt = -
> Progress 50.5875%, elapsed 355.7 s, iters = (55559, 0), opt = -
> Progress 50.5875%, elapsed 355.7 s, iters = (55560, 0), opt = -
> Progress 50.5876%, elapsed 355.7 s, iters = (55561, 0), opt = -
> Progress 50.5876%, elapsed 355.8 s, iters = (55562, 0), opt = -
> Progress 50.5876%, elapsed 360.5 s, iters = (55563, 0), opt = -
> Progress 50.5876%, elapsed 360.5 s, iters = (55564, 0), opt = -
> Progress 50.5936%, elapsed 366.8 s, iters = (55932, 0), opt = -
> Progress 50.5936%, elapsed 366.8 s, iters = (55933, 0), opt = -
> Progress 50.5936%, elapsed 371.5 s, iters = (55934, 0), opt = -
> Progress 50.5937%, elapsed 374.0 s, iters = (55938, 0), opt = -
> Progress 50.6836%, elapsed 384.0 s, iters = (56073, 0), opt = -
> Progress 50.6837%, elapsed 384.0 s, iters = (56074, 0), opt = -
> Progress 50.6837%, elapsed 393.1 s, iters = (56075, 0), opt = -
> Progress 50.6837%, elapsed 393.1 s, iters = (56076, 0), opt = -
> Progress 50.6837%, elapsed 393.1 s, iters = (56077, 0), opt = -
> Progress 50.6837%, elapsed 393.1 s, iters = (56078, 0), opt = -
> Progress 50.6837%, elapsed 397.9 s, iters = (56079, 0), opt = -
> Progress 50.6837%, elapsed 397.9 s, iters = (56080, 0), opt = -
> Progress 50.6859%, elapsed 407.7 s, iters = (56121, 0), opt = -
> Progress 50.686%, elapsed 407.7 s, iters = (56122, 0), opt = -
> Progress 50.686%, elapsed 416.8 s, iters = (56123, 0), opt = -
> Progress 50.686%, elapsed 416.8 s, iters = (56124, 0), opt = -
> Progress 50.686%, elapsed 416.8 s, iters = (56125, 0), opt = -
> Progress 50.686%, elapsed 416.8 s, iters = (56126, 0), opt = -
> Progress 50.686%, elapsed 421.5 s, iters = (56127, 0), opt = -
> Progress 50.686%, elapsed 421.5 s, iters = (56128, 0), opt = -
> Progress 50.6896%, elapsed 423.0 s, iters = (56231, 0), opt = -
> Progress 50.6897%, elapsed 427.8 s, iters = (56236, 0), opt = -
> Progress 50.6898%, elapsed 432.5 s, iters = (56238, 0), opt = -
> Progress 50.6898%, elapsed 432.5 s, iters = (56239, 0), opt = -
> Progress 50.6898%, elapsed 435.0 s, iters = (56249, 0), opt = -
> Progress 50.692%, elapsed 440.0 s, iters = (56284, 0), opt = -
> Progress 50.6921%, elapsed 444.7 s, iters = (56286, 0), opt = -
> Progress 50.6921%, elapsed 444.7 s, iters = (56287, 0), opt = -
> Progress 50.6921%, elapsed 447.1 s, iters = (56290, 0), opt = -
> Progress 51.9046%, elapsed 450.0 s, iters = (56972, 0), opt = -
> Progress 52.1485%, elapsed 461.2 s, iters = (57119, 0), opt = -
> Progress 52.1485%, elapsed 461.2 s, iters = (57120, 0), opt = -
> Progress 52.1485%, elapsed 470.3 s, iters = (57121, 0), opt = -
> Progress 52.1485%, elapsed 470.3 s, iters = (57122, 0), opt = -
> Progress 52.1485%, elapsed 470.3 s, iters = (57123, 0), opt = -
> Progress 52.1485%, elapsed 470.4 s, iters = (57124, 0), opt = -
> Progress 52.1485%, elapsed 475.1 s, iters = (57125, 0), opt = -
> Progress 52.1485%, elapsed 475.1 s, iters = (57126, 0), opt = -
> Progress 52.295%, elapsed 485.1 s, iters = (57193, 0), opt = -
> Progress 52.295%, elapsed 485.1 s, iters = (57194, 0), opt = -
> Progress 52.295%, elapsed 494.1 s, iters = (57195, 0), opt = -
> Progress 52.295%, elapsed 494.1 s, iters = (57196, 0), opt = -
> Progress 52.295%, elapsed 494.1 s, iters = (57197, 0), opt = -
> Progress 52.295%, elapsed 494.2 s, iters = (57198, 0), opt = -
> Progress 52.295%, elapsed 498.8 s, iters = (57199, 0), opt = -
> Progress 52.295%, elapsed 498.8 s, iters = (57200, 0), opt = -
> Progress 52.5408%, elapsed 501.0 s, iters = (57861, 0), opt = -
> Progress 52.5409%, elapsed 506.0 s, iters = (57868, 0), opt = -
> Progress 52.5409%, elapsed 510.7 s, iters = (57869, 0), opt = -
> Progress 52.5409%, elapsed 510.7 s, iters = (57870, 0), opt = -
> Progress 52.5409%, elapsed 519.7 s, iters = (57874, 0), opt = -
> Progress 52.5409%, elapsed 519.7 s, iters = (57875, 0), opt = -
> Progress 52.5409%, elapsed 519.7 s, iters = (57876, 0), opt = -
> Progress 52.547%, elapsed 523.1 s, iters = (58121, 0), opt = -
> Progress 52.547%, elapsed 525.5 s, iters = (58122, 0), opt = -
> Progress 52.547%, elapsed 530.2 s, iters = (58127, 0), opt = -
> Progress 52.7343%, elapsed 531.0 s, iters = (58445, 0), opt = -
> Progress 52.9304%, elapsed 534.0 s, iters = (59099, 0), opt = -
> Progress 52.9313%, elapsed 543.5 s, iters = (59107, 0), opt = -
> Progress 52.9313%, elapsed 543.5 s, iters = (59108, 0), opt = -
> Progress 52.9313%, elapsed 552.5 s, iters = (59109, 0), opt = -
> Progress 52.9313%, elapsed 552.5 s, iters = (59110, 0), opt = -
> Progress 52.9313%, elapsed 552.5 s, iters = (59111, 0), opt = -
> Progress 52.9313%, elapsed 552.6 s, iters = (59112, 0), opt = -
> Progress 52.9313%, elapsed 557.3 s, iters = (59113, 0), opt = -
> Progress 52.9314%, elapsed 558.0 s, iters = (59142, 0), opt = -
> Progress 52.9374%, elapsed 563.3 s, iters = (59456, 0), opt = -
> Progress 52.9374%, elapsed 568.0 s, iters = (59458, 0), opt = -
> Progress 52.9374%, elapsed 568.0 s, iters = (59459, 0), opt = -
> Progress 52.9374%, elapsed 570.5 s, iters = (59462, 0), opt = -
> Progress 62.6971%, elapsed 573.1 s, iters = (60694, 0), opt = -
> Progress 62.6971%, elapsed 578.6 s, iters = (60702, 0), opt = -
> Progress 62.6971%, elapsed 583.4 s, iters = (60703, 0), opt = -
> Progress 62.6971%, elapsed 583.4 s, iters = (60704, 0), opt = -
> Progress 62.6971%, elapsed 592.8 s, iters = (60708, 0), opt = -
> Progress 62.6972%, elapsed 592.8 s, iters = (60709, 0), opt = -
> Progress 62.6972%, elapsed 592.8 s, iters = (60710, 0), opt = -
> Progress 62.7032%, elapsed 596.3 s, iters = (60955, 0), opt = -
> Progress 62.7032%, elapsed 598.7 s, iters = (60956, 0), opt = -
> Progress 62.7032%, elapsed 603.4 s, iters = (60961, 0), opt = -
> Progress 62.7033%, elapsed 603.4 s, iters = (60962, 0), opt = -
> Progress 62.7994%, elapsed 606.1 s, iters = (61128, 0), opt = -
> Progress 62.8952%, elapsed 609.0 s, iters = (61707, 0), opt = -
> Progress 62.9945%, elapsed 612.0 s, iters = (62050, 0), opt = -
> Progress 63.0875%, elapsed 623.0 s, iters = (62521, 0), opt = -
> Progress 63.0875%, elapsed 623.0 s, iters = (62522, 0), opt = -
> Progress 63.0875%, elapsed 632.0 s, iters = (62523, 0), opt = -
> Progress 63.0875%, elapsed 632.0 s, iters = (62524, 0), opt = -
> Progress 63.0876%, elapsed 632.0 s, iters = (62525, 0), opt = -
> Progress 63.0876%, elapsed 632.1 s, iters = (62526, 0), opt = -
> Progress 63.0876%, elapsed 636.7 s, iters = (62527, 0), opt = -
> Progress 63.0876%, elapsed 636.7 s, iters = (62528, 0), opt = -
> Progress 63.0936%, elapsed 642.9 s, iters = (62896, 0), opt = -
> Progress 63.0936%, elapsed 642.9 s, iters = (62897, 0), opt = -
> Progress 63.0936%, elapsed 647.5 s, iters = (62898, 0), opt = -
> Progress 63.0937%, elapsed 649.9 s, iters = (62902, 0), opt = -
> Progress 63.1836%, elapsed 659.7 s, iters = (63037, 0), opt = -
> Progress 63.1837%, elapsed 659.7 s, iters = (63038, 0), opt = -
> Progress 63.1837%, elapsed 668.7 s, iters = (63039, 0), opt = -
> Progress 63.1837%, elapsed 668.7 s, iters = (63040, 0), opt = -
> Progress 63.1837%, elapsed 668.7 s, iters = (63041, 0), opt = -
> Progress 63.1837%, elapsed 668.7 s, iters = (63042, 0), opt = -
> Progress 63.1837%, elapsed 673.3 s, iters = (63043, 0), opt = -
> Progress 63.1837%, elapsed 673.3 s, iters = (63044, 0), opt = -
> Progress 63.1859%, elapsed 683.0 s, iters = (63085, 0), opt = -
> Progress 63.186%, elapsed 683.0 s, iters = (63086, 0), opt = -
> Progress 63.186%, elapsed 691.9 s, iters = (63087, 0), opt = -
> Progress 63.186%, elapsed 691.9 s, iters = (63088, 0), opt = -
> Progress 63.186%, elapsed 691.9 s, iters = (63089, 0), opt = -
> Progress 63.186%, elapsed 691.9 s, iters = (63090, 0), opt = -
> Progress 63.186%, elapsed 696.5 s, iters = (63091, 0), opt = -
> Progress 63.186%, elapsed 696.5 s, iters = (63092, 0), opt = -
> Progress 63.1897%, elapsed 702.7 s, iters = (63200, 0), opt = -
> Progress 63.1898%, elapsed 702.7 s, iters = (63201, 0), opt = -
> Progress 63.1898%, elapsed 707.3 s, iters = (63202, 0), opt = -
> Progress 63.1898%, elapsed 709.7 s, iters = (63206, 0), opt = -
> Progress 63.192%, elapsed 714.7 s, iters = (63248, 0), opt = -
> Progress 63.1921%, elapsed 714.7 s, iters = (63249, 0), opt = -
> Progress 63.1921%, elapsed 719.3 s, iters = (63250, 0), opt = -
> Progress 63.1921%, elapsed 721.7 s, iters = (63254, 0), opt = -
> Progress 64.2579%, elapsed 723.0 s, iters = (63851, 0), opt = -
> Progress 64.5998%, elapsed 726.0 s, iters = (64034, 0), opt = -
> Progress 64.6485%, elapsed 735.7 s, iters = (64083, 0), opt = -
> Progress 64.6485%, elapsed 735.7 s, iters = (64084, 0), opt = -
> Progress 64.6485%, elapsed 744.7 s, iters = (64085, 0), opt = -
> Progress 64.6485%, elapsed 744.7 s, iters = (64086, 0), opt = -
> Progress 64.6485%, elapsed 744.7 s, iters = (64087, 0), opt = -
> Progress 64.6485%, elapsed 744.8 s, iters = (64088, 0), opt = -
> Progress 64.6485%, elapsed 749.5 s, iters = (64089, 0), opt = -
> Progress 64.6487%, elapsed 750.0 s, iters = (64120, 0), opt = -
> Progress 64.795%, elapsed 759.4 s, iters = (64157, 0), opt = -
> Progress 64.795%, elapsed 759.4 s, iters = (64158, 0), opt = -
> Progress 64.795%, elapsed 768.3 s, iters = (64159, 0), opt = -
> Progress 64.795%, elapsed 768.3 s, iters = (64160, 0), opt = -
> Progress 64.795%, elapsed 768.3 s, iters = (64161, 0), opt = -
> Progress 64.795%, elapsed 768.4 s, iters = (64162, 0), opt = -
> Progress 64.795%, elapsed 773.0 s, iters = (64163, 0), opt = -
> Progress 65.0405%, elapsed 774.0 s, iters = (64800, 0), opt = -
> Progress 65.0409%, elapsed 780.1 s, iters = (64832, 0), opt = -
> Progress 65.0409%, elapsed 784.8 s, iters = (64833, 0), opt = -
> Progress 65.0409%, elapsed 784.8 s, iters = (64834, 0), opt = -
> Progress 65.0409%, elapsed 793.7 s, iters = (64838, 0), opt = -
> Progress 65.0409%, elapsed 793.7 s, iters = (64839, 0), opt = -
> Progress 65.0409%, elapsed 793.7 s, iters = (64840, 0), opt = -
> Progress 65.047%, elapsed 797.1 s, iters = (65085, 0), opt = -
> Progress 65.047%, elapsed 799.5 s, iters = (65086, 0), opt = -
> Progress 65.047%, elapsed 804.1 s, iters = (65091, 0), opt = -
> Progress 65.047%, elapsed 804.1 s, iters = (65092, 0), opt = -
> Progress 65.3808%, elapsed 807.1 s, iters = (65744, 0), opt = -
> Progress 65.4313%, elapsed 816.9 s, iters = (65997, 0), opt = -
> Progress 65.4313%, elapsed 816.9 s, iters = (65998, 0), opt = -
> Progress 65.4313%, elapsed 825.8 s, iters = (65999, 0), opt = -
> Progress 65.4313%, elapsed 825.8 s, iters = (66000, 0), opt = -
> Progress 65.4313%, elapsed 825.8 s, iters = (66001, 0), opt = -
> Progress 65.4313%, elapsed 825.9 s, iters = (66002, 0), opt = -
> Progress 65.4313%, elapsed 830.5 s, iters = (66003, 0), opt = -
> Progress 65.4314%, elapsed 831.0 s, iters = (66015, 0), opt = -
> Progress 65.4374%, elapsed 836.4 s, iters = (66346, 0), opt = -
> Progress 65.4374%, elapsed 841.0 s, iters = (66348, 0), opt = -
> Progress 65.4374%, elapsed 841.0 s, iters = (66349, 0), opt = -
> Progress 65.4374%, elapsed 843.4 s, iters = (66352, 0), opt = -

--------------------
Synthesis summary
constraint 1: LRA>3/5 ["goal1"]
constraint 2: LRA>3/5 ["goal2"]

method: AR, synthesis time: 844.25 s
number of holes: 12, family size: 16777216, super quotient: 27 states / 90 actions
explored: 100 %
AR stats: avg MDP size: 19, iterations: 66709

feasible: no
--------------------

