2023-04-15 19:47:03,899 - cli.py - This is Paynt version 0.1.0.
2023-04-15 19:47:03,899 - sketch.py - loading sketch from ./models/pomdp/no-goal-state/blind-nanny/sketch.templ ...
2023-04-15 19:47:03,901 - prism_parser.py - PRISM model type: PrismModelType.POMDP
2023-04-15 19:47:03,901 - prism_parser.py - loading properties from ./models/pomdp/no-goal-state/blind-nanny/sketch.props ...
2023-04-15 19:47:03,902 - prism_parser.py - found the following specification: constraints: LRA>3/5 ["goal1"],LRA>3/5 ["goal2"], optimality objective: none
2023-04-15 19:47:03,917 - sketch.py - constructed explicit quotient having 27 states and 90 actions
2023-04-15 19:47:03,917 - sketch.py - found the following specification constraints: LRA>3/5 ["goal1"],LRA>3/5 ["goal2"], optimality objective: none
2023-04-15 19:47:03,918 - quotient_pomdp.py - Constructed POMDP having 15 observations.
2023-04-15 19:47:03,918 - quotient_pomdp.py - Unfolding POMDP using the following memory allocation vector: [1, 1, 1, 1, 1, 1, 1, 1, 1, 1, 1, 1, 1, 1, 1] ...
2023-04-15 19:47:03,918 - quotient_pomdp.py - Constructed quotient MDP having 27 states and 90 actions.
2023-04-15 19:47:03,919 - synthesizer.py - Synthesis initiated.
> Progress 3.322%, elapsed 3.1 s, iters = (958, 0), opt = -
> Progress 3.3221%, elapsed 31.1 s, iters = (976, 0), opt = -
> Progress 3.3221%, elapsed 56.5 s, iters = (977, 0), opt = -
> Progress 3.3221%, elapsed 56.5 s, iters = (978, 0), opt = -
> Progress 3.3221%, elapsed 56.5 s, iters = (979, 0), opt = -
> Progress 3.3221%, elapsed 56.5 s, iters = (980, 0), opt = -
> Progress 3.3221%, elapsed 56.5 s, iters = (981, 0), opt = -
> Progress 3.3221%, elapsed 106.2 s, iters = (982, 0), opt = -
> Progress 3.3222%, elapsed 106.2 s, iters = (983, 0), opt = -
> Progress 3.3222%, elapsed 106.2 s, iters = (984, 0), opt = -
> Progress 3.3222%, elapsed 106.2 s, iters = (985, 0), opt = -
> Progress 3.3222%, elapsed 106.2 s, iters = (986, 0), opt = -
> Progress 3.3226%, elapsed 106.2 s, iters = (987, 0), opt = -
> Progress 3.3226%, elapsed 106.2 s, iters = (988, 0), opt = -
> Progress 3.3226%, elapsed 106.2 s, iters = (989, 0), opt = -
> Progress 3.3226%, elapsed 106.2 s, iters = (990, 0), opt = -
> Progress 3.3226%, elapsed 106.2 s, iters = (991, 0), opt = -
> Progress 3.3226%, elapsed 106.2 s, iters = (992, 0), opt = -
> Progress 3.3226%, elapsed 106.2 s, iters = (993, 0), opt = -
> Progress 3.3226%, elapsed 106.2 s, iters = (994, 0), opt = -
> Progress 3.3226%, elapsed 106.2 s, iters = (995, 0), opt = -
> Progress 3.3226%, elapsed 106.2 s, iters = (996, 0), opt = -
> Progress 3.3226%, elapsed 106.2 s, iters = (997, 0), opt = -
> Progress 3.3226%, elapsed 106.2 s, iters = (998, 0), opt = -
> Progress 3.3226%, elapsed 106.2 s, iters = (999, 0), opt = -
> Progress 3.3226%, elapsed 106.2 s, iters = (1000, 0), opt = -
> Progress 3.3227%, elapsed 106.2 s, iters = (1001, 0), opt = -
> Progress 3.3227%, elapsed 106.2 s, iters = (1002, 0), opt = -
> Progress 3.3227%, elapsed 106.2 s, iters = (1003, 0), opt = -
> Progress 3.3227%, elapsed 106.2 s, iters = (1004, 0), opt = -
> Progress 3.3227%, elapsed 106.2 s, iters = (1005, 0), opt = -
> Progress 3.3227%, elapsed 106.2 s, iters = (1006, 0), opt = -
> Progress 3.3227%, elapsed 106.2 s, iters = (1007, 0), opt = -
> Progress 3.3227%, elapsed 106.2 s, iters = (1008, 0), opt = -
> Progress 3.3227%, elapsed 106.2 s, iters = (1009, 0), opt = -
> Progress 3.3281%, elapsed 108.1 s, iters = (1218, 0), opt = -
> Progress 3.3282%, elapsed 122.1 s, iters = (1233, 0), opt = -
> Progress 3.3282%, elapsed 134.9 s, iters = (1234, 0), opt = -
> Progress 3.3282%, elapsed 134.9 s, iters = (1235, 0), opt = -
> Progress 3.3282%, elapsed 134.9 s, iters = (1236, 0), opt = -
> Progress 3.3282%, elapsed 134.9 s, iters = (1237, 0), opt = -
> Progress 3.3282%, elapsed 134.9 s, iters = (1238, 0), opt = -
> Progress 3.3282%, elapsed 160.1 s, iters = (1239, 0), opt = -
> Progress 3.3283%, elapsed 160.1 s, iters = (1240, 0), opt = -
> Progress 3.3283%, elapsed 160.1 s, iters = (1241, 0), opt = -
> Progress 3.3283%, elapsed 160.1 s, iters = (1242, 0), opt = -
> Progress 3.3283%, elapsed 160.1 s, iters = (1243, 0), opt = -
> Progress 3.3287%, elapsed 160.1 s, iters = (1244, 0), opt = -
> Progress 3.3287%, elapsed 160.1 s, iters = (1245, 0), opt = -
> Progress 3.3287%, elapsed 160.1 s, iters = (1246, 0), opt = -
> Progress 3.3287%, elapsed 160.1 s, iters = (1247, 0), opt = -
> Progress 3.3287%, elapsed 160.1 s, iters = (1248, 0), opt = -
> Progress 3.3287%, elapsed 160.1 s, iters = (1249, 0), opt = -
> Progress 3.4181%, elapsed 162.0 s, iters = (1374, 0), opt = -
> Progress 3.4204%, elapsed 165.1 s, iters = (1415, 0), opt = -
> Progress 3.4242%, elapsed 168.0 s, iters = (1464, 0), opt = -
> Progress 3.4272%, elapsed 171.0 s, iters = (1535, 0), opt = -
> Progress 3.5171%, elapsed 174.2 s, iters = (2001, 0), opt = -
> Progress 3.5174%, elapsed 177.2 s, iters = (2035, 0), opt = -
> Progress 3.5235%, elapsed 180.1 s, iters = (2292, 0), opt = -
> Progress 3.6155%, elapsed 183.1 s, iters = (2415, 0), opt = -
> Progress 3.6193%, elapsed 186.0 s, iters = (2503, 0), opt = -
> Progress 3.6645%, elapsed 189.0 s, iters = (2667, 0), opt = -
> Progress 3.7125%, elapsed 192.1 s, iters = (3000, 0), opt = -
> Progress 3.7125%, elapsed 242.2 s, iters = (3001, 0), opt = -
> Progress 3.7125%, elapsed 242.2 s, iters = (3002, 0), opt = -
> Progress 3.7125%, elapsed 292.2 s, iters = (3003, 0), opt = -
> Progress 3.7125%, elapsed 292.2 s, iters = (3004, 0), opt = -
> Progress 3.7126%, elapsed 292.2 s, iters = (3005, 0), opt = -
> Progress 3.7126%, elapsed 292.5 s, iters = (3006, 0), opt = -
> Progress 3.7126%, elapsed 318.1 s, iters = (3007, 0), opt = -
> Progress 3.7126%, elapsed 318.1 s, iters = (3008, 0), opt = -
> Progress 3.7126%, elapsed 318.1 s, iters = (3009, 0), opt = -
> Progress 3.7126%, elapsed 318.4 s, iters = (3010, 0), opt = -
> Progress 3.7126%, elapsed 318.4 s, iters = (3011, 0), opt = -
> Progress 3.7126%, elapsed 318.4 s, iters = (3012, 0), opt = -
> Progress 3.7126%, elapsed 318.4 s, iters = (3013, 0), opt = -
> Progress 3.7126%, elapsed 318.4 s, iters = (3014, 0), opt = -
> Progress 3.7126%, elapsed 318.7 s, iters = (3015, 0), opt = -
> Progress 3.7126%, elapsed 319.0 s, iters = (3016, 0), opt = -
> Progress 3.7126%, elapsed 319.4 s, iters = (3017, 0), opt = -
> Progress 3.7126%, elapsed 319.4 s, iters = (3018, 0), opt = -
> Progress 3.7126%, elapsed 319.8 s, iters = (3019, 0), opt = -
> Progress 3.7126%, elapsed 319.8 s, iters = (3020, 0), opt = -
> Progress 3.7126%, elapsed 319.8 s, iters = (3021, 0), opt = -
> Progress 3.7126%, elapsed 319.8 s, iters = (3022, 0), opt = -
> Progress 3.7127%, elapsed 319.8 s, iters = (3023, 0), opt = -
> Progress 3.7127%, elapsed 319.8 s, iters = (3024, 0), opt = -
> Progress 3.7127%, elapsed 319.8 s, iters = (3025, 0), opt = -
> Progress 3.7127%, elapsed 319.8 s, iters = (3026, 0), opt = -
> Progress 3.7127%, elapsed 319.8 s, iters = (3027, 0), opt = -
> Progress 3.7127%, elapsed 319.8 s, iters = (3028, 0), opt = -
> Progress 3.7127%, elapsed 319.8 s, iters = (3029, 0), opt = -
> Progress 3.7127%, elapsed 319.8 s, iters = (3030, 0), opt = -
> Progress 3.7127%, elapsed 319.8 s, iters = (3031, 0), opt = -
> Progress 3.7127%, elapsed 319.8 s, iters = (3032, 0), opt = -
> Progress 3.7127%, elapsed 319.8 s, iters = (3033, 0), opt = -
> Progress 3.7127%, elapsed 319.8 s, iters = (3034, 0), opt = -
> Progress 3.7127%, elapsed 320.1 s, iters = (3035, 0), opt = -
> Progress 3.7127%, elapsed 320.4 s, iters = (3036, 0), opt = -
> Progress 3.7127%, elapsed 320.4 s, iters = (3037, 0), opt = -
> Progress 3.7127%, elapsed 320.8 s, iters = (3038, 0), opt = -
> Progress 3.7127%, elapsed 320.8 s, iters = (3039, 0), opt = -
> Progress 3.7127%, elapsed 320.8 s, iters = (3040, 0), opt = -
> Progress 3.7127%, elapsed 320.8 s, iters = (3041, 0), opt = -
> Progress 3.7127%, elapsed 320.8 s, iters = (3042, 0), opt = -
> Progress 3.7155%, elapsed 321.0 s, iters = (3198, 0), opt = -
> Progress 3.7186%, elapsed 348.1 s, iters = (3388, 0), opt = -
> Progress 3.7186%, elapsed 348.1 s, iters = (3389, 0), opt = -
> Progress 3.7186%, elapsed 373.6 s, iters = (3390, 0), opt = -
> Progress 3.7186%, elapsed 373.6 s, iters = (3391, 0), opt = -
> Progress 3.7187%, elapsed 373.6 s, iters = (3392, 0), opt = -
> Progress 3.7187%, elapsed 373.7 s, iters = (3393, 0), opt = -
> Progress 3.7187%, elapsed 386.6 s, iters = (3394, 0), opt = -
> Progress 3.7187%, elapsed 386.6 s, iters = (3395, 0), opt = -
> Progress 3.7187%, elapsed 386.6 s, iters = (3396, 0), opt = -
> Progress 3.7187%, elapsed 386.8 s, iters = (3397, 0), opt = -
> Progress 3.7187%, elapsed 386.8 s, iters = (3398, 0), opt = -
> Progress 3.7187%, elapsed 386.8 s, iters = (3399, 0), opt = -
> Progress 3.7187%, elapsed 386.8 s, iters = (3400, 0), opt = -
> Progress 3.7187%, elapsed 386.8 s, iters = (3401, 0), opt = -
> Progress 3.7187%, elapsed 387.0 s, iters = (3402, 0), opt = -
> Progress 3.7187%, elapsed 387.1 s, iters = (3403, 0), opt = -
> Progress 3.7187%, elapsed 387.3 s, iters = (3404, 0), opt = -
> Progress 3.7187%, elapsed 387.3 s, iters = (3405, 0), opt = -
> Progress 3.7187%, elapsed 387.5 s, iters = (3406, 0), opt = -
> Progress 3.7187%, elapsed 387.5 s, iters = (3407, 0), opt = -
> Progress 3.7187%, elapsed 387.5 s, iters = (3408, 0), opt = -
> Progress 3.7187%, elapsed 387.5 s, iters = (3409, 0), opt = -
> Progress 3.8086%, elapsed 439.7 s, iters = (3535, 0), opt = -
> Progress 3.8087%, elapsed 439.7 s, iters = (3536, 0), opt = -
> Progress 3.8087%, elapsed 490.3 s, iters = (3537, 0), opt = -
> Progress 3.8087%, elapsed 490.3 s, iters = (3538, 0), opt = -
> Progress 3.8087%, elapsed 490.3 s, iters = (3539, 0), opt = -
> Progress 3.8087%, elapsed 490.5 s, iters = (3540, 0), opt = -
> Progress 3.8087%, elapsed 515.9 s, iters = (3541, 0), opt = -
> Progress 3.8087%, elapsed 515.9 s, iters = (3542, 0), opt = -
> Progress 3.8087%, elapsed 515.9 s, iters = (3543, 0), opt = -
> Progress 3.8087%, elapsed 516.1 s, iters = (3544, 0), opt = -
> Progress 3.8087%, elapsed 516.1 s, iters = (3545, 0), opt = -
> Progress 3.8087%, elapsed 516.1 s, iters = (3546, 0), opt = -
> Progress 3.8087%, elapsed 516.2 s, iters = (3547, 0), opt = -
> Progress 3.8087%, elapsed 516.3 s, iters = (3548, 0), opt = -
> Progress 3.8087%, elapsed 516.6 s, iters = (3549, 0), opt = -
> Progress 3.8088%, elapsed 516.6 s, iters = (3550, 0), opt = -
> Progress 3.8088%, elapsed 516.8 s, iters = (3551, 0), opt = -
> Progress 3.8088%, elapsed 516.8 s, iters = (3552, 0), opt = -
> Progress 3.8088%, elapsed 516.8 s, iters = (3553, 0), opt = -
> Progress 3.8088%, elapsed 516.8 s, iters = (3554, 0), opt = -
> Progress 3.8088%, elapsed 516.8 s, iters = (3555, 0), opt = -
> Progress 3.8088%, elapsed 516.8 s, iters = (3556, 0), opt = -
> Progress 3.8088%, elapsed 516.8 s, iters = (3557, 0), opt = -
> Progress 3.8088%, elapsed 516.8 s, iters = (3558, 0), opt = -
> Progress 3.8088%, elapsed 516.8 s, iters = (3559, 0), opt = -
> Progress 3.8088%, elapsed 516.8 s, iters = (3560, 0), opt = -
> Progress 3.8088%, elapsed 517.0 s, iters = (3561, 0), opt = -
> Progress 3.8088%, elapsed 517.2 s, iters = (3562, 0), opt = -
> Progress 3.8089%, elapsed 517.2 s, iters = (3563, 0), opt = -
> Progress 3.8089%, elapsed 517.5 s, iters = (3564, 0), opt = -
> Progress 3.8089%, elapsed 517.5 s, iters = (3565, 0), opt = -
> Progress 3.8089%, elapsed 517.5 s, iters = (3566, 0), opt = -
> Progress 3.8089%, elapsed 517.5 s, iters = (3567, 0), opt = -
> Progress 3.8089%, elapsed 517.5 s, iters = (3568, 0), opt = -
> Progress 3.8089%, elapsed 517.5 s, iters = (3569, 0), opt = -
> Progress 3.8089%, elapsed 517.5 s, iters = (3570, 0), opt = -
> Progress 3.8089%, elapsed 517.5 s, iters = (3571, 0), opt = -
> Progress 3.8089%, elapsed 517.5 s, iters = (3572, 0), opt = -
> Progress 3.8089%, elapsed 517.5 s, iters = (3573, 0), opt = -
> Progress 3.8093%, elapsed 517.5 s, iters = (3574, 0), opt = -
> Progress 3.8101%, elapsed 517.5 s, iters = (3575, 0), opt = -
> Progress 3.8101%, elapsed 517.6 s, iters = (3576, 0), opt = -
> Progress 3.8108%, elapsed 517.8 s, iters = (3577, 0), opt = -
> Progress 3.8109%, elapsed 567.9 s, iters = (3589, 0), opt = -
> Progress 3.811%, elapsed 567.9 s, iters = (3590, 0), opt = -
> Progress 3.811%, elapsed 617.7 s, iters = (3591, 0), opt = -
> Progress 3.811%, elapsed 617.7 s, iters = (3592, 0), opt = -
> Progress 3.811%, elapsed 617.7 s, iters = (3593, 0), opt = -
> Progress 3.811%, elapsed 617.9 s, iters = (3594, 0), opt = -
> Progress 3.811%, elapsed 643.1 s, iters = (3595, 0), opt = -
> Progress 3.811%, elapsed 643.1 s, iters = (3596, 0), opt = -
> Progress 3.811%, elapsed 643.1 s, iters = (3597, 0), opt = -
> Progress 3.811%, elapsed 643.2 s, iters = (3598, 0), opt = -
> Progress 3.811%, elapsed 643.2 s, iters = (3599, 0), opt = -
> Progress 3.811%, elapsed 643.2 s, iters = (3600, 0), opt = -
> Progress 3.811%, elapsed 643.4 s, iters = (3601, 0), opt = -
> Progress 3.811%, elapsed 643.5 s, iters = (3602, 0), opt = -
> Progress 3.811%, elapsed 643.7 s, iters = (3603, 0), opt = -
> Progress 3.811%, elapsed 643.7 s, iters = (3604, 0), opt = -
> Progress 3.811%, elapsed 644.0 s, iters = (3605, 0), opt = -
> Progress 3.8111%, elapsed 644.0 s, iters = (3606, 0), opt = -
> Progress 3.8111%, elapsed 644.0 s, iters = (3607, 0), opt = -
> Progress 3.8111%, elapsed 644.0 s, iters = (3608, 0), opt = -
> Progress 3.8111%, elapsed 644.0 s, iters = (3609, 0), opt = -
> Progress 3.8111%, elapsed 644.0 s, iters = (3610, 0), opt = -
> Progress 3.8111%, elapsed 644.0 s, iters = (3611, 0), opt = -
> Progress 3.8111%, elapsed 644.0 s, iters = (3612, 0), opt = -
> Progress 3.8111%, elapsed 644.0 s, iters = (3613, 0), opt = -
> Progress 3.8111%, elapsed 644.0 s, iters = (3614, 0), opt = -
> Progress 3.8111%, elapsed 644.1 s, iters = (3615, 0), opt = -
> Progress 3.8111%, elapsed 644.3 s, iters = (3616, 0), opt = -
> Progress 3.8111%, elapsed 644.3 s, iters = (3617, 0), opt = -
> Progress 3.8111%, elapsed 644.6 s, iters = (3618, 0), opt = -
> Progress 3.8112%, elapsed 644.6 s, iters = (3619, 0), opt = -
> Progress 3.8112%, elapsed 644.6 s, iters = (3620, 0), opt = -
> Progress 3.8112%, elapsed 644.6 s, iters = (3621, 0), opt = -
> Progress 3.8112%, elapsed 644.6 s, iters = (3622, 0), opt = -
> Progress 3.8112%, elapsed 644.6 s, iters = (3623, 0), opt = -
> Progress 3.8112%, elapsed 644.6 s, iters = (3624, 0), opt = -
> Progress 3.8112%, elapsed 644.6 s, iters = (3625, 0), opt = -
> Progress 3.8112%, elapsed 644.6 s, iters = (3626, 0), opt = -
> Progress 3.8112%, elapsed 644.6 s, iters = (3627, 0), opt = -
> Progress 3.8116%, elapsed 644.6 s, iters = (3628, 0), opt = -
> Progress 3.8116%, elapsed 644.7 s, iters = (3629, 0), opt = -
> Progress 3.8116%, elapsed 644.7 s, iters = (3630, 0), opt = -
> Progress 3.8118%, elapsed 645.0 s, iters = (3634, 0), opt = -
> Progress 3.8147%, elapsed 673.1 s, iters = (3710, 0), opt = -
> Progress 3.8148%, elapsed 673.1 s, iters = (3711, 0), opt = -
> Progress 3.8148%, elapsed 698.5 s, iters = (3712, 0), opt = -
> Progress 3.8148%, elapsed 698.5 s, iters = (3713, 0), opt = -
> Progress 3.8148%, elapsed 698.5 s, iters = (3714, 0), opt = -
> Progress 3.8148%, elapsed 698.6 s, iters = (3715, 0), opt = -
> Progress 3.8148%, elapsed 711.7 s, iters = (3716, 0), opt = -
> Progress 3.8148%, elapsed 711.7 s, iters = (3717, 0), opt = -
> Progress 3.8148%, elapsed 711.7 s, iters = (3718, 0), opt = -
> Progress 3.8148%, elapsed 711.8 s, iters = (3719, 0), opt = -
> Progress 3.8148%, elapsed 711.8 s, iters = (3720, 0), opt = -
> Progress 3.8148%, elapsed 711.8 s, iters = (3721, 0), opt = -
> Progress 3.8148%, elapsed 711.8 s, iters = (3722, 0), opt = -
> Progress 3.8148%, elapsed 711.9 s, iters = (3723, 0), opt = -
> Progress 3.8148%, elapsed 712.0 s, iters = (3724, 0), opt = -
> Progress 3.8149%, elapsed 712.0 s, iters = (3725, 0), opt = -
> Progress 3.8149%, elapsed 712.2 s, iters = (3726, 0), opt = -
> Progress 3.8149%, elapsed 712.2 s, iters = (3727, 0), opt = -
> Progress 3.8149%, elapsed 712.2 s, iters = (3728, 0), opt = -
> Progress 3.8149%, elapsed 712.2 s, iters = (3729, 0), opt = -
> Progress 3.8149%, elapsed 712.2 s, iters = (3730, 0), opt = -
> Progress 3.8149%, elapsed 712.2 s, iters = (3731, 0), opt = -
> Progress 3.817%, elapsed 738.2 s, iters = (3764, 0), opt = -
> Progress 3.8171%, elapsed 738.2 s, iters = (3765, 0), opt = -
> Progress 3.8171%, elapsed 763.1 s, iters = (3766, 0), opt = -
> Progress 3.8171%, elapsed 763.1 s, iters = (3767, 0), opt = -
> Progress 3.8171%, elapsed 763.1 s, iters = (3768, 0), opt = -
> Progress 3.8171%, elapsed 763.1 s, iters = (3769, 0), opt = -
> Progress 3.8171%, elapsed 775.8 s, iters = (3770, 0), opt = -
> Progress 3.8171%, elapsed 775.8 s, iters = (3771, 0), opt = -
> Progress 3.8171%, elapsed 775.8 s, iters = (3772, 0), opt = -
> Progress 3.8171%, elapsed 775.9 s, iters = (3773, 0), opt = -
> Progress 3.8171%, elapsed 775.9 s, iters = (3774, 0), opt = -
> Progress 3.8171%, elapsed 775.9 s, iters = (3775, 0), opt = -
> Progress 3.8171%, elapsed 775.9 s, iters = (3776, 0), opt = -
> Progress 3.8171%, elapsed 776.0 s, iters = (3777, 0), opt = -
> Progress 3.8171%, elapsed 776.1 s, iters = (3778, 0), opt = -
> Progress 3.8172%, elapsed 776.1 s, iters = (3779, 0), opt = -
> Progress 3.8172%, elapsed 776.3 s, iters = (3780, 0), opt = -
> Progress 3.8172%, elapsed 776.3 s, iters = (3781, 0), opt = -
> Progress 3.8172%, elapsed 776.3 s, iters = (3782, 0), opt = -
> Progress 3.8172%, elapsed 776.3 s, iters = (3783, 0), opt = -
> Progress 3.8172%, elapsed 776.3 s, iters = (3784, 0), opt = -
> Progress 3.8589%, elapsed 777.3 s, iters = (3885, 0), opt = -
> Progress 4.883%, elapsed 780.1 s, iters = (4421, 0), opt = -
> Progress 5.0295%, elapsed 783.0 s, iters = (4485, 0), opt = -
> Progress 5.0784%, elapsed 786.1 s, iters = (4558, 0), opt = -
> Progress 5.2307%, elapsed 789.1 s, iters = (4646, 0), opt = -
> Progress 5.2735%, elapsed 839.9 s, iters = (4671, 0), opt = -
> Progress 5.2735%, elapsed 839.9 s, iters = (4672, 0), opt = -
> Progress 5.2735%, elapsed 890.8 s, iters = (4673, 0), opt = -
> Progress 5.2735%, elapsed 890.8 s, iters = (4674, 0), opt = -
> Progress 5.2735%, elapsed 890.8 s, iters = (4675, 0), opt = -
> Progress 5.2735%, elapsed 890.9 s, iters = (4676, 0), opt = -
> Progress 5.2735%, elapsed 916.5 s, iters = (4677, 0), opt = -
> Progress 5.2735%, elapsed 916.5 s, iters = (4678, 0), opt = -
> Progress 5.2736%, elapsed 916.5 s, iters = (4679, 0), opt = -
> Progress 5.2736%, elapsed 916.6 s, iters = (4680, 0), opt = -
> Progress 5.2736%, elapsed 916.6 s, iters = (4681, 0), opt = -
> Progress 5.2736%, elapsed 916.6 s, iters = (4682, 0), opt = -
> Progress 5.2736%, elapsed 916.6 s, iters = (4683, 0), opt = -
> Progress 5.2736%, elapsed 916.6 s, iters = (4684, 0), opt = -
> Progress 5.2736%, elapsed 916.7 s, iters = (4685, 0), opt = -
> Progress 5.2736%, elapsed 916.9 s, iters = (4686, 0), opt = -
> Progress 5.2736%, elapsed 917.1 s, iters = (4687, 0), opt = -
> Progress 5.2736%, elapsed 917.1 s, iters = (4688, 0), opt = -
> Progress 5.2736%, elapsed 917.4 s, iters = (4689, 0), opt = -
> Progress 5.2736%, elapsed 917.4 s, iters = (4690, 0), opt = -
> Progress 5.2736%, elapsed 917.4 s, iters = (4691, 0), opt = -
> Progress 5.2736%, elapsed 917.4 s, iters = (4692, 0), opt = -
> Progress 5.2736%, elapsed 917.4 s, iters = (4693, 0), opt = -
> Progress 5.2736%, elapsed 917.4 s, iters = (4694, 0), opt = -
> Progress 5.2736%, elapsed 917.4 s, iters = (4695, 0), opt = -
> Progress 5.2736%, elapsed 917.4 s, iters = (4696, 0), opt = -
> Progress 5.2736%, elapsed 917.4 s, iters = (4697, 0), opt = -
> Progress 5.2736%, elapsed 917.4 s, iters = (4698, 0), opt = -
> Progress 5.2736%, elapsed 917.4 s, iters = (4699, 0), opt = -
> Progress 5.2736%, elapsed 917.4 s, iters = (4700, 0), opt = -
> Progress 5.2737%, elapsed 917.4 s, iters = (4701, 0), opt = -
> Progress 5.2737%, elapsed 917.4 s, iters = (4702, 0), opt = -
> Progress 5.2737%, elapsed 917.4 s, iters = (4703, 0), opt = -
> Progress 5.2737%, elapsed 917.4 s, iters = (4704, 0), opt = -
> Progress 5.2737%, elapsed 917.5 s, iters = (4705, 0), opt = -
> Progress 5.2737%, elapsed 917.8 s, iters = (4706, 0), opt = -
> Progress 5.2737%, elapsed 917.8 s, iters = (4707, 0), opt = -
> Progress 5.2737%, elapsed 918.0 s, iters = (4708, 0), opt = -
> Progress 5.2737%, elapsed 918.0 s, iters = (4709, 0), opt = -
> Progress 5.2737%, elapsed 918.0 s, iters = (4710, 0), opt = -
> Progress 5.2737%, elapsed 918.0 s, iters = (4711, 0), opt = -
> Progress 5.2737%, elapsed 918.0 s, iters = (4712, 0), opt = -
> Progress 5.2737%, elapsed 918.0 s, iters = (4713, 0), opt = -
> Progress 5.42%, elapsed 969.0 s, iters = (4753, 0), opt = -
> Progress 5.42%, elapsed 969.0 s, iters = (4754, 0), opt = -
> Progress 5.42%, elapsed 1020.3 s, iters = (4755, 0), opt = -
> Progress 5.42%, elapsed 1020.3 s, iters = (4756, 0), opt = -
> Progress 5.42%, elapsed 1020.3 s, iters = (4757, 0), opt = -
> Progress 5.42%, elapsed 1020.4 s, iters = (4758, 0), opt = -
> Progress 5.42%, elapsed 1046.4 s, iters = (4759, 0), opt = -
> Progress 5.42%, elapsed 1046.4 s, iters = (4760, 0), opt = -
> Progress 5.42%, elapsed 1046.4 s, iters = (4761, 0), opt = -
> Progress 5.42%, elapsed 1046.5 s, iters = (4762, 0), opt = -
> Progress 5.4201%, elapsed 1046.5 s, iters = (4763, 0), opt = -
> Progress 5.4201%, elapsed 1046.5 s, iters = (4764, 0), opt = -
> Progress 5.4201%, elapsed 1046.5 s, iters = (4765, 0), opt = -
> Progress 5.4201%, elapsed 1046.5 s, iters = (4766, 0), opt = -
> Progress 5.4201%, elapsed 1046.6 s, iters = (4767, 0), opt = -
> Progress 5.4201%, elapsed 1046.8 s, iters = (4768, 0), opt = -
> Progress 5.4201%, elapsed 1047.0 s, iters = (4769, 0), opt = -
> Progress 5.4201%, elapsed 1047.0 s, iters = (4770, 0), opt = -
> Progress 5.4201%, elapsed 1047.2 s, iters = (4771, 0), opt = -
> Progress 5.4201%, elapsed 1047.2 s, iters = (4772, 0), opt = -
> Progress 5.4201%, elapsed 1047.2 s, iters = (4773, 0), opt = -
> Progress 5.4201%, elapsed 1047.2 s, iters = (4774, 0), opt = -
> Progress 5.4201%, elapsed 1047.2 s, iters = (4775, 0), opt = -
> Progress 5.4201%, elapsed 1047.2 s, iters = (4776, 0), opt = -
> Progress 5.4201%, elapsed 1047.2 s, iters = (4777, 0), opt = -
> Progress 5.4201%, elapsed 1047.2 s, iters = (4778, 0), opt = -
> Progress 5.4201%, elapsed 1047.2 s, iters = (4779, 0), opt = -
> Progress 5.4201%, elapsed 1047.2 s, iters = (4780, 0), opt = -
> Progress 5.4201%, elapsed 1047.2 s, iters = (4781, 0), opt = -
> Progress 5.4201%, elapsed 1047.2 s, iters = (4782, 0), opt = -
> Progress 5.4201%, elapsed 1047.2 s, iters = (4783, 0), opt = -
> Progress 5.4201%, elapsed 1047.2 s, iters = (4784, 0), opt = -
> Progress 5.4202%, elapsed 1047.2 s, iters = (4785, 0), opt = -
> Progress 5.4202%, elapsed 1047.2 s, iters = (4786, 0), opt = -
> Progress 5.4202%, elapsed 1047.4 s, iters = (4787, 0), opt = -
> Progress 5.4202%, elapsed 1047.6 s, iters = (4788, 0), opt = -
> Progress 5.4202%, elapsed 1047.6 s, iters = (4789, 0), opt = -
> Progress 5.4202%, elapsed 1047.9 s, iters = (4790, 0), opt = -
> Progress 5.4202%, elapsed 1047.9 s, iters = (4791, 0), opt = -
> Progress 5.4202%, elapsed 1047.9 s, iters = (4792, 0), opt = -
> Progress 5.4202%, elapsed 1047.9 s, iters = (4793, 0), opt = -
> Progress 5.4202%, elapsed 1047.9 s, iters = (4794, 0), opt = -
> Progress 5.4202%, elapsed 1047.9 s, iters = (4795, 0), opt = -
> Progress 5.6656%, elapsed 1050.0 s, iters = (5441, 0), opt = -
> Progress 5.6659%, elapsed 1078.7 s, iters = (5468, 0), opt = -
> Progress 5.6659%, elapsed 1103.7 s, iters = (5469, 0), opt = -
> Progress 5.6659%, elapsed 1103.7 s, iters = (5470, 0), opt = -
> Progress 5.6659%, elapsed 1103.8 s, iters = (5471, 0), opt = -
> Progress 5.6659%, elapsed 1103.8 s, iters = (5472, 0), opt = -
> Progress 5.6659%, elapsed 1103.8 s, iters = (5473, 0), opt = -
> Progress 5.6659%, elapsed 1153.0 s, iters = (5474, 0), opt = -
> Progress 5.6659%, elapsed 1153.0 s, iters = (5475, 0), opt = -
> Progress 5.6659%, elapsed 1153.0 s, iters = (5476, 0), opt = -
> Progress 5.6659%, elapsed 1153.0 s, iters = (5477, 0), opt = -
> Progress 5.6659%, elapsed 1153.0 s, iters = (5478, 0), opt = -
> Progress 5.6663%, elapsed 1153.0 s, iters = (5479, 0), opt = -
> Progress 5.6663%, elapsed 1153.0 s, iters = (5480, 0), opt = -
> Progress 5.6663%, elapsed 1153.0 s, iters = (5481, 0), opt = -
> Progress 5.6663%, elapsed 1153.0 s, iters = (5482, 0), opt = -
> Progress 5.6663%, elapsed 1153.0 s, iters = (5483, 0), opt = -
> Progress 5.6663%, elapsed 1153.0 s, iters = (5484, 0), opt = -
> Progress 5.6663%, elapsed 1153.0 s, iters = (5485, 0), opt = -
> Progress 5.6664%, elapsed 1153.0 s, iters = (5486, 0), opt = -
> Progress 5.6664%, elapsed 1153.0 s, iters = (5487, 0), opt = -
> Progress 5.6664%, elapsed 1153.0 s, iters = (5488, 0), opt = -
> Progress 5.6664%, elapsed 1153.0 s, iters = (5489, 0), opt = -
> Progress 5.6664%, elapsed 1153.0 s, iters = (5490, 0), opt = -
> Progress 5.6664%, elapsed 1153.0 s, iters = (5491, 0), opt = -
> Progress 5.6664%, elapsed 1153.0 s, iters = (5492, 0), opt = -
> Progress 5.6664%, elapsed 1153.0 s, iters = (5493, 0), opt = -
> Progress 5.6664%, elapsed 1153.0 s, iters = (5494, 0), opt = -
> Progress 5.6665%, elapsed 1153.0 s, iters = (5495, 0), opt = -
> Progress 5.6665%, elapsed 1153.0 s, iters = (5496, 0), opt = -
> Progress 5.6665%, elapsed 1153.0 s, iters = (5497, 0), opt = -
> Progress 5.6665%, elapsed 1153.0 s, iters = (5498, 0), opt = -
> Progress 5.6665%, elapsed 1153.0 s, iters = (5499, 0), opt = -
> Progress 5.6665%, elapsed 1153.0 s, iters = (5500, 0), opt = -
> Progress 5.6665%, elapsed 1153.0 s, iters = (5501, 0), opt = -
> Progress 5.6719%, elapsed 1155.1 s, iters = (5712, 0), opt = -
> Progress 5.672%, elapsed 1168.6 s, iters = (5725, 0), opt = -
> Progress 5.672%, elapsed 1181.7 s, iters = (5726, 0), opt = -
> Progress 5.672%, elapsed 1181.7 s, iters = (5727, 0), opt = -
> Progress 5.672%, elapsed 1181.7 s, iters = (5728, 0), opt = -
> Progress 5.672%, elapsed 1181.7 s, iters = (5729, 0), opt = -
> Progress 5.672%, elapsed 1181.7 s, iters = (5730, 0), opt = -
> Progress 5.672%, elapsed 1207.1 s, iters = (5731, 0), opt = -
> Progress 5.672%, elapsed 1207.1 s, iters = (5732, 0), opt = -
> Progress 5.672%, elapsed 1207.1 s, iters = (5733, 0), opt = -
> Progress 5.672%, elapsed 1207.1 s, iters = (5734, 0), opt = -
> Progress 5.672%, elapsed 1207.1 s, iters = (5735, 0), opt = -
> Progress 5.6724%, elapsed 1207.1 s, iters = (5736, 0), opt = -
> Progress 5.6724%, elapsed 1207.1 s, iters = (5737, 0), opt = -
> Progress 5.6724%, elapsed 1207.1 s, iters = (5738, 0), opt = -
> Progress 5.6724%, elapsed 1207.1 s, iters = (5739, 0), opt = -
> Progress 5.6724%, elapsed 1207.1 s, iters = (5740, 0), opt = -
> Progress 5.6725%, elapsed 1207.1 s, iters = (5741, 0), opt = -
> Progress 5.8593%, elapsed 1209.2 s, iters = (6044, 0), opt = -
> Progress 5.861%, elapsed 1212.0 s, iters = (6121, 0), opt = -
> Progress 5.8671%, elapsed 1215.1 s, iters = (6372, 0), opt = -
> Progress 6.0562%, elapsed 1218.2 s, iters = (6713, 0), opt = -
> Progress 6.0563%, elapsed 1269.4 s, iters = (6727, 0), opt = -
> Progress 6.0563%, elapsed 1269.4 s, iters = (6728, 0), opt = -
> Progress 6.0563%, elapsed 1320.8 s, iters = (6729, 0), opt = -
> Progress 6.0563%, elapsed 1320.8 s, iters = (6730, 0), opt = -
> Progress 6.0563%, elapsed 1320.8 s, iters = (6731, 0), opt = -
> Progress 6.0563%, elapsed 1321.1 s, iters = (6732, 0), opt = -
> Progress 6.0563%, elapsed 1346.5 s, iters = (6733, 0), opt = -
> Progress 6.0563%, elapsed 1346.5 s, iters = (6734, 0), opt = -
> Progress 6.0563%, elapsed 1346.5 s, iters = (6735, 0), opt = -
> Progress 6.0563%, elapsed 1346.9 s, iters = (6736, 0), opt = -
> Progress 6.0563%, elapsed 1346.9 s, iters = (6737, 0), opt = -
> Progress 6.0563%, elapsed 1346.9 s, iters = (6738, 0), opt = -
> Progress 6.0563%, elapsed 1346.9 s, iters = (6739, 0), opt = -
> Progress 6.0564%, elapsed 1346.9 s, iters = (6740, 0), opt = -
> Progress 6.0564%, elapsed 1347.2 s, iters = (6741, 0), opt = -
> Progress 6.0564%, elapsed 1347.4 s, iters = (6742, 0), opt = -
> Progress 6.0564%, elapsed 1347.8 s, iters = (6743, 0), opt = -
> Progress 6.0564%, elapsed 1347.8 s, iters = (6744, 0), opt = -
> Progress 6.0564%, elapsed 1348.2 s, iters = (6745, 0), opt = -
> Progress 6.0564%, elapsed 1348.2 s, iters = (6746, 0), opt = -
> Progress 6.0564%, elapsed 1348.2 s, iters = (6747, 0), opt = -
> Progress 6.0564%, elapsed 1348.2 s, iters = (6748, 0), opt = -
> Progress 6.0564%, elapsed 1348.2 s, iters = (6749, 0), opt = -
> Progress 6.0564%, elapsed 1348.2 s, iters = (6750, 0), opt = -
> Progress 6.0564%, elapsed 1348.2 s, iters = (6751, 0), opt = -
> Progress 6.0564%, elapsed 1348.2 s, iters = (6752, 0), opt = -
> Progress 6.0564%, elapsed 1348.2 s, iters = (6753, 0), opt = -
> Progress 6.0564%, elapsed 1348.2 s, iters = (6754, 0), opt = -
> Progress 6.0564%, elapsed 1348.2 s, iters = (6755, 0), opt = -
> Progress 6.0564%, elapsed 1348.2 s, iters = (6756, 0), opt = -
> Progress 6.0564%, elapsed 1348.2 s, iters = (6757, 0), opt = -
> Progress 6.0564%, elapsed 1348.2 s, iters = (6758, 0), opt = -
> Progress 6.0564%, elapsed 1348.2 s, iters = (6759, 0), opt = -
> Progress 6.0564%, elapsed 1348.2 s, iters = (6760, 0), opt = -
> Progress 6.0564%, elapsed 1348.4 s, iters = (6761, 0), opt = -
> Progress 6.0564%, elapsed 1348.8 s, iters = (6762, 0), opt = -
> Progress 6.0565%, elapsed 1348.8 s, iters = (6763, 0), opt = -
> Progress 6.0565%, elapsed 1349.2 s, iters = (6764, 0), opt = -
> Progress 6.0565%, elapsed 1349.2 s, iters = (6765, 0), opt = -
> Progress 6.0565%, elapsed 1349.2 s, iters = (6766, 0), opt = -
> Progress 6.0565%, elapsed 1349.2 s, iters = (6767, 0), opt = -
> Progress 6.0565%, elapsed 1349.2 s, iters = (6768, 0), opt = -
> Progress 6.0565%, elapsed 1349.2 s, iters = (6769, 0), opt = -
> Progress 6.0607%, elapsed 1350.0 s, iters = (7025, 0), opt = -
> Progress 6.0624%, elapsed 1376.0 s, iters = (7114, 0), opt = -
> Progress 6.0624%, elapsed 1376.0 s, iters = (7115, 0), opt = -
> Progress 6.0624%, elapsed 1401.2 s, iters = (7116, 0), opt = -
> Progress 6.0624%, elapsed 1401.2 s, iters = (7117, 0), opt = -
> Progress 6.0624%, elapsed 1401.2 s, iters = (7118, 0), opt = -
> Progress 6.0624%, elapsed 1401.4 s, iters = (7119, 0), opt = -
> Progress 6.0624%, elapsed 1414.3 s, iters = (7120, 0), opt = -
> Progress 6.0624%, elapsed 1414.3 s, iters = (7121, 0), opt = -
> Progress 6.0624%, elapsed 1414.3 s, iters = (7122, 0), opt = -
> Progress 6.0624%, elapsed 1414.5 s, iters = (7123, 0), opt = -
> Progress 6.0624%, elapsed 1414.5 s, iters = (7124, 0), opt = -
> Progress 6.0624%, elapsed 1414.5 s, iters = (7125, 0), opt = -
> Progress 6.0625%, elapsed 1414.5 s, iters = (7126, 0), opt = -
> Progress 6.0625%, elapsed 1414.5 s, iters = (7127, 0), opt = -
> Progress 6.0625%, elapsed 1414.7 s, iters = (7128, 0), opt = -
> Progress 6.0625%, elapsed 1414.8 s, iters = (7129, 0), opt = -
> Progress 6.0625%, elapsed 1415.0 s, iters = (7130, 0), opt = -
> Progress 6.0625%, elapsed 1415.0 s, iters = (7131, 0), opt = -
> Progress 6.0625%, elapsed 1415.2 s, iters = (7132, 0), opt = -
> Progress 6.0625%, elapsed 1415.2 s, iters = (7133, 0), opt = -
> Progress 6.0625%, elapsed 1415.2 s, iters = (7134, 0), opt = -
> Progress 6.2011%, elapsed 1416.0 s, iters = (7249, 0), opt = -
> Progress 9.5719%, elapsed 1419.0 s, iters = (8423, 0), opt = -
> Progress 9.5721%, elapsed 1447.6 s, iters = (8448, 0), opt = -
> Progress 9.5721%, elapsed 1472.8 s, iters = (8449, 0), opt = -
> Progress 9.5721%, elapsed 1472.8 s, iters = (8450, 0), opt = -
> Progress 9.5721%, elapsed 1472.8 s, iters = (8451, 0), opt = -
> Progress 9.5721%, elapsed 1472.8 s, iters = (8452, 0), opt = -
> Progress 9.5721%, elapsed 1472.8 s, iters = (8453, 0), opt = -
> Progress 9.5721%, elapsed 1522.4 s, iters = (8454, 0), opt = -
> Progress 9.5722%, elapsed 1522.4 s, iters = (8455, 0), opt = -
> Progress 9.5722%, elapsed 1522.4 s, iters = (8456, 0), opt = -
> Progress 9.5722%, elapsed 1522.4 s, iters = (8457, 0), opt = -
> Progress 9.5722%, elapsed 1522.4 s, iters = (8458, 0), opt = -
> Progress 9.5726%, elapsed 1522.4 s, iters = (8459, 0), opt = -
> Progress 9.5726%, elapsed 1522.4 s, iters = (8460, 0), opt = -
> Progress 9.5726%, elapsed 1522.4 s, iters = (8461, 0), opt = -
> Progress 9.5726%, elapsed 1522.4 s, iters = (8462, 0), opt = -
> Progress 9.5726%, elapsed 1522.4 s, iters = (8463, 0), opt = -
> Progress 9.5726%, elapsed 1522.4 s, iters = (8464, 0), opt = -
> Progress 9.5726%, elapsed 1522.4 s, iters = (8465, 0), opt = -
> Progress 9.5726%, elapsed 1522.4 s, iters = (8466, 0), opt = -
> Progress 9.5726%, elapsed 1522.4 s, iters = (8467, 0), opt = -
> Progress 9.5726%, elapsed 1522.4 s, iters = (8468, 0), opt = -
> Progress 9.5726%, elapsed 1522.4 s, iters = (8469, 0), opt = -
> Progress 9.5726%, elapsed 1522.4 s, iters = (8470, 0), opt = -
> Progress 9.5726%, elapsed 1522.4 s, iters = (8471, 0), opt = -
> Progress 9.5726%, elapsed 1522.4 s, iters = (8472, 0), opt = -
> Progress 9.5727%, elapsed 1522.4 s, iters = (8473, 0), opt = -
> Progress 9.5727%, elapsed 1522.4 s, iters = (8474, 0), opt = -
> Progress 9.5727%, elapsed 1522.4 s, iters = (8475, 0), opt = -
> Progress 9.5727%, elapsed 1522.4 s, iters = (8476, 0), opt = -
> Progress 9.5727%, elapsed 1522.4 s, iters = (8477, 0), opt = -
> Progress 9.5727%, elapsed 1522.4 s, iters = (8478, 0), opt = -
> Progress 9.5727%, elapsed 1522.4 s, iters = (8479, 0), opt = -
> Progress 9.5727%, elapsed 1522.4 s, iters = (8480, 0), opt = -
> Progress 9.5727%, elapsed 1522.4 s, iters = (8481, 0), opt = -
> Progress 9.5781%, elapsed 1524.0 s, iters = (8687, 0), opt = -
> Progress 9.5782%, elapsed 1538.2 s, iters = (8705, 0), opt = -
> Progress 9.5782%, elapsed 1551.4 s, iters = (8706, 0), opt = -
> Progress 9.5782%, elapsed 1551.4 s, iters = (8707, 0), opt = -
> Progress 9.5782%, elapsed 1551.4 s, iters = (8708, 0), opt = -
> Progress 9.5782%, elapsed 1551.4 s, iters = (8709, 0), opt = -
> Progress 9.5782%, elapsed 1551.4 s, iters = (8710, 0), opt = -
> Progress 9.5782%, elapsed 1576.6 s, iters = (8711, 0), opt = -
> Progress 9.5783%, elapsed 1576.6 s, iters = (8712, 0), opt = -
> Progress 9.5783%, elapsed 1576.6 s, iters = (8713, 0), opt = -
> Progress 9.5783%, elapsed 1576.6 s, iters = (8714, 0), opt = -
> Progress 9.5783%, elapsed 1576.6 s, iters = (8715, 0), opt = -
> Progress 9.5787%, elapsed 1576.6 s, iters = (8716, 0), opt = -
> Progress 9.5787%, elapsed 1576.6 s, iters = (8717, 0), opt = -
> Progress 9.5787%, elapsed 1576.6 s, iters = (8718, 0), opt = -
> Progress 9.5787%, elapsed 1576.6 s, iters = (8719, 0), opt = -
> Progress 9.5787%, elapsed 1576.6 s, iters = (8720, 0), opt = -
> Progress 9.5787%, elapsed 1576.6 s, iters = (8721, 0), opt = -
> Progress 9.6679%, elapsed 1578.1 s, iters = (8834, 0), opt = -
> Progress 9.6702%, elapsed 1581.0 s, iters = (8875, 0), opt = -
> Progress 9.674%, elapsed 1584.1 s, iters = (8920, 0), opt = -
> Progress 9.6766%, elapsed 1587.1 s, iters = (8992, 0), opt = -
> Progress 9.7671%, elapsed 1590.3 s, iters = (9466, 0), opt = -
> Progress 9.7674%, elapsed 1593.2 s, iters = (9499, 0), opt = -
> Progress 9.7735%, elapsed 1596.0 s, iters = (9755, 0), opt = -
> Progress 9.8655%, elapsed 1599.1 s, iters = (9879, 0), opt = -
> Progress 9.8693%, elapsed 1602.1 s, iters = (9966, 0), opt = -
> Progress 9.9143%, elapsed 1605.2 s, iters = (10111, 0), opt = -
> Progress 9.9624%, elapsed 1608.1 s, iters = (10456, 0), opt = -
> Progress 9.9625%, elapsed 1658.4 s, iters = (10467, 0), opt = -
> Progress 9.9625%, elapsed 1658.4 s, iters = (10468, 0), opt = -
> Progress 9.9625%, elapsed 1708.1 s, iters = (10469, 0), opt = -
> Progress 9.9625%, elapsed 1708.1 s, iters = (10470, 0), opt = -
> Progress 9.9626%, elapsed 1708.1 s, iters = (10471, 0), opt = -
> Progress 9.9626%, elapsed 1708.4 s, iters = (10472, 0), opt = -
> Progress 9.9626%, elapsed 1733.8 s, iters = (10473, 0), opt = -
> Progress 9.9626%, elapsed 1733.8 s, iters = (10474, 0), opt = -
> Progress 9.9626%, elapsed 1733.8 s, iters = (10475, 0), opt = -
> Progress 9.9626%, elapsed 1734.1 s, iters = (10476, 0), opt = -
> Progress 9.9626%, elapsed 1734.1 s, iters = (10477, 0), opt = -
> Progress 9.9626%, elapsed 1734.1 s, iters = (10478, 0), opt = -
> Progress 9.9626%, elapsed 1734.1 s, iters = (10479, 0), opt = -
> Progress 9.9626%, elapsed 1734.1 s, iters = (10480, 0), opt = -
> Progress 9.9626%, elapsed 1734.4 s, iters = (10481, 0), opt = -
> Progress 9.9626%, elapsed 1734.7 s, iters = (10482, 0), opt = -
> Progress 9.9626%, elapsed 1735.1 s, iters = (10483, 0), opt = -
> Progress 9.9626%, elapsed 1735.1 s, iters = (10484, 0), opt = -
> Progress 9.9626%, elapsed 1735.4 s, iters = (10485, 0), opt = -
> Progress 9.9626%, elapsed 1735.4 s, iters = (10486, 0), opt = -
> Progress 9.9626%, elapsed 1735.4 s, iters = (10487, 0), opt = -
> Progress 9.9626%, elapsed 1735.4 s, iters = (10488, 0), opt = -
> Progress 9.9627%, elapsed 1735.4 s, iters = (10489, 0), opt = -
> Progress 9.9627%, elapsed 1735.4 s, iters = (10490, 0), opt = -
> Progress 9.9627%, elapsed 1735.4 s, iters = (10491, 0), opt = -
> Progress 9.9627%, elapsed 1735.4 s, iters = (10492, 0), opt = -
> Progress 9.9627%, elapsed 1735.4 s, iters = (10493, 0), opt = -
> Progress 9.9627%, elapsed 1735.4 s, iters = (10494, 0), opt = -
> Progress 9.9627%, elapsed 1735.4 s, iters = (10495, 0), opt = -
> Progress 9.9627%, elapsed 1735.4 s, iters = (10496, 0), opt = -
> Progress 9.9627%, elapsed 1735.4 s, iters = (10497, 0), opt = -
> Progress 9.9627%, elapsed 1735.4 s, iters = (10498, 0), opt = -
> Progress 9.9627%, elapsed 1735.4 s, iters = (10499, 0), opt = -
> Progress 9.9627%, elapsed 1735.4 s, iters = (10500, 0), opt = -
> Progress 9.9627%, elapsed 1735.7 s, iters = (10501, 0), opt = -
> Progress 9.9627%, elapsed 1736.1 s, iters = (10502, 0), opt = -
> Progress 9.9627%, elapsed 1736.1 s, iters = (10503, 0), opt = -
> Progress 9.9627%, elapsed 1736.4 s, iters = (10504, 0), opt = -
> Progress 9.9627%, elapsed 1736.4 s, iters = (10505, 0), opt = -
> Progress 9.9627%, elapsed 1736.4 s, iters = (10506, 0), opt = -
> Progress 9.9627%, elapsed 1736.4 s, iters = (10507, 0), opt = -
> Progress 9.9627%, elapsed 1736.5 s, iters = (10508, 0), opt = -
> Progress 9.9657%, elapsed 1737.1 s, iters = (10670, 0), opt = -
> Progress 9.9686%, elapsed 1763.2 s, iters = (10854, 0), opt = -
> Progress 9.9686%, elapsed 1763.2 s, iters = (10855, 0), opt = -
> Progress 9.9686%, elapsed 1788.4 s, iters = (10856, 0), opt = -
> Progress 9.9686%, elapsed 1788.4 s, iters = (10857, 0), opt = -
> Progress 9.9687%, elapsed 1788.4 s, iters = (10858, 0), opt = -
> Progress 9.9687%, elapsed 1788.5 s, iters = (10859, 0), opt = -
> Progress 9.9687%, elapsed 1801.4 s, iters = (10860, 0), opt = -
> Progress 9.9687%, elapsed 1801.4 s, iters = (10861, 0), opt = -
> Progress 9.9687%, elapsed 1801.4 s, iters = (10862, 0), opt = -
> Progress 9.9687%, elapsed 1801.6 s, iters = (10863, 0), opt = -
> Progress 9.9687%, elapsed 1801.6 s, iters = (10864, 0), opt = -
> Progress 9.9687%, elapsed 1801.6 s, iters = (10865, 0), opt = -
> Progress 9.9687%, elapsed 1801.6 s, iters = (10866, 0), opt = -
> Progress 9.9687%, elapsed 1801.6 s, iters = (10867, 0), opt = -
> Progress 9.9687%, elapsed 1801.8 s, iters = (10868, 0), opt = -
> Progress 9.9687%, elapsed 1801.9 s, iters = (10869, 0), opt = -
> Progress 9.9687%, elapsed 1802.1 s, iters = (10870, 0), opt = -
> Progress 9.9687%, elapsed 1802.1 s, iters = (10871, 0), opt = -
> Progress 9.9687%, elapsed 1802.3 s, iters = (10872, 0), opt = -
> Progress 9.9687%, elapsed 1802.3 s, iters = (10873, 0), opt = -
> Progress 9.9687%, elapsed 1802.3 s, iters = (10874, 0), opt = -
> Progress 10.0585%, elapsed 1803.1 s, iters = (10988, 0), opt = -
> Progress 10.0586%, elapsed 1853.3 s, iters = (11001, 0), opt = -
> Progress 10.0587%, elapsed 1853.3 s, iters = (11002, 0), opt = -
> Progress 10.0587%, elapsed 1903.1 s, iters = (11003, 0), opt = -
> Progress 10.0587%, elapsed 1903.1 s, iters = (11004, 0), opt = -
> Progress 10.0587%, elapsed 1903.1 s, iters = (11005, 0), opt = -
> Progress 10.0587%, elapsed 1903.2 s, iters = (11006, 0), opt = -
> Progress 10.0587%, elapsed 1928.5 s, iters = (11007, 0), opt = -
> Progress 10.0587%, elapsed 1928.5 s, iters = (11008, 0), opt = -
> Progress 10.0587%, elapsed 1928.5 s, iters = (11009, 0), opt = -
> Progress 10.0587%, elapsed 1928.6 s, iters = (11010, 0), opt = -
> Progress 10.0587%, elapsed 1928.6 s, iters = (11011, 0), opt = -
> Progress 10.0587%, elapsed 1928.6 s, iters = (11012, 0), opt = -
> Progress 10.0587%, elapsed 1928.8 s, iters = (11013, 0), opt = -
> Progress 10.0587%, elapsed 1928.9 s, iters = (11014, 0), opt = -
> Progress 10.0587%, elapsed 1929.1 s, iters = (11015, 0), opt = -
> Progress 10.0588%, elapsed 1929.1 s, iters = (11016, 0), opt = -
> Progress 10.0588%, elapsed 1929.4 s, iters = (11017, 0), opt = -
> Progress 10.0588%, elapsed 1929.4 s, iters = (11018, 0), opt = -
> Progress 10.0588%, elapsed 1929.4 s, iters = (11019, 0), opt = -
> Progress 10.0588%, elapsed 1929.4 s, iters = (11020, 0), opt = -
> Progress 10.0588%, elapsed 1929.4 s, iters = (11021, 0), opt = -
> Progress 10.0588%, elapsed 1929.4 s, iters = (11022, 0), opt = -
> Progress 10.0588%, elapsed 1929.4 s, iters = (11023, 0), opt = -
> Progress 10.0588%, elapsed 1929.4 s, iters = (11024, 0), opt = -
> Progress 10.0588%, elapsed 1929.4 s, iters = (11025, 0), opt = -
> Progress 10.0588%, elapsed 1929.4 s, iters = (11026, 0), opt = -
> Progress 10.0588%, elapsed 1929.5 s, iters = (11027, 0), opt = -
> Progress 10.0588%, elapsed 1929.8 s, iters = (11028, 0), opt = -
> Progress 10.0589%, elapsed 1929.8 s, iters = (11029, 0), opt = -
> Progress 10.0589%, elapsed 1930.0 s, iters = (11030, 0), opt = -
> Progress 10.0589%, elapsed 1930.0 s, iters = (11031, 0), opt = -
> Progress 10.0589%, elapsed 1930.0 s, iters = (11032, 0), opt = -
> Progress 10.0589%, elapsed 1930.0 s, iters = (11033, 0), opt = -
> Progress 10.0589%, elapsed 1930.0 s, iters = (11034, 0), opt = -
> Progress 10.0589%, elapsed 1930.0 s, iters = (11035, 0), opt = -
> Progress 10.0589%, elapsed 1930.0 s, iters = (11036, 0), opt = -
> Progress 10.0589%, elapsed 1930.0 s, iters = (11037, 0), opt = -
> Progress 10.0589%, elapsed 1930.0 s, iters = (11038, 0), opt = -
> Progress 10.0589%, elapsed 1930.0 s, iters = (11039, 0), opt = -
> Progress 10.0593%, elapsed 1930.0 s, iters = (11040, 0), opt = -
> Progress 10.0601%, elapsed 1930.0 s, iters = (11041, 0), opt = -
> Progress 10.0601%, elapsed 1930.2 s, iters = (11042, 0), opt = -
> Progress 10.0609%, elapsed 1979.7 s, iters = (11055, 0), opt = -
> Progress 10.061%, elapsed 1979.7 s, iters = (11056, 0), opt = -
> Progress 10.061%, elapsed 2028.4 s, iters = (11057, 0), opt = -
> Progress 10.061%, elapsed 2028.4 s, iters = (11058, 0), opt = -
> Progress 10.061%, elapsed 2028.4 s, iters = (11059, 0), opt = -
> Progress 10.061%, elapsed 2028.5 s, iters = (11060, 0), opt = -
> Progress 10.061%, elapsed 2053.3 s, iters = (11061, 0), opt = -
> Progress 10.061%, elapsed 2053.3 s, iters = (11062, 0), opt = -
> Progress 10.061%, elapsed 2053.3 s, iters = (11063, 0), opt = -
> Progress 10.061%, elapsed 2053.5 s, iters = (11064, 0), opt = -
> Progress 10.061%, elapsed 2053.5 s, iters = (11065, 0), opt = -
> Progress 10.061%, elapsed 2053.5 s, iters = (11066, 0), opt = -
> Progress 10.061%, elapsed 2053.6 s, iters = (11067, 0), opt = -
> Progress 10.061%, elapsed 2053.7 s, iters = (11068, 0), opt = -
> Progress 10.061%, elapsed 2054.0 s, iters = (11069, 0), opt = -
> Progress 10.061%, elapsed 2054.0 s, iters = (11070, 0), opt = -
> Progress 10.061%, elapsed 2054.2 s, iters = (11071, 0), opt = -
> Progress 10.0611%, elapsed 2054.2 s, iters = (11072, 0), opt = -
> Progress 10.0611%, elapsed 2054.2 s, iters = (11073, 0), opt = -
> Progress 10.0611%, elapsed 2054.2 s, iters = (11074, 0), opt = -
> Progress 10.0611%, elapsed 2054.2 s, iters = (11075, 0), opt = -
> Progress 10.0611%, elapsed 2054.2 s, iters = (11076, 0), opt = -
> Progress 10.0611%, elapsed 2054.2 s, iters = (11077, 0), opt = -
> Progress 10.0611%, elapsed 2054.2 s, iters = (11078, 0), opt = -
> Progress 10.0611%, elapsed 2054.2 s, iters = (11079, 0), opt = -
> Progress 10.0611%, elapsed 2054.2 s, iters = (11080, 0), opt = -
> Progress 10.0611%, elapsed 2054.4 s, iters = (11081, 0), opt = -
> Progress 10.0611%, elapsed 2054.6 s, iters = (11082, 0), opt = -
> Progress 10.0611%, elapsed 2054.6 s, iters = (11083, 0), opt = -
> Progress 10.0611%, elapsed 2054.8 s, iters = (11084, 0), opt = -
> Progress 10.0612%, elapsed 2054.8 s, iters = (11085, 0), opt = -
> Progress 10.0612%, elapsed 2054.8 s, iters = (11086, 0), opt = -
> Progress 10.0612%, elapsed 2054.8 s, iters = (11087, 0), opt = -
> Progress 10.0612%, elapsed 2054.8 s, iters = (11088, 0), opt = -
> Progress 10.0612%, elapsed 2054.8 s, iters = (11089, 0), opt = -
> Progress 10.0612%, elapsed 2054.8 s, iters = (11090, 0), opt = -
> Progress 10.0612%, elapsed 2054.8 s, iters = (11091, 0), opt = -
> Progress 10.0612%, elapsed 2054.9 s, iters = (11092, 0), opt = -
> Progress 10.0612%, elapsed 2054.9 s, iters = (11093, 0), opt = -
> Progress 10.0616%, elapsed 2054.9 s, iters = (11094, 0), opt = -
> Progress 10.0616%, elapsed 2054.9 s, iters = (11095, 0), opt = -
> Progress 10.0616%, elapsed 2055.0 s, iters = (11096, 0), opt = -
> Progress 10.0647%, elapsed 2058.0 s, iters = (11172, 0), opt = -
> Progress 10.0647%, elapsed 2083.3 s, iters = (11176, 0), opt = -
> Progress 10.0648%, elapsed 2083.3 s, iters = (11177, 0), opt = -
> Progress 10.0648%, elapsed 2108.1 s, iters = (11178, 0), opt = -
> Progress 10.0648%, elapsed 2108.1 s, iters = (11179, 0), opt = -
> Progress 10.0648%, elapsed 2108.1 s, iters = (11180, 0), opt = -
> Progress 10.0648%, elapsed 2108.2 s, iters = (11181, 0), opt = -
> Progress 10.0648%, elapsed 2120.8 s, iters = (11182, 0), opt = -
> Progress 10.0648%, elapsed 2120.8 s, iters = (11183, 0), opt = -
> Progress 10.0648%, elapsed 2120.8 s, iters = (11184, 0), opt = -
> Progress 10.0648%, elapsed 2120.8 s, iters = (11185, 0), opt = -
> Progress 10.0648%, elapsed 2120.8 s, iters = (11186, 0), opt = -
> Progress 10.0648%, elapsed 2120.8 s, iters = (11187, 0), opt = -
> Progress 10.0648%, elapsed 2120.9 s, iters = (11188, 0), opt = -
> Progress 10.0648%, elapsed 2121.0 s, iters = (11189, 0), opt = -
> Progress 10.0648%, elapsed 2121.1 s, iters = (11190, 0), opt = -
> Progress 10.0649%, elapsed 2121.1 s, iters = (11191, 0), opt = -
> Progress 10.0649%, elapsed 2121.2 s, iters = (11192, 0), opt = -
> Progress 10.0649%, elapsed 2121.2 s, iters = (11193, 0), opt = -
> Progress 10.0649%, elapsed 2121.2 s, iters = (11194, 0), opt = -
> Progress 10.0649%, elapsed 2121.2 s, iters = (11195, 0), opt = -
> Progress 10.0649%, elapsed 2121.2 s, iters = (11196, 0), opt = -
> Progress 10.067%, elapsed 2146.6 s, iters = (11230, 0), opt = -
> Progress 10.0671%, elapsed 2146.6 s, iters = (11231, 0), opt = -
> Progress 10.0671%, elapsed 2171.2 s, iters = (11232, 0), opt = -
> Progress 10.0671%, elapsed 2171.2 s, iters = (11233, 0), opt = -
> Progress 10.0671%, elapsed 2171.2 s, iters = (11234, 0), opt = -
> Progress 10.0671%, elapsed 2171.3 s, iters = (11235, 0), opt = -
> Progress 10.0671%, elapsed 2183.9 s, iters = (11236, 0), opt = -
> Progress 10.0671%, elapsed 2183.9 s, iters = (11237, 0), opt = -
> Progress 10.0671%, elapsed 2183.9 s, iters = (11238, 0), opt = -
> Progress 10.0671%, elapsed 2183.9 s, iters = (11239, 0), opt = -
> Progress 10.0671%, elapsed 2183.9 s, iters = (11240, 0), opt = -
> Progress 10.0671%, elapsed 2183.9 s, iters = (11241, 0), opt = -
> Progress 10.0671%, elapsed 2184.0 s, iters = (11242, 0), opt = -
> Progress 10.0671%, elapsed 2184.1 s, iters = (11243, 0), opt = -
> Progress 10.0671%, elapsed 2184.2 s, iters = (11244, 0), opt = -
> Progress 10.0672%, elapsed 2184.2 s, iters = (11245, 0), opt = -
> Progress 10.0672%, elapsed 2184.3 s, iters = (11246, 0), opt = -
> Progress 10.0672%, elapsed 2184.3 s, iters = (11247, 0), opt = -
> Progress 10.0672%, elapsed 2184.3 s, iters = (11248, 0), opt = -
> Progress 10.0672%, elapsed 2184.3 s, iters = (11249, 0), opt = -
> Progress 10.0672%, elapsed 2184.3 s, iters = (11250, 0), opt = -
> Progress 11.1328%, elapsed 2187.1 s, iters = (11862, 0), opt = -
> Progress 11.2792%, elapsed 2190.1 s, iters = (11927, 0), opt = -
> Progress 11.3281%, elapsed 2193.1 s, iters = (11993, 0), opt = -
> Progress 11.4747%, elapsed 2196.0 s, iters = (12073, 0), opt = -
> Progress 11.5235%, elapsed 2247.6 s, iters = (12137, 0), opt = -
> Progress 11.5235%, elapsed 2247.6 s, iters = (12138, 0), opt = -
> Progress 11.5235%, elapsed 2297.4 s, iters = (12139, 0), opt = -
> Progress 11.5235%, elapsed 2297.4 s, iters = (12140, 0), opt = -
> Progress 11.5235%, elapsed 2297.4 s, iters = (12141, 0), opt = -
> Progress 11.5235%, elapsed 2297.6 s, iters = (12142, 0), opt = -
> Progress 11.5235%, elapsed 2322.6 s, iters = (12143, 0), opt = -
> Progress 11.5235%, elapsed 2322.6 s, iters = (12144, 0), opt = -
> Progress 11.5236%, elapsed 2322.6 s, iters = (12145, 0), opt = -
> Progress 11.5236%, elapsed 2322.8 s, iters = (12146, 0), opt = -
> Progress 11.5236%, elapsed 2322.8 s, iters = (12147, 0), opt = -
> Progress 11.5236%, elapsed 2322.8 s, iters = (12148, 0), opt = -
> Progress 11.5236%, elapsed 2322.8 s, iters = (12149, 0), opt = -
> Progress 11.5236%, elapsed 2322.8 s, iters = (12150, 0), opt = -
> Progress 11.5236%, elapsed 2322.9 s, iters = (12151, 0), opt = -
> Progress 11.5236%, elapsed 2323.0 s, iters = (12152, 0), opt = -
> Progress 11.5236%, elapsed 2323.3 s, iters = (12153, 0), opt = -
> Progress 11.5236%, elapsed 2323.3 s, iters = (12154, 0), opt = -
> Progress 11.5236%, elapsed 2323.5 s, iters = (12155, 0), opt = -
> Progress 11.5236%, elapsed 2323.5 s, iters = (12156, 0), opt = -
> Progress 11.5236%, elapsed 2323.5 s, iters = (12157, 0), opt = -
> Progress 11.5236%, elapsed 2323.5 s, iters = (12158, 0), opt = -
> Progress 11.5236%, elapsed 2323.5 s, iters = (12159, 0), opt = -
> Progress 11.5236%, elapsed 2323.5 s, iters = (12160, 0), opt = -
> Progress 11.5236%, elapsed 2323.5 s, iters = (12161, 0), opt = -
> Progress 11.5236%, elapsed 2323.5 s, iters = (12162, 0), opt = -
> Progress 11.5236%, elapsed 2323.5 s, iters = (12163, 0), opt = -
> Progress 11.5236%, elapsed 2323.5 s, iters = (12164, 0), opt = -
> Progress 11.5236%, elapsed 2323.5 s, iters = (12165, 0), opt = -
> Progress 11.5236%, elapsed 2323.5 s, iters = (12166, 0), opt = -
> Progress 11.5237%, elapsed 2323.5 s, iters = (12167, 0), opt = -
> Progress 11.5237%, elapsed 2323.5 s, iters = (12168, 0), opt = -
> Progress 11.5237%, elapsed 2323.5 s, iters = (12169, 0), opt = -
> Progress 11.5237%, elapsed 2323.5 s, iters = (12170, 0), opt = -
> Progress 11.5237%, elapsed 2323.7 s, iters = (12171, 0), opt = -
> Progress 11.5237%, elapsed 2323.9 s, iters = (12172, 0), opt = -
> Progress 11.5237%, elapsed 2323.9 s, iters = (12173, 0), opt = -
> Progress 11.5237%, elapsed 2324.2 s, iters = (12174, 0), opt = -
> Progress 11.5237%, elapsed 2324.2 s, iters = (12175, 0), opt = -
> Progress 11.5237%, elapsed 2324.2 s, iters = (12176, 0), opt = -
> Progress 11.5237%, elapsed 2324.2 s, iters = (12177, 0), opt = -
> Progress 11.5237%, elapsed 2324.2 s, iters = (12178, 0), opt = -
> Progress 11.6699%, elapsed 2325.0 s, iters = (12207, 0), opt = -
> Progress 11.67%, elapsed 2374.6 s, iters = (12219, 0), opt = -
> Progress 11.67%, elapsed 2374.6 s, iters = (12220, 0), opt = -
> Progress 11.67%, elapsed 2423.6 s, iters = (12221, 0), opt = -
> Progress 11.67%, elapsed 2423.6 s, iters = (12222, 0), opt = -
> Progress 11.67%, elapsed 2423.6 s, iters = (12223, 0), opt = -
> Progress 11.67%, elapsed 2423.7 s, iters = (12224, 0), opt = -
> Progress 11.67%, elapsed 2448.6 s, iters = (12225, 0), opt = -
> Progress 11.67%, elapsed 2448.6 s, iters = (12226, 0), opt = -
> Progress 11.67%, elapsed 2448.6 s, iters = (12227, 0), opt = -
> Progress 11.67%, elapsed 2448.8 s, iters = (12228, 0), opt = -
> Progress 11.6701%, elapsed 2448.8 s, iters = (12229, 0), opt = -
> Progress 11.6701%, elapsed 2448.8 s, iters = (12230, 0), opt = -
> Progress 11.6701%, elapsed 2448.8 s, iters = (12231, 0), opt = -
> Progress 11.6701%, elapsed 2448.8 s, iters = (12232, 0), opt = -
> Progress 11.6701%, elapsed 2448.9 s, iters = (12233, 0), opt = -
> Progress 11.6701%, elapsed 2449.0 s, iters = (12234, 0), opt = -
> Progress 11.6701%, elapsed 2449.3 s, iters = (12235, 0), opt = -
> Progress 11.6701%, elapsed 2449.3 s, iters = (12236, 0), opt = -
> Progress 11.6701%, elapsed 2449.5 s, iters = (12237, 0), opt = -
> Progress 11.6701%, elapsed 2449.5 s, iters = (12238, 0), opt = -
> Progress 11.6701%, elapsed 2449.5 s, iters = (12239, 0), opt = -
> Progress 11.6701%, elapsed 2449.5 s, iters = (12240, 0), opt = -
> Progress 11.6701%, elapsed 2449.5 s, iters = (12241, 0), opt = -
> Progress 11.6701%, elapsed 2449.5 s, iters = (12242, 0), opt = -
> Progress 11.6701%, elapsed 2449.5 s, iters = (12243, 0), opt = -
> Progress 11.6701%, elapsed 2449.5 s, iters = (12244, 0), opt = -
> Progress 11.6701%, elapsed 2449.5 s, iters = (12245, 0), opt = -
> Progress 11.6701%, elapsed 2449.5 s, iters = (12246, 0), opt = -
> Progress 11.6701%, elapsed 2449.5 s, iters = (12247, 0), opt = -
> Progress 11.6701%, elapsed 2449.5 s, iters = (12248, 0), opt = -
> Progress 11.6701%, elapsed 2449.5 s, iters = (12249, 0), opt = -
> Progress 11.6701%, elapsed 2449.5 s, iters = (12250, 0), opt = -
> Progress 11.6702%, elapsed 2449.5 s, iters = (12251, 0), opt = -
> Progress 11.6702%, elapsed 2449.5 s, iters = (12252, 0), opt = -
> Progress 11.6702%, elapsed 2449.7 s, iters = (12253, 0), opt = -
> Progress 11.6702%, elapsed 2449.9 s, iters = (12254, 0), opt = -
> Progress 11.6702%, elapsed 2449.9 s, iters = (12255, 0), opt = -
> Progress 11.6702%, elapsed 2450.2 s, iters = (12256, 0), opt = -
> Progress 11.6702%, elapsed 2450.2 s, iters = (12257, 0), opt = -
> Progress 11.6702%, elapsed 2450.2 s, iters = (12258, 0), opt = -
> Progress 11.6702%, elapsed 2450.2 s, iters = (12259, 0), opt = -
> Progress 11.9155%, elapsed 2451.2 s, iters = (12894, 0), opt = -
> Progress 11.9158%, elapsed 2454.2 s, iters = (12921, 0), opt = -
> Progress 11.9159%, elapsed 2480.7 s, iters = (12934, 0), opt = -
> Progress 11.9159%, elapsed 2505.8 s, iters = (12935, 0), opt = -
> Progress 11.9159%, elapsed 2505.8 s, iters = (12936, 0), opt = -
> Progress 11.9159%, elapsed 2505.8 s, iters = (12937, 0), opt = -
> Progress 11.9159%, elapsed 2505.8 s, iters = (12938, 0), opt = -
> Progress 11.9159%, elapsed 2505.8 s, iters = (12939, 0), opt = -
> Progress 11.9159%, elapsed 2563.7 s, iters = (12940, 0), opt = -
> Progress 11.9159%, elapsed 2563.7 s, iters = (12941, 0), opt = -
> Progress 11.9159%, elapsed 2563.7 s, iters = (12942, 0), opt = -
> Progress 11.9159%, elapsed 2563.7 s, iters = (12943, 0), opt = -
> Progress 11.9159%, elapsed 2563.7 s, iters = (12944, 0), opt = -
> Progress 11.9163%, elapsed 2563.7 s, iters = (12945, 0), opt = -
> Progress 11.9163%, elapsed 2563.7 s, iters = (12946, 0), opt = -
> Progress 11.9163%, elapsed 2563.7 s, iters = (12947, 0), opt = -
> Progress 11.9163%, elapsed 2563.7 s, iters = (12948, 0), opt = -
> Progress 11.9163%, elapsed 2563.7 s, iters = (12949, 0), opt = -
> Progress 11.9163%, elapsed 2563.7 s, iters = (12950, 0), opt = -
> Progress 11.9163%, elapsed 2563.7 s, iters = (12951, 0), opt = -
> Progress 11.9164%, elapsed 2563.7 s, iters = (12952, 0), opt = -
> Progress 11.9164%, elapsed 2563.7 s, iters = (12953, 0), opt = -
> Progress 11.9164%, elapsed 2563.8 s, iters = (12954, 0), opt = -
> Progress 11.9164%, elapsed 2563.8 s, iters = (12955, 0), opt = -
> Progress 11.9164%, elapsed 2563.8 s, iters = (12956, 0), opt = -
> Progress 11.9164%, elapsed 2563.8 s, iters = (12957, 0), opt = -
> Progress 11.9164%, elapsed 2563.8 s, iters = (12958, 0), opt = -
> Progress 11.9164%, elapsed 2563.8 s, iters = (12959, 0), opt = -
> Progress 11.9164%, elapsed 2563.8 s, iters = (12960, 0), opt = -
> Progress 11.9165%, elapsed 2563.8 s, iters = (12961, 0), opt = -
> Progress 11.9165%, elapsed 2563.8 s, iters = (12962, 0), opt = -
> Progress 11.9165%, elapsed 2563.8 s, iters = (12963, 0), opt = -
> Progress 11.9165%, elapsed 2563.8 s, iters = (12964, 0), opt = -
> Progress 11.9165%, elapsed 2563.8 s, iters = (12965, 0), opt = -
> Progress 11.9165%, elapsed 2563.8 s, iters = (12966, 0), opt = -
> Progress 11.9165%, elapsed 2563.8 s, iters = (12967, 0), opt = -
> Progress 11.9165%, elapsed 2563.8 s, iters = (12968, 0), opt = -
> Progress 11.9165%, elapsed 2563.8 s, iters = (12969, 0), opt = -
> Progress 11.9218%, elapsed 2565.1 s, iters = (13166, 0), opt = -
> Progress 11.922%, elapsed 2579.6 s, iters = (13191, 0), opt = -
> Progress 11.922%, elapsed 2592.6 s, iters = (13192, 0), opt = -
> Progress 11.922%, elapsed 2592.6 s, iters = (13193, 0), opt = -
> Progress 11.922%, elapsed 2592.6 s, iters = (13194, 0), opt = -
> Progress 11.922%, elapsed 2592.6 s, iters = (13195, 0), opt = -
> Progress 11.922%, elapsed 2592.6 s, iters = (13196, 0), opt = -
> Progress 11.922%, elapsed 2617.7 s, iters = (13197, 0), opt = -
> Progress 11.922%, elapsed 2617.7 s, iters = (13198, 0), opt = -
> Progress 11.922%, elapsed 2617.7 s, iters = (13199, 0), opt = -
> Progress 11.922%, elapsed 2617.7 s, iters = (13200, 0), opt = -
> Progress 11.922%, elapsed 2617.7 s, iters = (13201, 0), opt = -
> Progress 11.9224%, elapsed 2617.7 s, iters = (13202, 0), opt = -
> Progress 11.9224%, elapsed 2617.7 s, iters = (13203, 0), opt = -
> Progress 11.9224%, elapsed 2617.7 s, iters = (13204, 0), opt = -
> Progress 11.9224%, elapsed 2617.7 s, iters = (13205, 0), opt = -
> Progress 11.9224%, elapsed 2617.7 s, iters = (13206, 0), opt = -
> Progress 11.9225%, elapsed 2617.7 s, iters = (13207, 0), opt = -
> Progress 12.0635%, elapsed 2619.1 s, iters = (13373, 0), opt = -
> Progress 12.111%, elapsed 2622.0 s, iters = (13581, 0), opt = -
> Progress 12.117%, elapsed 2625.0 s, iters = (13822, 0), opt = -
> Progress 12.2622%, elapsed 2628.0 s, iters = (14069, 0), opt = -
> Progress 12.3063%, elapsed 2679.1 s, iters = (14193, 0), opt = -
> Progress 12.3063%, elapsed 2679.1 s, iters = (14194, 0), opt = -
> Progress 12.3063%, elapsed 2727.3 s, iters = (14195, 0), opt = -
> Progress 12.3063%, elapsed 2727.3 s, iters = (14196, 0), opt = -
> Progress 12.3063%, elapsed 2727.3 s, iters = (14197, 0), opt = -
> Progress 12.3063%, elapsed 2727.6 s, iters = (14198, 0), opt = -
> Progress 12.3063%, elapsed 2752.4 s, iters = (14199, 0), opt = -
> Progress 12.3063%, elapsed 2752.4 s, iters = (14200, 0), opt = -
> Progress 12.3063%, elapsed 2752.4 s, iters = (14201, 0), opt = -
> Progress 12.3063%, elapsed 2752.8 s, iters = (14202, 0), opt = -
> Progress 12.3063%, elapsed 2752.8 s, iters = (14203, 0), opt = -
> Progress 12.3063%, elapsed 2752.8 s, iters = (14204, 0), opt = -
> Progress 12.3063%, elapsed 2752.8 s, iters = (14205, 0), opt = -
> Progress 12.3064%, elapsed 2752.8 s, iters = (14206, 0), opt = -
> Progress 12.3064%, elapsed 2753.1 s, iters = (14207, 0), opt = -
> Progress 12.3064%, elapsed 2753.3 s, iters = (14208, 0), opt = -
> Progress 12.3064%, elapsed 2753.7 s, iters = (14209, 0), opt = -
> Progress 12.3064%, elapsed 2753.7 s, iters = (14210, 0), opt = -
> Progress 12.3064%, elapsed 2754.0 s, iters = (14211, 0), opt = -
> Progress 12.3064%, elapsed 2754.0 s, iters = (14212, 0), opt = -
> Progress 12.3064%, elapsed 2754.0 s, iters = (14213, 0), opt = -
> Progress 12.3064%, elapsed 2754.0 s, iters = (14214, 0), opt = -
> Progress 12.3064%, elapsed 2754.0 s, iters = (14215, 0), opt = -
> Progress 12.3064%, elapsed 2754.0 s, iters = (14216, 0), opt = -
> Progress 12.3064%, elapsed 2754.0 s, iters = (14217, 0), opt = -
> Progress 12.3064%, elapsed 2754.0 s, iters = (14218, 0), opt = -
> Progress 12.3064%, elapsed 2754.0 s, iters = (14219, 0), opt = -
> Progress 12.3064%, elapsed 2754.0 s, iters = (14220, 0), opt = -
> Progress 12.3064%, elapsed 2754.1 s, iters = (14221, 0), opt = -
> Progress 12.3064%, elapsed 2754.1 s, iters = (14222, 0), opt = -
> Progress 12.3064%, elapsed 2754.1 s, iters = (14223, 0), opt = -
> Progress 12.3064%, elapsed 2754.1 s, iters = (14224, 0), opt = -
> Progress 12.3064%, elapsed 2754.1 s, iters = (14225, 0), opt = -
> Progress 12.3064%, elapsed 2754.1 s, iters = (14226, 0), opt = -
> Progress 12.3064%, elapsed 2754.3 s, iters = (14227, 0), opt = -
> Progress 12.3064%, elapsed 2754.7 s, iters = (14228, 0), opt = -
> Progress 12.3065%, elapsed 2754.7 s, iters = (14229, 0), opt = -
> Progress 12.3065%, elapsed 2755.1 s, iters = (14230, 0), opt = -
> Progress 12.3065%, elapsed 2755.1 s, iters = (14231, 0), opt = -
> Progress 12.3065%, elapsed 2755.1 s, iters = (14232, 0), opt = -
> Progress 12.3065%, elapsed 2755.1 s, iters = (14233, 0), opt = -
> Progress 12.3065%, elapsed 2755.1 s, iters = (14234, 0), opt = -
> Progress 12.3124%, elapsed 2781.5 s, iters = (14580, 0), opt = -
> Progress 12.3124%, elapsed 2781.5 s, iters = (14581, 0), opt = -
> Progress 12.3124%, elapsed 2806.4 s, iters = (14582, 0), opt = -
> Progress 12.3124%, elapsed 2806.4 s, iters = (14583, 0), opt = -
> Progress 12.3124%, elapsed 2806.4 s, iters = (14584, 0), opt = -
> Progress 12.3124%, elapsed 2806.6 s, iters = (14585, 0), opt = -
> Progress 12.3124%, elapsed 2819.3 s, iters = (14586, 0), opt = -
> Progress 12.3124%, elapsed 2819.3 s, iters = (14587, 0), opt = -
> Progress 12.3124%, elapsed 2819.3 s, iters = (14588, 0), opt = -
> Progress 12.3124%, elapsed 2819.5 s, iters = (14589, 0), opt = -
> Progress 12.3124%, elapsed 2819.5 s, iters = (14590, 0), opt = -
> Progress 12.3124%, elapsed 2819.5 s, iters = (14591, 0), opt = -
> Progress 12.3125%, elapsed 2819.5 s, iters = (14592, 0), opt = -
> Progress 12.3125%, elapsed 2819.5 s, iters = (14593, 0), opt = -
> Progress 12.3125%, elapsed 2819.6 s, iters = (14594, 0), opt = -
> Progress 12.3125%, elapsed 2819.7 s, iters = (14595, 0), opt = -
> Progress 12.3125%, elapsed 2819.9 s, iters = (14596, 0), opt = -
> Progress 12.3125%, elapsed 2819.9 s, iters = (14597, 0), opt = -
> Progress 12.3125%, elapsed 2820.1 s, iters = (14598, 0), opt = -
> Progress 12.3125%, elapsed 2820.1 s, iters = (14599, 0), opt = -
> Progress 12.3125%, elapsed 2820.1 s, iters = (14600, 0), opt = -
> Progress 12.3125%, elapsed 2820.1 s, iters = (14601, 0), opt = -
> Progress 12.5985%, elapsed 2823.0 s, iters = (15895, 0), opt = -
> Progress 12.5987%, elapsed 2849.9 s, iters = (15918, 0), opt = -
> Progress 12.5987%, elapsed 2875.2 s, iters = (15919, 0), opt = -
> Progress 12.5987%, elapsed 2875.2 s, iters = (15920, 0), opt = -
> Progress 12.5987%, elapsed 2875.2 s, iters = (15921, 0), opt = -
> Progress 12.5987%, elapsed 2875.2 s, iters = (15922, 0), opt = -
> Progress 12.5987%, elapsed 2875.2 s, iters = (15923, 0), opt = -
> Progress 12.5987%, elapsed 2925.5 s, iters = (15924, 0), opt = -
> Progress 12.5987%, elapsed 2925.5 s, iters = (15925, 0), opt = -
> Progress 12.5987%, elapsed 2925.5 s, iters = (15926, 0), opt = -
> Progress 12.5987%, elapsed 2925.5 s, iters = (15927, 0), opt = -
> Progress 12.5988%, elapsed 2925.5 s, iters = (15928, 0), opt = -
> Progress 12.5988%, elapsed 2925.5 s, iters = (15929, 0), opt = -
> Progress 12.5988%, elapsed 2925.5 s, iters = (15930, 0), opt = -
> Progress 12.5988%, elapsed 2925.5 s, iters = (15931, 0), opt = -
> Progress 12.5988%, elapsed 2925.5 s, iters = (15932, 0), opt = -
> Progress 12.5988%, elapsed 2925.5 s, iters = (15933, 0), opt = -
> Progress 12.5988%, elapsed 2925.5 s, iters = (15934, 0), opt = -
> Progress 12.5988%, elapsed 2925.5 s, iters = (15935, 0), opt = -
> Progress 12.5988%, elapsed 2925.5 s, iters = (15936, 0), opt = -
> Progress 12.5988%, elapsed 2925.5 s, iters = (15937, 0), opt = -
> Progress 12.5988%, elapsed 2925.5 s, iters = (15938, 0), opt = -
> Progress 12.5988%, elapsed 2925.5 s, iters = (15939, 0), opt = -
> Progress 12.5988%, elapsed 2925.5 s, iters = (15940, 0), opt = -
> Progress 12.5989%, elapsed 2925.5 s, iters = (15941, 0), opt = -
> Progress 12.5989%, elapsed 2925.5 s, iters = (15942, 0), opt = -
> Progress 12.5989%, elapsed 2925.5 s, iters = (15943, 0), opt = -
> Progress 12.5989%, elapsed 2925.5 s, iters = (15944, 0), opt = -
> Progress 12.5989%, elapsed 2925.5 s, iters = (15945, 0), opt = -
> Progress 12.5989%, elapsed 2925.5 s, iters = (15946, 0), opt = -
> Progress 12.5989%, elapsed 2925.5 s, iters = (15947, 0), opt = -
> Progress 12.5989%, elapsed 2925.5 s, iters = (15948, 0), opt = -
> Progress 12.5989%, elapsed 2925.5 s, iters = (15949, 0), opt = -
> Progress 12.5989%, elapsed 2925.5 s, iters = (15950, 0), opt = -
> Progress 12.599%, elapsed 2925.5 s, iters = (15951, 0), opt = -
> Progress 12.6953%, elapsed 2928.1 s, iters = (16865, 0), opt = -
> Progress 12.7929%, elapsed 2931.0 s, iters = (17910, 0), opt = -
> Progress 12.8116%, elapsed 2934.1 s, iters = (18397, 0), opt = -
> Progress 13.3792%, elapsed 2937.0 s, iters = (19419, 0), opt = -
> Progress 13.4828%, elapsed 2950.6 s, iters = (19848, 0), opt = -
> Progress 13.4828%, elapsed 2950.6 s, iters = (19849, 0), opt = -
> Progress 13.4828%, elapsed 2950.6 s, iters = (19850, 0), opt = -
> Progress 13.4828%, elapsed 2950.6 s, iters = (19851, 0), opt = -
> Progress 13.556%, elapsed 2962.3 s, iters = (20046, 0), opt = -
> Progress 13.556%, elapsed 2962.3 s, iters = (20047, 0), opt = -
> Progress 13.556%, elapsed 2962.3 s, iters = (20048, 0), opt = -
> Progress 13.556%, elapsed 2962.3 s, iters = (20049, 0), opt = -
> Progress 13.5805%, elapsed 2985.6 s, iters = (20259, 0), opt = -
> Progress 13.5805%, elapsed 2985.6 s, iters = (20260, 0), opt = -
> Progress 13.5805%, elapsed 2985.6 s, iters = (20261, 0), opt = -
> Progress 13.5805%, elapsed 2985.6 s, iters = (20262, 0), opt = -
> Progress 13.5805%, elapsed 2985.6 s, iters = (20263, 0), opt = -
> Progress 13.5805%, elapsed 2985.6 s, iters = (20264, 0), opt = -
> Progress 13.5805%, elapsed 2985.6 s, iters = (20265, 0), opt = -
> Progress 13.5805%, elapsed 2985.6 s, iters = (20266, 0), opt = -
> Progress 13.6537%, elapsed 3009.7 s, iters = (20487, 0), opt = -
> Progress 13.6537%, elapsed 3009.7 s, iters = (20488, 0), opt = -
> Progress 13.6537%, elapsed 3009.7 s, iters = (20489, 0), opt = -
> Progress 13.6537%, elapsed 3009.7 s, iters = (20490, 0), opt = -
> Progress 13.6537%, elapsed 3009.7 s, iters = (20491, 0), opt = -
> Progress 13.6537%, elapsed 3009.7 s, iters = (20492, 0), opt = -
> Progress 13.6537%, elapsed 3009.7 s, iters = (20493, 0), opt = -
> Progress 13.6537%, elapsed 3009.7 s, iters = (20494, 0), opt = -
> Progress 13.7704%, elapsed 3012.1 s, iters = (21253, 0), opt = -
> Progress 13.7706%, elapsed 3039.2 s, iters = (21276, 0), opt = -
> Progress 13.7706%, elapsed 3064.3 s, iters = (21277, 0), opt = -
> Progress 13.7706%, elapsed 3064.3 s, iters = (21278, 0), opt = -
> Progress 13.7706%, elapsed 3064.4 s, iters = (21279, 0), opt = -
> Progress 13.7706%, elapsed 3064.4 s, iters = (21280, 0), opt = -
> Progress 13.7706%, elapsed 3064.4 s, iters = (21281, 0), opt = -
> Progress 13.7706%, elapsed 3114.1 s, iters = (21282, 0), opt = -
> Progress 13.7706%, elapsed 3114.1 s, iters = (21283, 0), opt = -
> Progress 13.7706%, elapsed 3114.1 s, iters = (21284, 0), opt = -
> Progress 13.7706%, elapsed 3114.1 s, iters = (21285, 0), opt = -
> Progress 13.7706%, elapsed 3114.1 s, iters = (21286, 0), opt = -
> Progress 13.7706%, elapsed 3114.1 s, iters = (21287, 0), opt = -
> Progress 13.7706%, elapsed 3114.1 s, iters = (21288, 0), opt = -
> Progress 13.7706%, elapsed 3114.1 s, iters = (21289, 0), opt = -
> Progress 13.7707%, elapsed 3114.1 s, iters = (21290, 0), opt = -
> Progress 13.7707%, elapsed 3114.1 s, iters = (21291, 0), opt = -
> Progress 13.7707%, elapsed 3114.1 s, iters = (21292, 0), opt = -
> Progress 13.7707%, elapsed 3114.1 s, iters = (21293, 0), opt = -
> Progress 13.7707%, elapsed 3114.1 s, iters = (21294, 0), opt = -
> Progress 13.7707%, elapsed 3114.1 s, iters = (21295, 0), opt = -
> Progress 13.7707%, elapsed 3114.1 s, iters = (21296, 0), opt = -
> Progress 13.7707%, elapsed 3114.1 s, iters = (21297, 0), opt = -
> Progress 13.7707%, elapsed 3114.1 s, iters = (21298, 0), opt = -
> Progress 13.7708%, elapsed 3114.1 s, iters = (21299, 0), opt = -
> Progress 13.7708%, elapsed 3114.1 s, iters = (21300, 0), opt = -
> Progress 13.7708%, elapsed 3114.1 s, iters = (21301, 0), opt = -
> Progress 13.7708%, elapsed 3114.1 s, iters = (21302, 0), opt = -
> Progress 13.7708%, elapsed 3114.1 s, iters = (21303, 0), opt = -
> Progress 13.7708%, elapsed 3114.1 s, iters = (21304, 0), opt = -
> Progress 13.7708%, elapsed 3114.1 s, iters = (21305, 0), opt = -
> Progress 13.7708%, elapsed 3114.1 s, iters = (21306, 0), opt = -
> Progress 13.7708%, elapsed 3114.1 s, iters = (21307, 0), opt = -
> Progress 13.7708%, elapsed 3114.1 s, iters = (21308, 0), opt = -
> Progress 13.7709%, elapsed 3114.1 s, iters = (21309, 0), opt = -
> Progress 13.9656%, elapsed 3117.1 s, iters = (22478, 0), opt = -
> Progress 14.038%, elapsed 3120.1 s, iters = (22908, 0), opt = -
> Progress 28.2237%, elapsed 3148.5 s, iters = (24119, 0), opt = -
> Progress 28.2237%, elapsed 3173.4 s, iters = (24120, 0), opt = -
> Progress 28.2237%, elapsed 3173.4 s, iters = (24121, 0), opt = -
> Progress 28.2237%, elapsed 3173.4 s, iters = (24122, 0), opt = -
> Progress 28.2237%, elapsed 3173.4 s, iters = (24123, 0), opt = -
> Progress 28.2237%, elapsed 3173.4 s, iters = (24124, 0), opt = -
> Progress 28.2237%, elapsed 3222.6 s, iters = (24125, 0), opt = -
> Progress 28.2237%, elapsed 3222.6 s, iters = (24126, 0), opt = -
> Progress 28.2237%, elapsed 3222.6 s, iters = (24127, 0), opt = -
> Progress 28.2237%, elapsed 3222.6 s, iters = (24128, 0), opt = -
> Progress 28.2238%, elapsed 3222.6 s, iters = (24129, 0), opt = -
> Progress 28.2238%, elapsed 3222.6 s, iters = (24130, 0), opt = -
> Progress 28.2238%, elapsed 3222.6 s, iters = (24131, 0), opt = -
> Progress 28.2238%, elapsed 3222.6 s, iters = (24132, 0), opt = -
> Progress 28.2238%, elapsed 3222.6 s, iters = (24133, 0), opt = -
> Progress 28.2238%, elapsed 3222.6 s, iters = (24134, 0), opt = -
> Progress 28.2238%, elapsed 3222.6 s, iters = (24135, 0), opt = -
> Progress 28.2238%, elapsed 3222.6 s, iters = (24136, 0), opt = -
> Progress 28.2238%, elapsed 3222.6 s, iters = (24137, 0), opt = -
> Progress 28.2238%, elapsed 3222.6 s, iters = (24138, 0), opt = -
> Progress 28.2238%, elapsed 3222.6 s, iters = (24139, 0), opt = -
> Progress 28.2238%, elapsed 3222.6 s, iters = (24140, 0), opt = -
> Progress 28.2238%, elapsed 3222.6 s, iters = (24141, 0), opt = -
> Progress 28.2239%, elapsed 3222.6 s, iters = (24142, 0), opt = -
> Progress 28.2239%, elapsed 3222.6 s, iters = (24143, 0), opt = -
> Progress 28.2239%, elapsed 3222.6 s, iters = (24144, 0), opt = -
> Progress 28.2239%, elapsed 3222.6 s, iters = (24145, 0), opt = -
> Progress 28.2239%, elapsed 3222.6 s, iters = (24146, 0), opt = -
> Progress 28.2239%, elapsed 3222.6 s, iters = (24147, 0), opt = -
> Progress 28.2239%, elapsed 3222.6 s, iters = (24148, 0), opt = -
> Progress 28.2239%, elapsed 3222.6 s, iters = (24149, 0), opt = -
> Progress 28.2239%, elapsed 3222.6 s, iters = (24150, 0), opt = -
> Progress 28.2239%, elapsed 3222.6 s, iters = (24151, 0), opt = -
> Progress 28.224%, elapsed 3222.6 s, iters = (24152, 0), opt = -
> Progress 28.3081%, elapsed 3225.0 s, iters = (24923, 0), opt = -
> Progress 28.4179%, elapsed 3228.1 s, iters = (26111, 0), opt = -
> Progress 28.4366%, elapsed 3231.0 s, iters = (26598, 0), opt = -
> Progress 29.0042%, elapsed 3234.0 s, iters = (27625, 0), opt = -
> Progress 29.1078%, elapsed 3247.4 s, iters = (28049, 0), opt = -
> Progress 29.1078%, elapsed 3247.4 s, iters = (28050, 0), opt = -
> Progress 29.1078%, elapsed 3247.4 s, iters = (28051, 0), opt = -
> Progress 29.1078%, elapsed 3247.4 s, iters = (28052, 0), opt = -
> Progress 29.181%, elapsed 3258.9 s, iters = (28247, 0), opt = -
> Progress 29.181%, elapsed 3258.9 s, iters = (28248, 0), opt = -
> Progress 29.181%, elapsed 3258.9 s, iters = (28249, 0), opt = -
> Progress 29.181%, elapsed 3258.9 s, iters = (28250, 0), opt = -
> Progress 29.2055%, elapsed 3282.1 s, iters = (28460, 0), opt = -
> Progress 29.2055%, elapsed 3282.1 s, iters = (28461, 0), opt = -
> Progress 29.2055%, elapsed 3282.1 s, iters = (28462, 0), opt = -
> Progress 29.2055%, elapsed 3282.1 s, iters = (28463, 0), opt = -
> Progress 29.2055%, elapsed 3282.1 s, iters = (28464, 0), opt = -
> Progress 29.2055%, elapsed 3282.1 s, iters = (28465, 0), opt = -
> Progress 29.2055%, elapsed 3282.1 s, iters = (28466, 0), opt = -
> Progress 29.2055%, elapsed 3282.1 s, iters = (28467, 0), opt = -
> Progress 29.2787%, elapsed 3305.9 s, iters = (28688, 0), opt = -
> Progress 29.2787%, elapsed 3305.9 s, iters = (28689, 0), opt = -
> Progress 29.2787%, elapsed 3305.9 s, iters = (28690, 0), opt = -
> Progress 29.2787%, elapsed 3305.9 s, iters = (28691, 0), opt = -
> Progress 29.2787%, elapsed 3305.9 s, iters = (28692, 0), opt = -
> Progress 29.2787%, elapsed 3305.9 s, iters = (28693, 0), opt = -
> Progress 29.2787%, elapsed 3305.9 s, iters = (28694, 0), opt = -
> Progress 29.2787%, elapsed 3306.0 s, iters = (28697, 0), opt = -
> Progress 29.3955%, elapsed 3309.1 s, iters = (29470, 0), opt = -
> Progress 29.3956%, elapsed 3335.1 s, iters = (29477, 0), opt = -
> Progress 29.3956%, elapsed 3359.9 s, iters = (29478, 0), opt = -
> Progress 29.3956%, elapsed 3359.9 s, iters = (29479, 0), opt = -
> Progress 29.3956%, elapsed 3359.9 s, iters = (29480, 0), opt = -
> Progress 29.3956%, elapsed 3359.9 s, iters = (29481, 0), opt = -
> Progress 29.3956%, elapsed 3359.9 s, iters = (29482, 0), opt = -
> Progress 29.3956%, elapsed 3408.9 s, iters = (29483, 0), opt = -
> Progress 29.3956%, elapsed 3408.9 s, iters = (29484, 0), opt = -
> Progress 29.3956%, elapsed 3408.9 s, iters = (29485, 0), opt = -
> Progress 29.3956%, elapsed 3408.9 s, iters = (29486, 0), opt = -
> Progress 29.3956%, elapsed 3408.9 s, iters = (29487, 0), opt = -
> Progress 29.3956%, elapsed 3408.9 s, iters = (29488, 0), opt = -
> Progress 29.3956%, elapsed 3408.9 s, iters = (29489, 0), opt = -
> Progress 29.3956%, elapsed 3408.9 s, iters = (29490, 0), opt = -
> Progress 29.3957%, elapsed 3408.9 s, iters = (29491, 0), opt = -
> Progress 29.3957%, elapsed 3408.9 s, iters = (29492, 0), opt = -
> Progress 29.3957%, elapsed 3408.9 s, iters = (29493, 0), opt = -
> Progress 29.3957%, elapsed 3408.9 s, iters = (29494, 0), opt = -
> Progress 29.3957%, elapsed 3408.9 s, iters = (29495, 0), opt = -
> Progress 29.3957%, elapsed 3408.9 s, iters = (29496, 0), opt = -
> Progress 29.3957%, elapsed 3408.9 s, iters = (29497, 0), opt = -
> Progress 29.3957%, elapsed 3408.9 s, iters = (29498, 0), opt = -
> Progress 29.3957%, elapsed 3408.9 s, iters = (29499, 0), opt = -
> Progress 29.3958%, elapsed 3408.9 s, iters = (29500, 0), opt = -
> Progress 29.3958%, elapsed 3408.9 s, iters = (29501, 0), opt = -
> Progress 29.3958%, elapsed 3408.9 s, iters = (29502, 0), opt = -
> Progress 29.3958%, elapsed 3408.9 s, iters = (29503, 0), opt = -
> Progress 29.3958%, elapsed 3408.9 s, iters = (29504, 0), opt = -
> Progress 29.3958%, elapsed 3408.9 s, iters = (29505, 0), opt = -
> Progress 29.3958%, elapsed 3408.9 s, iters = (29506, 0), opt = -
> Progress 29.3958%, elapsed 3408.9 s, iters = (29507, 0), opt = -
> Progress 29.3958%, elapsed 3408.9 s, iters = (29508, 0), opt = -
> Progress 29.3958%, elapsed 3408.9 s, iters = (29509, 0), opt = -
> Progress 29.4932%, elapsed 3411.1 s, iters = (30086, 0), opt = -
> Progress 29.5908%, elapsed 3414.0 s, iters = (30726, 0), opt = -
> Progress 50.197%, elapsed 3417.1 s, iters = (33552, 0), opt = -
> Progress 50.1974%, elapsed 3444.5 s, iters = (33575, 0), opt = -
> Progress 50.1974%, elapsed 3470.0 s, iters = (33576, 0), opt = -
> Progress 50.1974%, elapsed 3470.0 s, iters = (33577, 0), opt = -
> Progress 50.1974%, elapsed 3470.0 s, iters = (33578, 0), opt = -
> Progress 50.1974%, elapsed 3520.0 s, iters = (33579, 0), opt = -
> Progress 50.1974%, elapsed 3520.0 s, iters = (33580, 0), opt = -
> Progress 50.1975%, elapsed 3520.0 s, iters = (33581, 0), opt = -
> Progress 50.1976%, elapsed 3520.0 s, iters = (33582, 0), opt = -
> Progress 50.1976%, elapsed 3520.0 s, iters = (33583, 0), opt = -
> Progress 50.1976%, elapsed 3520.0 s, iters = (33584, 0), opt = -
> Progress 50.1976%, elapsed 3520.0 s, iters = (33585, 0), opt = -
> Progress 50.1976%, elapsed 3520.0 s, iters = (33586, 0), opt = -
> Progress 50.1976%, elapsed 3520.0 s, iters = (33587, 0), opt = -
> Progress 50.1976%, elapsed 3520.0 s, iters = (33588, 0), opt = -
> Progress 50.1976%, elapsed 3520.0 s, iters = (33589, 0), opt = -
> Progress 50.1976%, elapsed 3520.0 s, iters = (33590, 0), opt = -
> Progress 50.1976%, elapsed 3520.0 s, iters = (33591, 0), opt = -
> Progress 50.1976%, elapsed 3520.0 s, iters = (33592, 0), opt = -
> Progress 50.1977%, elapsed 3520.0 s, iters = (33593, 0), opt = -
> Progress 50.1977%, elapsed 3520.0 s, iters = (33594, 0), opt = -
> Progress 50.1977%, elapsed 3520.0 s, iters = (33595, 0), opt = -
> Progress 50.1978%, elapsed 3520.0 s, iters = (33596, 0), opt = -
> Progress 50.1978%, elapsed 3520.0 s, iters = (33597, 0), opt = -
> Progress 50.1978%, elapsed 3520.0 s, iters = (33598, 0), opt = -
> Progress 50.1978%, elapsed 3520.0 s, iters = (33599, 0), opt = -
> Progress 50.1978%, elapsed 3520.0 s, iters = (33600, 0), opt = -
> Progress 50.1978%, elapsed 3520.0 s, iters = (33601, 0), opt = -
> Progress 50.1979%, elapsed 3520.0 s, iters = (33602, 0), opt = -
> Progress 50.1979%, elapsed 3520.0 s, iters = (33603, 0), opt = -
> Progress 50.1979%, elapsed 3520.0 s, iters = (33604, 0), opt = -
> Progress 50.1979%, elapsed 3520.0 s, iters = (33605, 0), opt = -
> Progress 50.198%, elapsed 3520.0 s, iters = (33606, 0), opt = -
> Progress 50.198%, elapsed 3520.0 s, iters = (33607, 0), opt = -
> Progress 50.198%, elapsed 3520.0 s, iters = (33608, 0), opt = -
> Progress 50.2035%, elapsed 3534.6 s, iters = (33810, 0), opt = -
> Progress 50.2035%, elapsed 3547.6 s, iters = (33811, 0), opt = -
> Progress 50.2035%, elapsed 3547.6 s, iters = (33812, 0), opt = -
> Progress 50.2035%, elapsed 3547.6 s, iters = (33813, 0), opt = -
> Progress 50.2035%, elapsed 3572.8 s, iters = (33814, 0), opt = -
> Progress 50.2035%, elapsed 3572.8 s, iters = (33815, 0), opt = -
> Progress 50.2036%, elapsed 3572.8 s, iters = (33816, 0), opt = -
> Progress 50.2037%, elapsed 3572.8 s, iters = (33817, 0), opt = -
> Progress 50.2037%, elapsed 3572.8 s, iters = (33818, 0), opt = -
> Progress 50.2037%, elapsed 3572.8 s, iters = (33819, 0), opt = -
> Progress 50.2037%, elapsed 3572.8 s, iters = (33820, 0), opt = -
> Progress 50.2037%, elapsed 3572.8 s, iters = (33821, 0), opt = -
> Progress 50.2037%, elapsed 3572.8 s, iters = (33822, 0), opt = -
> Progress 50.2037%, elapsed 3572.8 s, iters = (33823, 0), opt = -
> Progress 50.2037%, elapsed 3572.8 s, iters = (33824, 0), opt = -
> Progress 50.2037%, elapsed 3572.8 s, iters = (33825, 0), opt = -
> Progress 50.2037%, elapsed 3572.8 s, iters = (33826, 0), opt = -
> Progress 50.2059%, elapsed 3573.1 s, iters = (33886, 0), opt = -
> Progress 50.2996%, elapsed 3576.1 s, iters = (35011, 0), opt = -
> Progress 50.3563%, elapsed 3579.0 s, iters = (36056, 0), opt = -
> Progress 50.3967%, elapsed 3582.0 s, iters = (37102, 0), opt = -
> Progress 50.5122%, elapsed 3585.0 s, iters = (38708, 0), opt = -
> Progress 50.5876%, elapsed 3588.1 s, iters = (40466, 0), opt = -
> Progress 50.5935%, elapsed 3591.1 s, iters = (40780, 0), opt = -
> Progress 50.6838%, elapsed 3594.0 s, iters = (41646, 0), opt = -
> Progress 50.6992%, elapsed 3597.0 s, iters = (42053, 0), opt = -
> Progress 50.7385%, elapsed 3600.0 s, iters = (42794, 0), opt = -
> Progress 51.9656%, elapsed 3608.5 s, iters = (44310, 0), opt = -
> Progress 51.9657%, elapsed 3608.5 s, iters = (44311, 0), opt = -
> Progress 52.1121%, elapsed 3614.2 s, iters = (44493, 0), opt = -
> Progress 52.1121%, elapsed 3614.2 s, iters = (44494, 0), opt = -
> Progress 52.1514%, elapsed 3615.0 s, iters = (44670, 0), opt = -
> Progress 52.1609%, elapsed 3626.5 s, iters = (44687, 0), opt = -
> Progress 52.161%, elapsed 3626.5 s, iters = (44688, 0), opt = -
> Progress 52.161%, elapsed 3626.5 s, iters = (44689, 0), opt = -
> Progress 52.2949%, elapsed 3627.0 s, iters = (44799, 0), opt = -
> Progress 52.3074%, elapsed 3639.0 s, iters = (44881, 0), opt = -
> Progress 52.3075%, elapsed 3639.0 s, iters = (44882, 0), opt = -
> Progress 52.3075%, elapsed 3639.0 s, iters = (44883, 0), opt = -
> Progress 52.3075%, elapsed 3639.0 s, iters = (44884, 0), opt = -
> Progress 52.541%, elapsed 3642.1 s, iters = (46423, 0), opt = -
> Progress 52.5412%, elapsed 3668.0 s, iters = (46434, 0), opt = -
> Progress 52.5412%, elapsed 3693.1 s, iters = (46435, 0), opt = -
> Progress 52.5412%, elapsed 3693.1 s, iters = (46436, 0), opt = -
> Progress 52.5412%, elapsed 3693.1 s, iters = (46437, 0), opt = -
> Progress 52.5412%, elapsed 3742.3 s, iters = (46438, 0), opt = -
> Progress 52.5412%, elapsed 3742.3 s, iters = (46439, 0), opt = -
> Progress 52.5412%, elapsed 3742.3 s, iters = (46440, 0), opt = -
> Progress 52.5413%, elapsed 3742.3 s, iters = (46441, 0), opt = -
> Progress 52.5413%, elapsed 3742.3 s, iters = (46442, 0), opt = -
> Progress 52.5413%, elapsed 3742.3 s, iters = (46443, 0), opt = -
> Progress 52.5413%, elapsed 3742.3 s, iters = (46444, 0), opt = -
> Progress 52.5413%, elapsed 3742.3 s, iters = (46445, 0), opt = -
> Progress 52.5413%, elapsed 3742.3 s, iters = (46446, 0), opt = -
> Progress 52.5413%, elapsed 3742.3 s, iters = (46447, 0), opt = -
> Progress 52.5414%, elapsed 3742.3 s, iters = (46448, 0), opt = -
> Progress 52.5414%, elapsed 3742.3 s, iters = (46449, 0), opt = -
> Progress 52.5414%, elapsed 3742.3 s, iters = (46450, 0), opt = -
> Progress 52.5414%, elapsed 3742.3 s, iters = (46451, 0), opt = -
> Progress 52.5415%, elapsed 3742.3 s, iters = (46452, 0), opt = -
> Progress 52.5415%, elapsed 3742.3 s, iters = (46453, 0), opt = -
> Progress 52.5415%, elapsed 3742.3 s, iters = (46454, 0), opt = -
> Progress 52.5415%, elapsed 3742.3 s, iters = (46455, 0), opt = -
> Progress 52.5415%, elapsed 3742.3 s, iters = (46456, 0), opt = -
> Progress 52.5416%, elapsed 3742.3 s, iters = (46457, 0), opt = -
> Progress 52.5416%, elapsed 3742.3 s, iters = (46458, 0), opt = -
> Progress 52.5416%, elapsed 3742.3 s, iters = (46459, 0), opt = -
> Progress 52.5416%, elapsed 3742.3 s, iters = (46460, 0), opt = -
> Progress 52.5417%, elapsed 3742.3 s, iters = (46461, 0), opt = -
> Progress 52.5417%, elapsed 3742.3 s, iters = (46462, 0), opt = -
> Progress 52.5417%, elapsed 3742.3 s, iters = (46463, 0), opt = -
> Progress 52.5417%, elapsed 3742.3 s, iters = (46464, 0), opt = -
> Progress 52.5417%, elapsed 3742.3 s, iters = (46465, 0), opt = -
> Progress 52.5417%, elapsed 3742.3 s, iters = (46466, 0), opt = -
> Progress 52.5473%, elapsed 3756.7 s, iters = (46669, 0), opt = -
> Progress 52.5473%, elapsed 3769.5 s, iters = (46670, 0), opt = -
> Progress 52.5473%, elapsed 3769.5 s, iters = (46671, 0), opt = -
> Progress 52.5473%, elapsed 3769.5 s, iters = (46672, 0), opt = -
> Progress 52.5473%, elapsed 3794.3 s, iters = (46673, 0), opt = -
> Progress 52.5473%, elapsed 3794.3 s, iters = (46674, 0), opt = -
> Progress 52.5473%, elapsed 3794.3 s, iters = (46675, 0), opt = -
> Progress 52.5474%, elapsed 3794.3 s, iters = (46676, 0), opt = -
> Progress 52.5474%, elapsed 3794.3 s, iters = (46677, 0), opt = -
> Progress 52.5474%, elapsed 3794.3 s, iters = (46678, 0), opt = -
> Progress 52.5474%, elapsed 3794.3 s, iters = (46679, 0), opt = -
> Progress 52.5474%, elapsed 3794.3 s, iters = (46680, 0), opt = -
> Progress 52.5475%, elapsed 3794.3 s, iters = (46681, 0), opt = -
> Progress 52.5475%, elapsed 3794.3 s, iters = (46682, 0), opt = -
> Progress 52.5475%, elapsed 3794.3 s, iters = (46683, 0), opt = -
> Progress 52.5475%, elapsed 3794.3 s, iters = (46684, 0), opt = -
> Progress 52.5475%, elapsed 3794.3 s, iters = (46685, 0), opt = -
> Progress 52.5501%, elapsed 3795.1 s, iters = (46758, 0), opt = -
> Progress 52.7361%, elapsed 3798.0 s, iters = (48352, 0), opt = -
> Progress 52.7454%, elapsed 3801.1 s, iters = (48694, 0), opt = -
> Progress 52.9314%, elapsed 3804.1 s, iters = (50261, 0), opt = -
> Progress 52.9375%, elapsed 3807.2 s, iters = (50584, 0), opt = -
> Progress 53.2921%, elapsed 3810.0 s, iters = (53807, 0), opt = -
> Progress 53.3224%, elapsed 3838.6 s, iters = (54213, 0), opt = -
> Progress 53.3224%, elapsed 3863.9 s, iters = (54214, 0), opt = -
> Progress 53.3224%, elapsed 3863.9 s, iters = (54215, 0), opt = -
> Progress 53.3224%, elapsed 3863.9 s, iters = (54216, 0), opt = -
> Progress 53.3224%, elapsed 3913.7 s, iters = (54217, 0), opt = -
> Progress 53.3224%, elapsed 3913.7 s, iters = (54218, 0), opt = -
> Progress 53.3225%, elapsed 3913.7 s, iters = (54219, 0), opt = -
> Progress 53.3226%, elapsed 3913.7 s, iters = (54220, 0), opt = -
> Progress 53.3226%, elapsed 3913.7 s, iters = (54221, 0), opt = -
> Progress 53.3226%, elapsed 3913.7 s, iters = (54222, 0), opt = -
> Progress 53.3226%, elapsed 3913.7 s, iters = (54223, 0), opt = -
> Progress 53.3226%, elapsed 3913.7 s, iters = (54224, 0), opt = -
> Progress 53.3226%, elapsed 3913.7 s, iters = (54225, 0), opt = -
> Progress 53.3226%, elapsed 3913.7 s, iters = (54226, 0), opt = -
> Progress 53.3226%, elapsed 3913.7 s, iters = (54227, 0), opt = -
> Progress 53.3226%, elapsed 3913.7 s, iters = (54228, 0), opt = -
> Progress 53.3226%, elapsed 3913.7 s, iters = (54229, 0), opt = -
> Progress 53.3226%, elapsed 3913.7 s, iters = (54230, 0), opt = -
> Progress 53.3227%, elapsed 3913.7 s, iters = (54231, 0), opt = -
> Progress 53.3227%, elapsed 3913.7 s, iters = (54232, 0), opt = -
> Progress 53.3227%, elapsed 3913.7 s, iters = (54233, 0), opt = -
> Progress 53.3228%, elapsed 3913.7 s, iters = (54234, 0), opt = -
> Progress 53.3228%, elapsed 3913.7 s, iters = (54235, 0), opt = -
> Progress 53.3228%, elapsed 3913.7 s, iters = (54236, 0), opt = -
> Progress 53.3228%, elapsed 3913.7 s, iters = (54237, 0), opt = -
> Progress 53.3228%, elapsed 3913.7 s, iters = (54238, 0), opt = -
> Progress 53.3228%, elapsed 3913.7 s, iters = (54239, 0), opt = -
> Progress 53.3229%, elapsed 3913.7 s, iters = (54240, 0), opt = -
> Progress 53.3229%, elapsed 3913.7 s, iters = (54241, 0), opt = -
> Progress 53.3229%, elapsed 3913.7 s, iters = (54242, 0), opt = -
> Progress 53.3229%, elapsed 3913.7 s, iters = (54243, 0), opt = -
> Progress 53.323%, elapsed 3913.7 s, iters = (54244, 0), opt = -
> Progress 53.323%, elapsed 3913.7 s, iters = (54245, 0), opt = -
> Progress 53.323%, elapsed 3913.7 s, iters = (54246, 0), opt = -
> Progress 53.3285%, elapsed 3915.0 s, iters = (54442, 0), opt = -
> Progress 53.3285%, elapsed 3928.2 s, iters = (54448, 0), opt = -
> Progress 53.3285%, elapsed 3941.0 s, iters = (54449, 0), opt = -
> Progress 53.3285%, elapsed 3941.0 s, iters = (54450, 0), opt = -
> Progress 53.3285%, elapsed 3941.0 s, iters = (54451, 0), opt = -
> Progress 53.3285%, elapsed 3966.0 s, iters = (54452, 0), opt = -
> Progress 53.3285%, elapsed 3966.0 s, iters = (54453, 0), opt = -
> Progress 53.3286%, elapsed 3966.0 s, iters = (54454, 0), opt = -
> Progress 53.3287%, elapsed 3966.0 s, iters = (54455, 0), opt = -
> Progress 53.3287%, elapsed 3966.0 s, iters = (54456, 0), opt = -
> Progress 53.3287%, elapsed 3966.0 s, iters = (54457, 0), opt = -
> Progress 53.3287%, elapsed 3966.0 s, iters = (54458, 0), opt = -
> Progress 53.3287%, elapsed 3966.0 s, iters = (54459, 0), opt = -
> Progress 53.3287%, elapsed 3966.0 s, iters = (54460, 0), opt = -
> Progress 53.3287%, elapsed 3966.0 s, iters = (54461, 0), opt = -
> Progress 53.3287%, elapsed 3966.0 s, iters = (54462, 0), opt = -
> Progress 53.3287%, elapsed 3966.0 s, iters = (54463, 0), opt = -
> Progress 53.3287%, elapsed 3966.0 s, iters = (54464, 0), opt = -
> Progress 53.4246%, elapsed 3969.1 s, iters = (55648, 0), opt = -
> Progress 53.4774%, elapsed 3972.0 s, iters = (56617, 0), opt = -
> Progress 53.5217%, elapsed 3975.1 s, iters = (57739, 0), opt = -
> Progress 53.6352%, elapsed 3978.0 s, iters = (59328, 0), opt = -
> Progress 53.7126%, elapsed 3981.1 s, iters = (61104, 0), opt = -
> Progress 53.7187%, elapsed 3984.0 s, iters = (61429, 0), opt = -
> Progress 53.811%, elapsed 3987.2 s, iters = (62336, 0), opt = -
> Progress 53.83%, elapsed 3990.0 s, iters = (62810, 0), opt = -
> Progress 53.8791%, elapsed 3993.0 s, iters = (63891, 0), opt = -
> Progress 55.0906%, elapsed 3998.6 s, iters = (64930, 0), opt = -
> Progress 55.2371%, elapsed 4002.3 s, iters = (65113, 0), opt = -
> Progress 55.2371%, elapsed 4002.3 s, iters = (65114, 0), opt = -
> Progress 55.2859%, elapsed 4010.4 s, iters = (65307, 0), opt = -
> Progress 55.286%, elapsed 4010.4 s, iters = (65308, 0), opt = -
> Progress 55.4201%, elapsed 4011.0 s, iters = (65433, 0), opt = -
> Progress 55.4324%, elapsed 4018.6 s, iters = (65495, 0), opt = -
> Progress 55.4325%, elapsed 4018.6 s, iters = (65496, 0), opt = -
> Progress 55.6655%, elapsed 4020.0 s, iters = (67005, 0), opt = -
> Progress 55.6662%, elapsed 4047.3 s, iters = (67042, 0), opt = -
> Progress 55.6662%, elapsed 4072.1 s, iters = (67043, 0), opt = -
> Progress 55.6662%, elapsed 4072.1 s, iters = (67044, 0), opt = -
> Progress 55.6662%, elapsed 4072.1 s, iters = (67045, 0), opt = -
> Progress 55.6662%, elapsed 4120.7 s, iters = (67046, 0), opt = -
> Progress 55.6662%, elapsed 4120.7 s, iters = (67047, 0), opt = -
> Progress 55.6662%, elapsed 4120.7 s, iters = (67048, 0), opt = -
> Progress 55.6663%, elapsed 4120.7 s, iters = (67049, 0), opt = -
> Progress 55.6663%, elapsed 4120.7 s, iters = (67050, 0), opt = -
> Progress 55.6663%, elapsed 4120.7 s, iters = (67051, 0), opt = -
> Progress 55.6663%, elapsed 4120.7 s, iters = (67052, 0), opt = -
> Progress 55.6663%, elapsed 4120.7 s, iters = (67053, 0), opt = -
> Progress 55.6663%, elapsed 4120.7 s, iters = (67054, 0), opt = -
> Progress 55.6663%, elapsed 4120.7 s, iters = (67055, 0), opt = -
> Progress 55.6664%, elapsed 4120.7 s, iters = (67056, 0), opt = -
> Progress 55.6664%, elapsed 4120.7 s, iters = (67057, 0), opt = -
> Progress 55.6664%, elapsed 4120.7 s, iters = (67058, 0), opt = -
> Progress 55.6664%, elapsed 4120.7 s, iters = (67059, 0), opt = -
> Progress 55.6665%, elapsed 4120.7 s, iters = (67060, 0), opt = -
> Progress 55.6665%, elapsed 4120.7 s, iters = (67061, 0), opt = -
> Progress 55.6665%, elapsed 4120.7 s, iters = (67062, 0), opt = -
> Progress 55.6665%, elapsed 4120.7 s, iters = (67063, 0), opt = -
> Progress 55.6665%, elapsed 4120.7 s, iters = (67064, 0), opt = -
> Progress 55.6666%, elapsed 4120.7 s, iters = (67065, 0), opt = -
> Progress 55.6666%, elapsed 4120.7 s, iters = (67066, 0), opt = -
> Progress 55.6666%, elapsed 4120.7 s, iters = (67067, 0), opt = -
> Progress 55.6666%, elapsed 4120.7 s, iters = (67068, 0), opt = -
> Progress 55.6667%, elapsed 4120.7 s, iters = (67069, 0), opt = -
> Progress 55.6667%, elapsed 4120.7 s, iters = (67070, 0), opt = -
> Progress 55.6667%, elapsed 4120.7 s, iters = (67071, 0), opt = -
> Progress 55.6667%, elapsed 4120.7 s, iters = (67072, 0), opt = -
> Progress 55.6667%, elapsed 4120.7 s, iters = (67073, 0), opt = -
> Progress 55.6667%, elapsed 4120.7 s, iters = (67074, 0), opt = -
> Progress 55.6722%, elapsed 4122.0 s, iters = (67271, 0), opt = -
> Progress 55.6723%, elapsed 4135.0 s, iters = (67277, 0), opt = -
> Progress 55.6723%, elapsed 4147.5 s, iters = (67278, 0), opt = -
> Progress 55.6723%, elapsed 4147.5 s, iters = (67279, 0), opt = -
> Progress 55.6723%, elapsed 4147.5 s, iters = (67280, 0), opt = -
> Progress 55.6723%, elapsed 4172.0 s, iters = (67281, 0), opt = -
> Progress 55.6723%, elapsed 4172.0 s, iters = (67282, 0), opt = -
> Progress 55.6723%, elapsed 4172.0 s, iters = (67283, 0), opt = -
> Progress 55.6724%, elapsed 4172.0 s, iters = (67284, 0), opt = -
> Progress 55.6724%, elapsed 4172.0 s, iters = (67285, 0), opt = -
> Progress 55.6724%, elapsed 4172.0 s, iters = (67286, 0), opt = -
> Progress 55.6724%, elapsed 4172.0 s, iters = (67287, 0), opt = -
> Progress 55.6724%, elapsed 4172.0 s, iters = (67288, 0), opt = -
> Progress 55.6725%, elapsed 4172.0 s, iters = (67289, 0), opt = -
> Progress 55.6725%, elapsed 4172.0 s, iters = (67290, 0), opt = -
> Progress 55.6725%, elapsed 4172.0 s, iters = (67291, 0), opt = -
> Progress 55.6725%, elapsed 4172.0 s, iters = (67292, 0), opt = -
> Progress 55.6751%, elapsed 4173.1 s, iters = (67372, 0), opt = -
> Progress 55.8612%, elapsed 4176.1 s, iters = (68966, 0), opt = -
> Progress 55.8897%, elapsed 4179.0 s, iters = (69854, 0), opt = -
> Progress 56.0565%, elapsed 4182.1 s, iters = (70876, 0), opt = -
> Progress 56.0626%, elapsed 4185.0 s, iters = (71200, 0), opt = -

--------------------
Synthesis summary
constraint 1: LRA>3/5 ["goal1"]
constraint 2: LRA>3/5 ["goal2"]

method: AR, synthesis time: 4186.73 s
number of holes: 12, family size: 16777216, super quotient: 27 states / 90 actions
explored: 100 %
AR stats: avg MDP size: 19, iterations: 72581

feasible: no
--------------------

