2023-04-15 17:05:42,070 - cli.py - This is Paynt version 0.1.0.
2023-04-15 17:05:42,070 - sketch.py - loading sketch from ./models/pomdp/no-goal-state/blind-nanny/sketch.templ ...
2023-04-15 17:05:42,072 - prism_parser.py - PRISM model type: PrismModelType.POMDP
2023-04-15 17:05:42,072 - prism_parser.py - loading properties from ./models/pomdp/no-goal-state/blind-nanny/sketch.props ...
2023-04-15 17:05:42,073 - prism_parser.py - found the following specification: constraints: LRA>3/5 ["goal1"],LRA>3/5 ["goal2"], optimality objective: none
2023-04-15 17:05:42,092 - sketch.py - constructed explicit quotient having 27 states and 90 actions
2023-04-15 17:05:42,092 - sketch.py - found the following specification constraints: LRA>3/5 ["goal1"],LRA>3/5 ["goal2"], optimality objective: none
2023-04-15 17:05:42,092 - quotient_pomdp.py - Constructed POMDP having 15 observations.
2023-04-15 17:05:42,092 - quotient_pomdp.py - Unfolding POMDP using the following memory allocation vector: [1, 1, 1, 1, 1, 1, 1, 1, 1, 1, 1, 1, 1, 1, 1] ...
2023-04-15 17:05:42,093 - quotient_pomdp.py - Constructed quotient MDP having 27 states and 90 actions.
2023-04-15 17:05:42,093 - synthesizer.py - Synthesis initiated.
> Progress 3.4302%, elapsed 3.0 s, iters = (2893, 0), opt = -
> Progress 12.6771%, elapsed 6.0 s, iters = (8350, 0), opt = -
> Progress 12.8175%, elapsed 9.0 s, iters = (9736, 0), opt = -
> Progress 13.2349%, elapsed 12.0 s, iters = (14843, 0), opt = -
> Progress 15.4328%, elapsed 15.0 s, iters = (20885, 0), opt = -
> Progress 50.2032%, elapsed 18.1 s, iters = (23502, 0), opt = -
> Progress 50.5875%, elapsed 21.2 s, iters = (24910, 0), opt = -
> Progress 50.6836%, elapsed 24.3 s, iters = (25404, 0), opt = -
> Progress 51.9531%, elapsed 27.0 s, iters = (26098, 0), opt = -
> Progress 52.9357%, elapsed 30.0 s, iters = (27978, 0), opt = -

--------------------
Synthesis summary
constraint 1: LRA>3/5 ["goal1"]
constraint 2: LRA>3/5 ["goal2"]

method: AR, synthesis time: 30.23 s
number of holes: 12, family size: 16777216, super quotient: 27 states / 90 actions
explored: 100 %
AR stats: avg MDP size: 19, iterations: 28365

feasible: no
--------------------

