2023-04-15 17:43:53,911 - cli.py - This is Paynt version 0.1.0.
2023-04-15 17:43:53,912 - sketch.py - loading sketch from ./models/pomdp/no-goal-state/blind-nanny/sketch.templ ...
2023-04-15 17:43:53,914 - prism_parser.py - PRISM model type: PrismModelType.POMDP
2023-04-15 17:43:53,914 - prism_parser.py - loading properties from ./models/pomdp/no-goal-state/blind-nanny/sketch.props ...
2023-04-15 17:43:53,914 - prism_parser.py - found the following specification: constraints: LRA>3/5 ["goal1"],LRA>3/5 ["goal2"], optimality objective: none
2023-04-15 17:43:53,935 - sketch.py - constructed explicit quotient having 27 states and 90 actions
2023-04-15 17:43:53,935 - sketch.py - found the following specification constraints: LRA>3/5 ["goal1"],LRA>3/5 ["goal2"], optimality objective: none
2023-04-15 17:43:53,935 - quotient_pomdp.py - Constructed POMDP having 15 observations.
2023-04-15 17:43:53,936 - quotient_pomdp.py - Unfolding POMDP using the following memory allocation vector: [1, 1, 1, 1, 1, 1, 1, 1, 1, 1, 1, 1, 1, 1, 1] ...
2023-04-15 17:43:53,936 - quotient_pomdp.py - Constructed quotient MDP having 27 states and 90 actions.
2023-04-15 17:43:53,936 - synthesizer.py - Synthesis initiated.
> Progress 3.3224%, elapsed 3.0 s, iters = (2199, 0), opt = -
> Progress 3.3224%, elapsed 22.2 s, iters = (2204, 0), opt = -
> Progress 3.3224%, elapsed 40.9 s, iters = (2205, 0), opt = -
> Progress 3.3224%, elapsed 40.9 s, iters = (2206, 0), opt = -
> Progress 3.3224%, elapsed 40.9 s, iters = (2207, 0), opt = -
> Progress 3.3224%, elapsed 77.5 s, iters = (2208, 0), opt = -
> Progress 3.3224%, elapsed 77.5 s, iters = (2209, 0), opt = -
> Progress 3.3225%, elapsed 77.5 s, iters = (2210, 0), opt = -
> Progress 3.3226%, elapsed 77.5 s, iters = (2211, 0), opt = -
> Progress 3.3226%, elapsed 77.5 s, iters = (2212, 0), opt = -
> Progress 3.3226%, elapsed 77.5 s, iters = (2213, 0), opt = -
> Progress 3.3226%, elapsed 77.5 s, iters = (2214, 0), opt = -
> Progress 3.3226%, elapsed 77.5 s, iters = (2215, 0), opt = -
> Progress 3.3226%, elapsed 77.5 s, iters = (2216, 0), opt = -
> Progress 3.3226%, elapsed 77.5 s, iters = (2217, 0), opt = -
> Progress 3.3226%, elapsed 77.5 s, iters = (2218, 0), opt = -
> Progress 3.3226%, elapsed 77.5 s, iters = (2219, 0), opt = -
> Progress 3.3226%, elapsed 77.5 s, iters = (2220, 0), opt = -
> Progress 3.3226%, elapsed 77.5 s, iters = (2221, 0), opt = -
> Progress 3.3227%, elapsed 77.5 s, iters = (2222, 0), opt = -
> Progress 3.3227%, elapsed 77.5 s, iters = (2223, 0), opt = -
> Progress 3.3227%, elapsed 77.5 s, iters = (2224, 0), opt = -
> Progress 3.3228%, elapsed 77.5 s, iters = (2225, 0), opt = -
> Progress 3.3228%, elapsed 77.5 s, iters = (2226, 0), opt = -
> Progress 3.3228%, elapsed 77.5 s, iters = (2227, 0), opt = -
> Progress 3.3281%, elapsed 78.0 s, iters = (2416, 0), opt = -
> Progress 3.3285%, elapsed 88.4 s, iters = (2439, 0), opt = -
> Progress 3.3285%, elapsed 97.8 s, iters = (2440, 0), opt = -
> Progress 3.3285%, elapsed 97.8 s, iters = (2441, 0), opt = -
> Progress 3.3285%, elapsed 97.8 s, iters = (2442, 0), opt = -
> Progress 3.3285%, elapsed 116.3 s, iters = (2443, 0), opt = -
> Progress 3.3285%, elapsed 116.3 s, iters = (2444, 0), opt = -
> Progress 3.3286%, elapsed 116.3 s, iters = (2445, 0), opt = -
> Progress 3.3287%, elapsed 116.3 s, iters = (2446, 0), opt = -
> Progress 3.3287%, elapsed 116.3 s, iters = (2447, 0), opt = -
> Progress 3.3287%, elapsed 116.3 s, iters = (2448, 0), opt = -
> Progress 3.3287%, elapsed 116.3 s, iters = (2449, 0), opt = -
> Progress 3.3287%, elapsed 116.3 s, iters = (2450, 0), opt = -
> Progress 3.3313%, elapsed 117.0 s, iters = (2530, 0), opt = -
> Progress 3.443%, elapsed 120.0 s, iters = (3841, 0), opt = -
> Progress 3.5174%, elapsed 123.1 s, iters = (5545, 0), opt = -
> Progress 3.5484%, elapsed 126.0 s, iters = (6492, 0), opt = -
> Progress 3.7126%, elapsed 129.2 s, iters = (8939, 0), opt = -
> Progress 3.7187%, elapsed 132.2 s, iters = (9268, 0), opt = -
> Progress 3.8131%, elapsed 135.0 s, iters = (10267, 0), opt = -
> Progress 3.8355%, elapsed 138.0 s, iters = (10752, 0), opt = -
> Progress 5.0542%, elapsed 141.0 s, iters = (12652, 0), opt = -
> Progress 5.0906%, elapsed 145.5 s, iters = (12767, 0), opt = -
> Progress 5.2371%, elapsed 149.8 s, iters = (12950, 0), opt = -
> Progress 5.2736%, elapsed 150.1 s, iters = (13082, 0), opt = -
> Progress 5.2859%, elapsed 159.0 s, iters = (13144, 0), opt = -
> Progress 5.286%, elapsed 159.0 s, iters = (13145, 0), opt = -
> Progress 5.286%, elapsed 159.0 s, iters = (13153, 0), opt = -
> Progress 5.4324%, elapsed 168.4 s, iters = (13338, 0), opt = -
> Progress 5.4325%, elapsed 168.4 s, iters = (13339, 0), opt = -
> Progress 5.4325%, elapsed 168.4 s, iters = (13340, 0), opt = -
> Progress 5.666%, elapsed 171.0 s, iters = (14864, 0), opt = -
> Progress 5.6662%, elapsed 190.3 s, iters = (14875, 0), opt = -
> Progress 5.6662%, elapsed 208.8 s, iters = (14876, 0), opt = -
> Progress 5.6662%, elapsed 208.8 s, iters = (14877, 0), opt = -
> Progress 5.6662%, elapsed 208.8 s, iters = (14878, 0), opt = -
> Progress 5.6662%, elapsed 245.2 s, iters = (14879, 0), opt = -
> Progress 5.6662%, elapsed 245.2 s, iters = (14880, 0), opt = -
> Progress 5.6662%, elapsed 245.2 s, iters = (14881, 0), opt = -
> Progress 5.6663%, elapsed 245.2 s, iters = (14882, 0), opt = -
> Progress 5.6663%, elapsed 245.2 s, iters = (14883, 0), opt = -
> Progress 5.6663%, elapsed 245.2 s, iters = (14884, 0), opt = -
> Progress 5.6663%, elapsed 245.2 s, iters = (14885, 0), opt = -
> Progress 5.6663%, elapsed 245.2 s, iters = (14886, 0), opt = -
> Progress 5.6663%, elapsed 245.2 s, iters = (14887, 0), opt = -
> Progress 5.6663%, elapsed 245.2 s, iters = (14888, 0), opt = -
> Progress 5.6664%, elapsed 245.2 s, iters = (14889, 0), opt = -
> Progress 5.6664%, elapsed 245.2 s, iters = (14890, 0), opt = -
> Progress 5.6664%, elapsed 245.2 s, iters = (14891, 0), opt = -
> Progress 5.6664%, elapsed 245.2 s, iters = (14892, 0), opt = -
> Progress 5.6665%, elapsed 245.2 s, iters = (14893, 0), opt = -
> Progress 5.6665%, elapsed 245.2 s, iters = (14894, 0), opt = -
> Progress 5.6665%, elapsed 245.2 s, iters = (14895, 0), opt = -
> Progress 5.6665%, elapsed 245.2 s, iters = (14896, 0), opt = -
> Progress 5.6665%, elapsed 245.2 s, iters = (14897, 0), opt = -
> Progress 5.6666%, elapsed 245.2 s, iters = (14898, 0), opt = -
> Progress 5.6721%, elapsed 246.1 s, iters = (15089, 0), opt = -
> Progress 5.6723%, elapsed 256.1 s, iters = (15102, 0), opt = -
> Progress 5.6723%, elapsed 265.5 s, iters = (15103, 0), opt = -
> Progress 5.6723%, elapsed 265.5 s, iters = (15104, 0), opt = -
> Progress 5.6723%, elapsed 265.5 s, iters = (15105, 0), opt = -
> Progress 5.6723%, elapsed 283.8 s, iters = (15106, 0), opt = -
> Progress 5.6723%, elapsed 283.8 s, iters = (15107, 0), opt = -
> Progress 5.6723%, elapsed 283.8 s, iters = (15108, 0), opt = -
> Progress 5.6724%, elapsed 283.8 s, iters = (15109, 0), opt = -
> Progress 5.6724%, elapsed 283.8 s, iters = (15110, 0), opt = -
> Progress 5.6724%, elapsed 283.8 s, iters = (15111, 0), opt = -
> Progress 5.6724%, elapsed 283.8 s, iters = (15112, 0), opt = -
> Progress 5.6724%, elapsed 283.8 s, iters = (15113, 0), opt = -
> Progress 5.6907%, elapsed 285.0 s, iters = (15624, 0), opt = -
> Progress 5.8654%, elapsed 288.0 s, iters = (16954, 0), opt = -
> Progress 6.0562%, elapsed 291.1 s, iters = (18668, 0), opt = -
> Progress 6.0625%, elapsed 294.0 s, iters = (18983, 0), opt = -
> Progress 9.479%, elapsed 297.0 s, iters = (21433, 0), opt = -
> Progress 9.5724%, elapsed 318.6 s, iters = (22591, 0), opt = -
> Progress 9.5724%, elapsed 337.2 s, iters = (22592, 0), opt = -
> Progress 9.5724%, elapsed 337.2 s, iters = (22593, 0), opt = -
> Progress 9.5724%, elapsed 337.2 s, iters = (22594, 0), opt = -
> Progress 9.5724%, elapsed 373.5 s, iters = (22595, 0), opt = -
> Progress 9.5724%, elapsed 373.5 s, iters = (22596, 0), opt = -
> Progress 9.5725%, elapsed 373.5 s, iters = (22597, 0), opt = -
> Progress 9.5726%, elapsed 373.5 s, iters = (22598, 0), opt = -
> Progress 9.5726%, elapsed 373.5 s, iters = (22599, 0), opt = -
> Progress 9.5726%, elapsed 373.5 s, iters = (22600, 0), opt = -
> Progress 9.5726%, elapsed 373.5 s, iters = (22601, 0), opt = -
> Progress 9.5726%, elapsed 373.5 s, iters = (22602, 0), opt = -
> Progress 9.5726%, elapsed 373.5 s, iters = (22603, 0), opt = -
> Progress 9.5726%, elapsed 373.5 s, iters = (22604, 0), opt = -
> Progress 9.5726%, elapsed 373.5 s, iters = (22605, 0), opt = -
> Progress 9.5726%, elapsed 373.5 s, iters = (22606, 0), opt = -
> Progress 9.5726%, elapsed 373.5 s, iters = (22607, 0), opt = -
> Progress 9.5726%, elapsed 373.5 s, iters = (22608, 0), opt = -
> Progress 9.5727%, elapsed 373.5 s, iters = (22609, 0), opt = -
> Progress 9.5727%, elapsed 373.5 s, iters = (22610, 0), opt = -
> Progress 9.5727%, elapsed 373.5 s, iters = (22611, 0), opt = -
> Progress 9.5728%, elapsed 373.5 s, iters = (22612, 0), opt = -
> Progress 9.5728%, elapsed 373.5 s, iters = (22613, 0), opt = -
> Progress 9.5728%, elapsed 373.5 s, iters = (22614, 0), opt = -
> Progress 9.5728%, elapsed 373.5 s, iters = (22615, 0), opt = -
> Progress 9.5785%, elapsed 384.4 s, iters = (22826, 0), opt = -
> Progress 9.5785%, elapsed 393.8 s, iters = (22827, 0), opt = -
> Progress 9.5785%, elapsed 393.8 s, iters = (22828, 0), opt = -
> Progress 9.5785%, elapsed 393.8 s, iters = (22829, 0), opt = -
> Progress 9.5785%, elapsed 412.3 s, iters = (22830, 0), opt = -
> Progress 9.5785%, elapsed 412.3 s, iters = (22831, 0), opt = -
> Progress 9.5786%, elapsed 412.3 s, iters = (22832, 0), opt = -
> Progress 9.5787%, elapsed 412.3 s, iters = (22833, 0), opt = -
> Progress 9.5787%, elapsed 412.3 s, iters = (22834, 0), opt = -
> Progress 9.5787%, elapsed 412.3 s, iters = (22835, 0), opt = -
> Progress 9.5787%, elapsed 412.3 s, iters = (22836, 0), opt = -
> Progress 9.5787%, elapsed 412.3 s, iters = (22837, 0), opt = -
> Progress 9.5787%, elapsed 412.3 s, iters = (22838, 0), opt = -
> Progress 9.6685%, elapsed 414.1 s, iters = (23852, 0), opt = -
> Progress 9.7198%, elapsed 417.0 s, iters = (24769, 0), opt = -
> Progress 9.7717%, elapsed 420.0 s, iters = (26101, 0), opt = -
> Progress 9.9157%, elapsed 423.0 s, iters = (27889, 0), opt = -
> Progress 9.9628%, elapsed 426.0 s, iters = (28856, 0), opt = -
> Progress 9.9853%, elapsed 429.0 s, iters = (29628, 0), opt = -
> Progress 10.0767%, elapsed 432.0 s, iters = (30466, 0), opt = -
> Progress 10.1372%, elapsed 435.0 s, iters = (31807, 0), opt = -
> Progress 11.3406%, elapsed 439.3 s, iters = (32650, 0), opt = -
> Progress 11.4871%, elapsed 442.1 s, iters = (32808, 0), opt = -
> Progress 11.5359%, elapsed 448.3 s, iters = (32977, 0), opt = -
> Progress 11.536%, elapsed 448.3 s, iters = (32978, 0), opt = -
> Progress 11.6824%, elapsed 454.6 s, iters = (33165, 0), opt = -
> Progress 11.6825%, elapsed 454.6 s, iters = (33166, 0), opt = -
> Progress 11.9155%, elapsed 456.0 s, iters = (34660, 0), opt = -
> Progress 11.9162%, elapsed 476.6 s, iters = (34696, 0), opt = -
> Progress 11.9162%, elapsed 495.4 s, iters = (34697, 0), opt = -
> Progress 11.9162%, elapsed 495.4 s, iters = (34698, 0), opt = -
> Progress 11.9162%, elapsed 495.4 s, iters = (34699, 0), opt = -
> Progress 11.9162%, elapsed 531.6 s, iters = (34700, 0), opt = -
> Progress 11.9162%, elapsed 531.6 s, iters = (34701, 0), opt = -
> Progress 11.9162%, elapsed 531.6 s, iters = (34702, 0), opt = -
> Progress 11.9163%, elapsed 531.6 s, iters = (34703, 0), opt = -
> Progress 11.9163%, elapsed 531.6 s, iters = (34704, 0), opt = -
> Progress 11.9163%, elapsed 531.6 s, iters = (34705, 0), opt = -
> Progress 11.9163%, elapsed 531.6 s, iters = (34706, 0), opt = -
> Progress 11.9163%, elapsed 531.6 s, iters = (34707, 0), opt = -
> Progress 11.9163%, elapsed 531.6 s, iters = (34708, 0), opt = -
> Progress 11.9163%, elapsed 531.6 s, iters = (34709, 0), opt = -
> Progress 11.9164%, elapsed 531.6 s, iters = (34710, 0), opt = -
> Progress 11.9164%, elapsed 531.6 s, iters = (34711, 0), opt = -
> Progress 11.9164%, elapsed 531.6 s, iters = (34712, 0), opt = -
> Progress 11.9164%, elapsed 531.6 s, iters = (34713, 0), opt = -
> Progress 11.9165%, elapsed 531.6 s, iters = (34714, 0), opt = -
> Progress 11.9165%, elapsed 531.6 s, iters = (34715, 0), opt = -
> Progress 11.9165%, elapsed 531.6 s, iters = (34716, 0), opt = -
> Progress 11.9165%, elapsed 531.6 s, iters = (34717, 0), opt = -
> Progress 11.9165%, elapsed 531.6 s, iters = (34718, 0), opt = -
> Progress 11.9166%, elapsed 531.6 s, iters = (34719, 0), opt = -
> Progress 11.9166%, elapsed 531.6 s, iters = (34720, 0), opt = -
> Progress 11.9223%, elapsed 542.7 s, iters = (34923, 0), opt = -
> Progress 11.9223%, elapsed 552.1 s, iters = (34924, 0), opt = -
> Progress 11.9223%, elapsed 552.1 s, iters = (34925, 0), opt = -
> Progress 11.9223%, elapsed 552.1 s, iters = (34926, 0), opt = -
> Progress 11.9223%, elapsed 571.0 s, iters = (34927, 0), opt = -
> Progress 11.9223%, elapsed 571.0 s, iters = (34928, 0), opt = -
> Progress 11.9223%, elapsed 571.0 s, iters = (34929, 0), opt = -
> Progress 11.9224%, elapsed 571.0 s, iters = (34930, 0), opt = -
> Progress 11.9224%, elapsed 571.0 s, iters = (34931, 0), opt = -
> Progress 11.9224%, elapsed 571.0 s, iters = (34932, 0), opt = -
> Progress 11.9224%, elapsed 571.0 s, iters = (34933, 0), opt = -
> Progress 11.9224%, elapsed 571.0 s, iters = (34934, 0), opt = -
> Progress 11.9225%, elapsed 571.0 s, iters = (34935, 0), opt = -
> Progress 12.0788%, elapsed 573.0 s, iters = (36181, 0), opt = -
> Progress 12.1175%, elapsed 576.1 s, iters = (36847, 0), opt = -
> Progress 12.3064%, elapsed 579.1 s, iters = (38256, 0), opt = -
> Progress 12.3125%, elapsed 582.1 s, iters = (38568, 0), opt = -
> Progress 12.6968%, elapsed 585.2 s, iters = (40885, 0), opt = -
> Progress 12.6971%, elapsed 588.0 s, iters = (40918, 0), opt = -
> Progress 12.6971%, elapsed 607.7 s, iters = (40923, 0), opt = -
> Progress 12.6971%, elapsed 626.6 s, iters = (40924, 0), opt = -
> Progress 12.6971%, elapsed 626.6 s, iters = (40925, 0), opt = -
> Progress 12.6971%, elapsed 626.6 s, iters = (40926, 0), opt = -
> Progress 12.6971%, elapsed 626.6 s, iters = (40927, 0), opt = -
> Progress 12.6971%, elapsed 626.6 s, iters = (40928, 0), opt = -
> Progress 12.6971%, elapsed 663.9 s, iters = (40929, 0), opt = -
> Progress 12.6972%, elapsed 663.9 s, iters = (40930, 0), opt = -
> Progress 12.6972%, elapsed 663.9 s, iters = (40931, 0), opt = -
> Progress 12.6972%, elapsed 663.9 s, iters = (40932, 0), opt = -
> Progress 12.6972%, elapsed 663.9 s, iters = (40933, 0), opt = -
> Progress 12.6976%, elapsed 663.9 s, iters = (40934, 0), opt = -
> Progress 12.6976%, elapsed 663.9 s, iters = (40935, 0), opt = -
> Progress 12.6976%, elapsed 663.9 s, iters = (40936, 0), opt = -
> Progress 12.6976%, elapsed 663.9 s, iters = (40937, 0), opt = -
> Progress 12.6976%, elapsed 663.9 s, iters = (40938, 0), opt = -
> Progress 12.6976%, elapsed 663.9 s, iters = (40939, 0), opt = -
> Progress 12.6976%, elapsed 663.9 s, iters = (40940, 0), opt = -
> Progress 12.6976%, elapsed 663.9 s, iters = (40941, 0), opt = -
> Progress 12.6976%, elapsed 663.9 s, iters = (40942, 0), opt = -
> Progress 12.6976%, elapsed 663.9 s, iters = (40943, 0), opt = -
> Progress 12.6976%, elapsed 663.9 s, iters = (40944, 0), opt = -
> Progress 12.6976%, elapsed 663.9 s, iters = (40945, 0), opt = -
> Progress 12.6976%, elapsed 663.9 s, iters = (40946, 0), opt = -
> Progress 12.6976%, elapsed 663.9 s, iters = (40947, 0), opt = -
> Progress 12.7032%, elapsed 666.1 s, iters = (41175, 0), opt = -
> Progress 12.7032%, elapsed 675.9 s, iters = (41180, 0), opt = -
> Progress 12.7032%, elapsed 685.4 s, iters = (41181, 0), opt = -
> Progress 12.7032%, elapsed 685.4 s, iters = (41182, 0), opt = -
> Progress 12.7032%, elapsed 685.4 s, iters = (41183, 0), opt = -
> Progress 12.7032%, elapsed 685.4 s, iters = (41184, 0), opt = -
> Progress 12.7032%, elapsed 685.4 s, iters = (41185, 0), opt = -
> Progress 12.7032%, elapsed 704.1 s, iters = (41186, 0), opt = -
> Progress 12.7033%, elapsed 704.1 s, iters = (41187, 0), opt = -
> Progress 12.7033%, elapsed 704.1 s, iters = (41188, 0), opt = -
> Progress 12.7033%, elapsed 704.1 s, iters = (41189, 0), opt = -
> Progress 12.7033%, elapsed 704.1 s, iters = (41190, 0), opt = -
> Progress 12.7037%, elapsed 704.1 s, iters = (41191, 0), opt = -
> Progress 12.7929%, elapsed 705.0 s, iters = (41306, 0), opt = -
> Progress 12.7952%, elapsed 708.0 s, iters = (41352, 0), opt = -
> Progress 12.7993%, elapsed 711.1 s, iters = (41421, 0), opt = -
> Progress 12.844%, elapsed 714.0 s, iters = (41586, 0), opt = -
> Progress 12.8923%, elapsed 717.0 s, iters = (41964, 0), opt = -
> Progress 12.8984%, elapsed 720.0 s, iters = (42221, 0), opt = -
> Progress 12.9905%, elapsed 723.1 s, iters = (42361, 0), opt = -
> Progress 12.9946%, elapsed 726.1 s, iters = (42474, 0), opt = -
> Progress 13.0447%, elapsed 729.1 s, iters = (42798, 0), opt = -
> Progress 13.0875%, elapsed 767.8 s, iters = (42948, 0), opt = -
> Progress 13.0875%, elapsed 767.8 s, iters = (42949, 0), opt = -
> Progress 13.0875%, elapsed 804.9 s, iters = (42950, 0), opt = -
> Progress 13.0875%, elapsed 804.9 s, iters = (42951, 0), opt = -
> Progress 13.0876%, elapsed 804.9 s, iters = (42952, 0), opt = -
> Progress 13.0876%, elapsed 805.2 s, iters = (42953, 0), opt = -
> Progress 13.0876%, elapsed 824.3 s, iters = (42954, 0), opt = -
> Progress 13.0876%, elapsed 824.3 s, iters = (42955, 0), opt = -
> Progress 13.0876%, elapsed 824.3 s, iters = (42956, 0), opt = -
> Progress 13.0876%, elapsed 824.6 s, iters = (42957, 0), opt = -
> Progress 13.0876%, elapsed 824.6 s, iters = (42958, 0), opt = -
> Progress 13.0876%, elapsed 824.6 s, iters = (42959, 0), opt = -
> Progress 13.0876%, elapsed 824.6 s, iters = (42960, 0), opt = -
> Progress 13.0876%, elapsed 824.6 s, iters = (42961, 0), opt = -
> Progress 13.0876%, elapsed 824.9 s, iters = (42962, 0), opt = -
> Progress 13.0876%, elapsed 825.1 s, iters = (42963, 0), opt = -
> Progress 13.0876%, elapsed 825.4 s, iters = (42964, 0), opt = -
> Progress 13.0876%, elapsed 825.4 s, iters = (42965, 0), opt = -
> Progress 13.0876%, elapsed 825.7 s, iters = (42966, 0), opt = -
> Progress 13.0876%, elapsed 825.7 s, iters = (42967, 0), opt = -
> Progress 13.0876%, elapsed 825.7 s, iters = (42968, 0), opt = -
> Progress 13.0876%, elapsed 825.7 s, iters = (42969, 0), opt = -
> Progress 13.0877%, elapsed 825.7 s, iters = (42970, 0), opt = -
> Progress 13.0877%, elapsed 825.7 s, iters = (42971, 0), opt = -
> Progress 13.0877%, elapsed 825.7 s, iters = (42972, 0), opt = -
> Progress 13.0877%, elapsed 825.7 s, iters = (42973, 0), opt = -
> Progress 13.0877%, elapsed 825.7 s, iters = (42974, 0), opt = -
> Progress 13.0877%, elapsed 825.7 s, iters = (42975, 0), opt = -
> Progress 13.0877%, elapsed 825.7 s, iters = (42976, 0), opt = -
> Progress 13.0877%, elapsed 825.7 s, iters = (42977, 0), opt = -
> Progress 13.0877%, elapsed 825.7 s, iters = (42978, 0), opt = -
> Progress 13.0877%, elapsed 825.7 s, iters = (42979, 0), opt = -
> Progress 13.0936%, elapsed 828.0 s, iters = (43334, 0), opt = -
> Progress 13.0936%, elapsed 846.8 s, iters = (43335, 0), opt = -
> Progress 13.0936%, elapsed 846.8 s, iters = (43336, 0), opt = -
> Progress 13.0936%, elapsed 865.8 s, iters = (43337, 0), opt = -
> Progress 13.0936%, elapsed 865.8 s, iters = (43338, 0), opt = -
> Progress 13.0937%, elapsed 865.8 s, iters = (43339, 0), opt = -
> Progress 13.0937%, elapsed 865.9 s, iters = (43340, 0), opt = -
> Progress 13.0937%, elapsed 875.6 s, iters = (43341, 0), opt = -
> Progress 13.0937%, elapsed 875.6 s, iters = (43342, 0), opt = -
> Progress 13.0937%, elapsed 875.6 s, iters = (43343, 0), opt = -
> Progress 13.0937%, elapsed 875.8 s, iters = (43344, 0), opt = -
> Progress 13.0937%, elapsed 875.8 s, iters = (43345, 0), opt = -
> Progress 13.0937%, elapsed 875.8 s, iters = (43346, 0), opt = -
> Progress 13.0937%, elapsed 875.8 s, iters = (43347, 0), opt = -
> Progress 13.0937%, elapsed 875.8 s, iters = (43348, 0), opt = -
> Progress 13.0937%, elapsed 875.9 s, iters = (43349, 0), opt = -
> Progress 13.0937%, elapsed 876.0 s, iters = (43350, 0), opt = -
> Progress 13.1836%, elapsed 914.1 s, iters = (43482, 0), opt = -
> Progress 13.1837%, elapsed 914.1 s, iters = (43483, 0), opt = -
> Progress 13.1837%, elapsed 950.7 s, iters = (43484, 0), opt = -
> Progress 13.1837%, elapsed 950.7 s, iters = (43485, 0), opt = -
> Progress 13.1837%, elapsed 950.7 s, iters = (43486, 0), opt = -
> Progress 13.1837%, elapsed 950.8 s, iters = (43487, 0), opt = -
> Progress 13.1837%, elapsed 969.6 s, iters = (43488, 0), opt = -
> Progress 13.1837%, elapsed 969.6 s, iters = (43489, 0), opt = -
> Progress 13.1837%, elapsed 969.6 s, iters = (43490, 0), opt = -
> Progress 13.1837%, elapsed 969.7 s, iters = (43491, 0), opt = -
> Progress 13.1837%, elapsed 969.7 s, iters = (43492, 0), opt = -
> Progress 13.1837%, elapsed 969.7 s, iters = (43493, 0), opt = -
> Progress 13.1837%, elapsed 969.8 s, iters = (43494, 0), opt = -
> Progress 13.1837%, elapsed 969.9 s, iters = (43495, 0), opt = -
> Progress 13.1837%, elapsed 970.1 s, iters = (43496, 0), opt = -
> Progress 13.1838%, elapsed 970.1 s, iters = (43497, 0), opt = -
> Progress 13.1838%, elapsed 970.3 s, iters = (43498, 0), opt = -
> Progress 13.1838%, elapsed 970.3 s, iters = (43499, 0), opt = -
> Progress 13.1838%, elapsed 970.3 s, iters = (43500, 0), opt = -
> Progress 13.1838%, elapsed 970.3 s, iters = (43501, 0), opt = -
> Progress 13.1838%, elapsed 970.3 s, iters = (43502, 0), opt = -
> Progress 13.1838%, elapsed 970.3 s, iters = (43503, 0), opt = -
> Progress 13.1838%, elapsed 970.3 s, iters = (43504, 0), opt = -
> Progress 13.1838%, elapsed 970.3 s, iters = (43505, 0), opt = -
> Progress 13.1838%, elapsed 970.3 s, iters = (43506, 0), opt = -
> Progress 13.1838%, elapsed 970.3 s, iters = (43507, 0), opt = -
> Progress 13.1838%, elapsed 970.4 s, iters = (43508, 0), opt = -
> Progress 13.1838%, elapsed 970.6 s, iters = (43509, 0), opt = -
> Progress 13.1839%, elapsed 970.6 s, iters = (43510, 0), opt = -
> Progress 13.1839%, elapsed 970.8 s, iters = (43511, 0), opt = -
> Progress 13.1839%, elapsed 970.8 s, iters = (43512, 0), opt = -
> Progress 13.1859%, elapsed 1008.8 s, iters = (43536, 0), opt = -
> Progress 13.186%, elapsed 1008.8 s, iters = (43537, 0), opt = -
> Progress 13.186%, elapsed 1045.6 s, iters = (43538, 0), opt = -
> Progress 13.186%, elapsed 1045.6 s, iters = (43539, 0), opt = -
> Progress 13.186%, elapsed 1045.6 s, iters = (43540, 0), opt = -
> Progress 13.186%, elapsed 1045.7 s, iters = (43541, 0), opt = -
> Progress 13.186%, elapsed 1064.6 s, iters = (43542, 0), opt = -
> Progress 13.186%, elapsed 1064.6 s, iters = (43543, 0), opt = -
> Progress 13.186%, elapsed 1064.6 s, iters = (43544, 0), opt = -
> Progress 13.186%, elapsed 1064.7 s, iters = (43545, 0), opt = -
> Progress 13.186%, elapsed 1064.7 s, iters = (43546, 0), opt = -
> Progress 13.186%, elapsed 1064.7 s, iters = (43547, 0), opt = -
> Progress 13.186%, elapsed 1064.8 s, iters = (43548, 0), opt = -
> Progress 13.186%, elapsed 1064.9 s, iters = (43549, 0), opt = -
> Progress 13.186%, elapsed 1065.1 s, iters = (43550, 0), opt = -
> Progress 13.186%, elapsed 1065.1 s, iters = (43551, 0), opt = -
> Progress 13.186%, elapsed 1065.3 s, iters = (43552, 0), opt = -
> Progress 13.1861%, elapsed 1065.3 s, iters = (43553, 0), opt = -
> Progress 13.1861%, elapsed 1065.3 s, iters = (43554, 0), opt = -
> Progress 13.1861%, elapsed 1065.3 s, iters = (43555, 0), opt = -
> Progress 13.1861%, elapsed 1065.3 s, iters = (43556, 0), opt = -
> Progress 13.1861%, elapsed 1065.3 s, iters = (43557, 0), opt = -
> Progress 13.1861%, elapsed 1065.3 s, iters = (43558, 0), opt = -
> Progress 13.1861%, elapsed 1065.3 s, iters = (43559, 0), opt = -
> Progress 13.1861%, elapsed 1065.3 s, iters = (43560, 0), opt = -
> Progress 13.1861%, elapsed 1065.3 s, iters = (43561, 0), opt = -
> Progress 13.1861%, elapsed 1065.4 s, iters = (43562, 0), opt = -
> Progress 13.1861%, elapsed 1065.6 s, iters = (43563, 0), opt = -
> Progress 13.1861%, elapsed 1065.6 s, iters = (43564, 0), opt = -
> Progress 13.1861%, elapsed 1065.8 s, iters = (43565, 0), opt = -
> Progress 13.1862%, elapsed 1065.8 s, iters = (43566, 0), opt = -
> Progress 13.1862%, elapsed 1065.8 s, iters = (43567, 0), opt = -
> Progress 13.1892%, elapsed 1068.1 s, iters = (43634, 0), opt = -
> Progress 13.1897%, elapsed 1087.8 s, iters = (43657, 0), opt = -
> Progress 13.1898%, elapsed 1087.8 s, iters = (43658, 0), opt = -
> Progress 13.1898%, elapsed 1106.4 s, iters = (43659, 0), opt = -
> Progress 13.1898%, elapsed 1106.4 s, iters = (43660, 0), opt = -
> Progress 13.1898%, elapsed 1106.4 s, iters = (43661, 0), opt = -
> Progress 13.1898%, elapsed 1106.4 s, iters = (43662, 0), opt = -
> Progress 13.1898%, elapsed 1116.2 s, iters = (43663, 0), opt = -
> Progress 13.1898%, elapsed 1116.2 s, iters = (43664, 0), opt = -
> Progress 13.1898%, elapsed 1116.2 s, iters = (43665, 0), opt = -
> Progress 13.1898%, elapsed 1116.2 s, iters = (43666, 0), opt = -
> Progress 13.1898%, elapsed 1116.2 s, iters = (43667, 0), opt = -
> Progress 13.1898%, elapsed 1116.2 s, iters = (43668, 0), opt = -
> Progress 13.1898%, elapsed 1116.3 s, iters = (43669, 0), opt = -
> Progress 13.1898%, elapsed 1116.3 s, iters = (43670, 0), opt = -
> Progress 13.1898%, elapsed 1116.4 s, iters = (43671, 0), opt = -
> Progress 13.1899%, elapsed 1116.4 s, iters = (43672, 0), opt = -
> Progress 13.192%, elapsed 1135.8 s, iters = (43711, 0), opt = -
> Progress 13.1921%, elapsed 1135.8 s, iters = (43712, 0), opt = -
> Progress 13.1921%, elapsed 1154.7 s, iters = (43713, 0), opt = -
> Progress 13.1921%, elapsed 1154.7 s, iters = (43714, 0), opt = -
> Progress 13.1921%, elapsed 1154.7 s, iters = (43715, 0), opt = -
> Progress 13.1921%, elapsed 1154.7 s, iters = (43716, 0), opt = -
> Progress 13.1921%, elapsed 1164.5 s, iters = (43717, 0), opt = -
> Progress 13.1921%, elapsed 1164.5 s, iters = (43718, 0), opt = -
> Progress 13.1921%, elapsed 1164.5 s, iters = (43719, 0), opt = -
> Progress 13.1921%, elapsed 1164.6 s, iters = (43720, 0), opt = -
> Progress 13.1921%, elapsed 1164.6 s, iters = (43721, 0), opt = -
> Progress 13.1921%, elapsed 1164.6 s, iters = (43722, 0), opt = -
> Progress 13.1921%, elapsed 1164.7 s, iters = (43723, 0), opt = -
> Progress 13.1921%, elapsed 1164.7 s, iters = (43724, 0), opt = -
> Progress 13.1921%, elapsed 1164.8 s, iters = (43725, 0), opt = -
> Progress 13.1922%, elapsed 1164.8 s, iters = (43726, 0), opt = -
> Progress 14.2578%, elapsed 1167.1 s, iters = (44337, 0), opt = -
> Progress 14.4042%, elapsed 1170.0 s, iters = (44406, 0), opt = -
> Progress 14.4533%, elapsed 1173.1 s, iters = (44489, 0), opt = -
> Progress 14.6484%, elapsed 1176.0 s, iters = (44595, 0), opt = -
> Progress 14.6485%, elapsed 1213.8 s, iters = (44610, 0), opt = -
> Progress 14.6485%, elapsed 1213.8 s, iters = (44611, 0), opt = -
> Progress 14.6485%, elapsed 1251.1 s, iters = (44612, 0), opt = -
> Progress 14.6485%, elapsed 1251.1 s, iters = (44613, 0), opt = -
> Progress 14.6485%, elapsed 1251.1 s, iters = (44614, 0), opt = -
> Progress 14.6485%, elapsed 1251.2 s, iters = (44615, 0), opt = -
> Progress 14.6485%, elapsed 1270.5 s, iters = (44616, 0), opt = -
> Progress 14.6485%, elapsed 1270.5 s, iters = (44617, 0), opt = -
> Progress 14.6486%, elapsed 1270.5 s, iters = (44618, 0), opt = -
> Progress 14.6486%, elapsed 1270.6 s, iters = (44619, 0), opt = -
> Progress 14.6486%, elapsed 1270.6 s, iters = (44620, 0), opt = -
> Progress 14.6486%, elapsed 1270.6 s, iters = (44621, 0), opt = -
> Progress 14.6486%, elapsed 1270.6 s, iters = (44622, 0), opt = -
> Progress 14.6486%, elapsed 1270.6 s, iters = (44623, 0), opt = -
> Progress 14.6486%, elapsed 1270.7 s, iters = (44624, 0), opt = -
> Progress 14.6486%, elapsed 1270.9 s, iters = (44625, 0), opt = -
> Progress 14.6486%, elapsed 1271.1 s, iters = (44626, 0), opt = -
> Progress 14.6486%, elapsed 1271.1 s, iters = (44627, 0), opt = -
> Progress 14.6486%, elapsed 1271.3 s, iters = (44628, 0), opt = -
> Progress 14.6486%, elapsed 1271.3 s, iters = (44629, 0), opt = -
> Progress 14.6486%, elapsed 1271.3 s, iters = (44630, 0), opt = -
> Progress 14.6486%, elapsed 1271.3 s, iters = (44631, 0), opt = -
> Progress 14.6486%, elapsed 1271.3 s, iters = (44632, 0), opt = -
> Progress 14.6486%, elapsed 1271.3 s, iters = (44633, 0), opt = -
> Progress 14.6486%, elapsed 1271.3 s, iters = (44634, 0), opt = -
> Progress 14.6486%, elapsed 1271.3 s, iters = (44635, 0), opt = -
> Progress 14.6486%, elapsed 1271.3 s, iters = (44636, 0), opt = -
> Progress 14.6486%, elapsed 1271.3 s, iters = (44637, 0), opt = -
> Progress 14.6486%, elapsed 1271.3 s, iters = (44638, 0), opt = -
> Progress 14.6486%, elapsed 1271.3 s, iters = (44639, 0), opt = -
> Progress 14.6487%, elapsed 1271.3 s, iters = (44640, 0), opt = -
> Progress 14.7949%, elapsed 1272.1 s, iters = (44676, 0), opt = -
> Progress 14.795%, elapsed 1310.0 s, iters = (44690, 0), opt = -
> Progress 14.795%, elapsed 1310.0 s, iters = (44691, 0), opt = -
> Progress 14.795%, elapsed 1347.4 s, iters = (44692, 0), opt = -
> Progress 14.795%, elapsed 1347.4 s, iters = (44693, 0), opt = -
> Progress 14.795%, elapsed 1347.4 s, iters = (44694, 0), opt = -
> Progress 14.795%, elapsed 1347.5 s, iters = (44695, 0), opt = -
> Progress 14.795%, elapsed 1366.4 s, iters = (44696, 0), opt = -
> Progress 14.795%, elapsed 1366.4 s, iters = (44697, 0), opt = -
> Progress 14.795%, elapsed 1366.4 s, iters = (44698, 0), opt = -
> Progress 14.795%, elapsed 1366.6 s, iters = (44699, 0), opt = -
> Progress 14.7951%, elapsed 1366.6 s, iters = (44700, 0), opt = -
> Progress 14.7951%, elapsed 1366.6 s, iters = (44701, 0), opt = -
> Progress 14.7951%, elapsed 1366.6 s, iters = (44702, 0), opt = -
> Progress 14.7951%, elapsed 1366.6 s, iters = (44703, 0), opt = -
> Progress 14.7951%, elapsed 1366.7 s, iters = (44704, 0), opt = -
> Progress 14.7951%, elapsed 1366.8 s, iters = (44705, 0), opt = -
> Progress 14.7951%, elapsed 1367.0 s, iters = (44706, 0), opt = -
> Progress 14.7951%, elapsed 1367.0 s, iters = (44707, 0), opt = -
> Progress 14.7951%, elapsed 1367.2 s, iters = (44708, 0), opt = -
> Progress 14.7951%, elapsed 1367.2 s, iters = (44709, 0), opt = -
> Progress 14.7951%, elapsed 1367.2 s, iters = (44710, 0), opt = -
> Progress 14.7951%, elapsed 1367.2 s, iters = (44711, 0), opt = -
> Progress 14.7951%, elapsed 1367.2 s, iters = (44712, 0), opt = -
> Progress 14.7951%, elapsed 1367.2 s, iters = (44713, 0), opt = -
> Progress 14.7951%, elapsed 1367.2 s, iters = (44714, 0), opt = -
> Progress 14.7951%, elapsed 1367.2 s, iters = (44715, 0), opt = -
> Progress 14.7951%, elapsed 1367.2 s, iters = (44716, 0), opt = -
> Progress 14.7951%, elapsed 1367.2 s, iters = (44717, 0), opt = -
> Progress 14.7951%, elapsed 1367.2 s, iters = (44718, 0), opt = -
> Progress 14.7951%, elapsed 1367.2 s, iters = (44719, 0), opt = -
> Progress 14.7951%, elapsed 1367.2 s, iters = (44720, 0), opt = -
> Progress 14.9905%, elapsed 1368.0 s, iters = (45177, 0), opt = -
> Progress 15.0408%, elapsed 1371.2 s, iters = (45381, 0), opt = -
> Progress 15.0409%, elapsed 1391.2 s, iters = (45389, 0), opt = -
> Progress 15.0409%, elapsed 1410.1 s, iters = (45390, 0), opt = -
> Progress 15.0409%, elapsed 1410.1 s, iters = (45391, 0), opt = -
> Progress 15.0409%, elapsed 1410.1 s, iters = (45392, 0), opt = -
> Progress 15.0409%, elapsed 1410.1 s, iters = (45393, 0), opt = -
> Progress 15.0409%, elapsed 1410.1 s, iters = (45394, 0), opt = -
> Progress 15.0409%, elapsed 1447.0 s, iters = (45395, 0), opt = -
> Progress 15.0409%, elapsed 1447.0 s, iters = (45396, 0), opt = -
> Progress 15.0409%, elapsed 1447.0 s, iters = (45397, 0), opt = -
> Progress 15.0409%, elapsed 1447.0 s, iters = (45398, 0), opt = -
> Progress 15.0409%, elapsed 1447.0 s, iters = (45399, 0), opt = -
> Progress 15.0413%, elapsed 1447.0 s, iters = (45400, 0), opt = -
> Progress 15.0413%, elapsed 1447.0 s, iters = (45401, 0), opt = -
> Progress 15.0413%, elapsed 1447.0 s, iters = (45402, 0), opt = -
> Progress 15.0413%, elapsed 1447.0 s, iters = (45403, 0), opt = -
> Progress 15.0413%, elapsed 1447.0 s, iters = (45404, 0), opt = -
> Progress 15.0413%, elapsed 1447.0 s, iters = (45405, 0), opt = -
> Progress 15.0413%, elapsed 1447.0 s, iters = (45406, 0), opt = -
> Progress 15.0414%, elapsed 1447.0 s, iters = (45407, 0), opt = -
> Progress 15.0414%, elapsed 1447.0 s, iters = (45408, 0), opt = -
> Progress 15.0414%, elapsed 1447.0 s, iters = (45409, 0), opt = -
> Progress 15.0414%, elapsed 1447.0 s, iters = (45410, 0), opt = -
> Progress 15.0414%, elapsed 1447.0 s, iters = (45411, 0), opt = -
> Progress 15.0414%, elapsed 1447.0 s, iters = (45412, 0), opt = -
> Progress 15.0414%, elapsed 1447.0 s, iters = (45413, 0), opt = -
> Progress 15.047%, elapsed 1449.1 s, iters = (45633, 0), opt = -
> Progress 15.047%, elapsed 1458.8 s, iters = (45638, 0), opt = -
> Progress 15.047%, elapsed 1468.3 s, iters = (45639, 0), opt = -
> Progress 15.047%, elapsed 1468.3 s, iters = (45640, 0), opt = -
> Progress 15.047%, elapsed 1468.3 s, iters = (45641, 0), opt = -
> Progress 15.047%, elapsed 1468.3 s, iters = (45642, 0), opt = -
> Progress 15.047%, elapsed 1468.3 s, iters = (45643, 0), opt = -
> Progress 15.047%, elapsed 1486.9 s, iters = (45644, 0), opt = -
> Progress 15.047%, elapsed 1486.9 s, iters = (45645, 0), opt = -
> Progress 15.047%, elapsed 1486.9 s, iters = (45646, 0), opt = -
> Progress 15.047%, elapsed 1486.9 s, iters = (45647, 0), opt = -
> Progress 15.047%, elapsed 1486.9 s, iters = (45648, 0), opt = -
> Progress 15.0474%, elapsed 1486.9 s, iters = (45649, 0), opt = -
> Progress 15.1885%, elapsed 1488.0 s, iters = (45819, 0), opt = -
> Progress 15.236%, elapsed 1491.0 s, iters = (46034, 0), opt = -
> Progress 15.2422%, elapsed 1494.1 s, iters = (46293, 0), opt = -
> Progress 15.4313%, elapsed 1533.7 s, iters = (46632, 0), opt = -
> Progress 15.4313%, elapsed 1533.7 s, iters = (46633, 0), opt = -
> Progress 15.4313%, elapsed 1570.7 s, iters = (46634, 0), opt = -
> Progress 15.4313%, elapsed 1570.7 s, iters = (46635, 0), opt = -
> Progress 15.4313%, elapsed 1570.7 s, iters = (46636, 0), opt = -
> Progress 15.4313%, elapsed 1570.9 s, iters = (46637, 0), opt = -
> Progress 15.4313%, elapsed 1589.5 s, iters = (46638, 0), opt = -
> Progress 15.4313%, elapsed 1589.5 s, iters = (46639, 0), opt = -
> Progress 15.4313%, elapsed 1589.5 s, iters = (46640, 0), opt = -
> Progress 15.4313%, elapsed 1589.8 s, iters = (46641, 0), opt = -
> Progress 15.4313%, elapsed 1589.8 s, iters = (46642, 0), opt = -
> Progress 15.4313%, elapsed 1589.8 s, iters = (46643, 0), opt = -
> Progress 15.4313%, elapsed 1589.8 s, iters = (46644, 0), opt = -
> Progress 15.4314%, elapsed 1589.8 s, iters = (46645, 0), opt = -
> Progress 15.4314%, elapsed 1590.0 s, iters = (46646, 0), opt = -
> Progress 15.4314%, elapsed 1590.2 s, iters = (46647, 0), opt = -
> Progress 15.4314%, elapsed 1590.5 s, iters = (46648, 0), opt = -
> Progress 15.4314%, elapsed 1590.5 s, iters = (46649, 0), opt = -
> Progress 15.4314%, elapsed 1590.8 s, iters = (46650, 0), opt = -
> Progress 15.4314%, elapsed 1590.8 s, iters = (46651, 0), opt = -
> Progress 15.4314%, elapsed 1590.8 s, iters = (46652, 0), opt = -
> Progress 15.4314%, elapsed 1590.8 s, iters = (46653, 0), opt = -
> Progress 15.4314%, elapsed 1590.8 s, iters = (46654, 0), opt = -
> Progress 15.4314%, elapsed 1590.8 s, iters = (46655, 0), opt = -
> Progress 15.4314%, elapsed 1590.8 s, iters = (46656, 0), opt = -
> Progress 15.4314%, elapsed 1590.8 s, iters = (46657, 0), opt = -
> Progress 15.4314%, elapsed 1590.8 s, iters = (46658, 0), opt = -
> Progress 15.4314%, elapsed 1590.8 s, iters = (46659, 0), opt = -
> Progress 15.4314%, elapsed 1590.8 s, iters = (46660, 0), opt = -
> Progress 15.4314%, elapsed 1590.8 s, iters = (46661, 0), opt = -
> Progress 15.4314%, elapsed 1590.8 s, iters = (46662, 0), opt = -
> Progress 15.4314%, elapsed 1590.8 s, iters = (46663, 0), opt = -
> Progress 15.4373%, elapsed 1593.1 s, iters = (46996, 0), opt = -
> Progress 15.4374%, elapsed 1612.4 s, iters = (46999, 0), opt = -
> Progress 15.4374%, elapsed 1612.4 s, iters = (47000, 0), opt = -
> Progress 15.4374%, elapsed 1631.3 s, iters = (47001, 0), opt = -
> Progress 15.4374%, elapsed 1631.3 s, iters = (47002, 0), opt = -
> Progress 15.4374%, elapsed 1631.3 s, iters = (47003, 0), opt = -
> Progress 15.4374%, elapsed 1631.4 s, iters = (47004, 0), opt = -
> Progress 15.4374%, elapsed 1641.2 s, iters = (47005, 0), opt = -
> Progress 15.4374%, elapsed 1641.2 s, iters = (47006, 0), opt = -
> Progress 15.4374%, elapsed 1641.2 s, iters = (47007, 0), opt = -
> Progress 15.4374%, elapsed 1641.4 s, iters = (47008, 0), opt = -
> Progress 15.4374%, elapsed 1641.4 s, iters = (47009, 0), opt = -
> Progress 15.4374%, elapsed 1641.4 s, iters = (47010, 0), opt = -
> Progress 15.4375%, elapsed 1641.4 s, iters = (47011, 0), opt = -
> Progress 15.4375%, elapsed 1641.4 s, iters = (47012, 0), opt = -
> Progress 15.4375%, elapsed 1641.5 s, iters = (47013, 0), opt = -
> Progress 15.4375%, elapsed 1641.6 s, iters = (47014, 0), opt = -
> Progress 37.6968%, elapsed 1644.2 s, iters = (48302, 0), opt = -
> Progress 37.6971%, elapsed 1647.2 s, iters = (48335, 0), opt = -
> Progress 37.6971%, elapsed 1666.9 s, iters = (48342, 0), opt = -
> Progress 37.6971%, elapsed 1686.0 s, iters = (48343, 0), opt = -
> Progress 37.6971%, elapsed 1686.0 s, iters = (48344, 0), opt = -
> Progress 37.6971%, elapsed 1686.0 s, iters = (48345, 0), opt = -
> Progress 37.6971%, elapsed 1686.0 s, iters = (48346, 0), opt = -
> Progress 37.6971%, elapsed 1686.0 s, iters = (48347, 0), opt = -
> Progress 37.6971%, elapsed 1724.0 s, iters = (48348, 0), opt = -
> Progress 37.6972%, elapsed 1724.0 s, iters = (48349, 0), opt = -
> Progress 37.6972%, elapsed 1724.0 s, iters = (48350, 0), opt = -
> Progress 37.6972%, elapsed 1724.0 s, iters = (48351, 0), opt = -
> Progress 37.6972%, elapsed 1724.0 s, iters = (48352, 0), opt = -
> Progress 37.6976%, elapsed 1724.0 s, iters = (48353, 0), opt = -
> Progress 37.6976%, elapsed 1724.0 s, iters = (48354, 0), opt = -
> Progress 37.6976%, elapsed 1724.0 s, iters = (48355, 0), opt = -
> Progress 37.6976%, elapsed 1724.0 s, iters = (48356, 0), opt = -
> Progress 37.6976%, elapsed 1724.0 s, iters = (48357, 0), opt = -
> Progress 37.6976%, elapsed 1724.0 s, iters = (48358, 0), opt = -
> Progress 37.6976%, elapsed 1724.0 s, iters = (48359, 0), opt = -
> Progress 37.6976%, elapsed 1724.0 s, iters = (48360, 0), opt = -
> Progress 37.6976%, elapsed 1724.0 s, iters = (48361, 0), opt = -
> Progress 37.6976%, elapsed 1724.0 s, iters = (48362, 0), opt = -
> Progress 37.6976%, elapsed 1724.0 s, iters = (48363, 0), opt = -
> Progress 37.6976%, elapsed 1724.0 s, iters = (48364, 0), opt = -
> Progress 37.6976%, elapsed 1724.0 s, iters = (48365, 0), opt = -
> Progress 37.6976%, elapsed 1724.0 s, iters = (48366, 0), opt = -
> Progress 37.703%, elapsed 1725.1 s, iters = (48574, 0), opt = -
> Progress 37.7032%, elapsed 1735.6 s, iters = (48599, 0), opt = -
> Progress 37.7032%, elapsed 1745.0 s, iters = (48600, 0), opt = -
> Progress 37.7032%, elapsed 1745.0 s, iters = (48601, 0), opt = -
> Progress 37.7032%, elapsed 1745.0 s, iters = (48602, 0), opt = -
> Progress 37.7032%, elapsed 1745.0 s, iters = (48603, 0), opt = -
> Progress 37.7032%, elapsed 1745.0 s, iters = (48604, 0), opt = -
> Progress 37.7032%, elapsed 1763.5 s, iters = (48605, 0), opt = -
> Progress 37.7033%, elapsed 1763.5 s, iters = (48606, 0), opt = -
> Progress 37.7033%, elapsed 1763.5 s, iters = (48607, 0), opt = -
> Progress 37.7033%, elapsed 1763.5 s, iters = (48608, 0), opt = -
> Progress 37.7033%, elapsed 1763.5 s, iters = (48609, 0), opt = -
> Progress 37.7037%, elapsed 1763.5 s, iters = (48610, 0), opt = -
> Progress 37.7061%, elapsed 1764.0 s, iters = (48683, 0), opt = -
> Progress 37.7952%, elapsed 1767.0 s, iters = (48750, 0), opt = -
> Progress 37.7993%, elapsed 1770.0 s, iters = (48814, 0), opt = -
> Progress 37.8433%, elapsed 1773.0 s, iters = (48968, 0), opt = -
> Progress 37.8923%, elapsed 1776.2 s, iters = (49335, 0), opt = -
> Progress 37.8984%, elapsed 1779.1 s, iters = (49592, 0), opt = -
> Progress 37.9905%, elapsed 1782.0 s, iters = (49731, 0), opt = -
> Progress 37.9945%, elapsed 1785.0 s, iters = (49837, 0), opt = -
> Progress 38.0447%, elapsed 1788.1 s, iters = (50169, 0), opt = -
> Progress 38.0875%, elapsed 1826.1 s, iters = (50319, 0), opt = -
> Progress 38.0875%, elapsed 1826.1 s, iters = (50320, 0), opt = -
> Progress 38.0875%, elapsed 1862.7 s, iters = (50321, 0), opt = -
> Progress 38.0875%, elapsed 1862.7 s, iters = (50322, 0), opt = -
> Progress 38.0876%, elapsed 1862.7 s, iters = (50323, 0), opt = -
> Progress 38.0876%, elapsed 1862.9 s, iters = (50324, 0), opt = -
> Progress 38.0876%, elapsed 1881.8 s, iters = (50325, 0), opt = -
> Progress 38.0876%, elapsed 1881.8 s, iters = (50326, 0), opt = -
> Progress 38.0876%, elapsed 1881.8 s, iters = (50327, 0), opt = -
> Progress 38.0876%, elapsed 1882.1 s, iters = (50328, 0), opt = -
> Progress 38.0876%, elapsed 1882.1 s, iters = (50329, 0), opt = -
> Progress 38.0876%, elapsed 1882.1 s, iters = (50330, 0), opt = -
> Progress 38.0876%, elapsed 1882.1 s, iters = (50331, 0), opt = -
> Progress 38.0876%, elapsed 1882.1 s, iters = (50332, 0), opt = -
> Progress 38.0876%, elapsed 1882.3 s, iters = (50333, 0), opt = -
> Progress 38.0876%, elapsed 1882.5 s, iters = (50334, 0), opt = -
> Progress 38.0876%, elapsed 1882.8 s, iters = (50335, 0), opt = -
> Progress 38.0876%, elapsed 1882.8 s, iters = (50336, 0), opt = -
> Progress 38.0876%, elapsed 1883.1 s, iters = (50337, 0), opt = -
> Progress 38.0876%, elapsed 1883.1 s, iters = (50338, 0), opt = -
> Progress 38.0876%, elapsed 1883.1 s, iters = (50339, 0), opt = -
> Progress 38.0876%, elapsed 1883.1 s, iters = (50340, 0), opt = -
> Progress 38.0877%, elapsed 1883.1 s, iters = (50341, 0), opt = -
> Progress 38.0877%, elapsed 1883.1 s, iters = (50342, 0), opt = -
> Progress 38.0877%, elapsed 1883.1 s, iters = (50343, 0), opt = -
> Progress 38.0877%, elapsed 1883.1 s, iters = (50344, 0), opt = -
> Progress 38.0877%, elapsed 1883.1 s, iters = (50345, 0), opt = -
> Progress 38.0877%, elapsed 1883.1 s, iters = (50346, 0), opt = -
> Progress 38.0877%, elapsed 1883.1 s, iters = (50347, 0), opt = -
> Progress 38.0877%, elapsed 1883.1 s, iters = (50348, 0), opt = -
> Progress 38.0877%, elapsed 1883.1 s, iters = (50349, 0), opt = -
> Progress 38.0885%, elapsed 1884.0 s, iters = (50435, 0), opt = -
> Progress 38.0936%, elapsed 1903.8 s, iters = (50706, 0), opt = -
> Progress 38.0936%, elapsed 1903.8 s, iters = (50707, 0), opt = -
> Progress 38.0936%, elapsed 1922.4 s, iters = (50708, 0), opt = -
> Progress 38.0936%, elapsed 1922.4 s, iters = (50709, 0), opt = -
> Progress 38.0937%, elapsed 1922.4 s, iters = (50710, 0), opt = -
> Progress 38.0937%, elapsed 1922.5 s, iters = (50711, 0), opt = -
> Progress 38.0937%, elapsed 1931.9 s, iters = (50712, 0), opt = -
> Progress 38.0937%, elapsed 1931.9 s, iters = (50713, 0), opt = -
> Progress 38.0937%, elapsed 1931.9 s, iters = (50714, 0), opt = -
> Progress 38.0937%, elapsed 1932.0 s, iters = (50715, 0), opt = -
> Progress 38.0937%, elapsed 1932.0 s, iters = (50716, 0), opt = -
> Progress 38.0937%, elapsed 1932.0 s, iters = (50717, 0), opt = -
> Progress 38.0937%, elapsed 1932.0 s, iters = (50718, 0), opt = -
> Progress 38.0937%, elapsed 1932.0 s, iters = (50719, 0), opt = -
> Progress 38.0937%, elapsed 1932.2 s, iters = (50720, 0), opt = -
> Progress 38.0937%, elapsed 1932.3 s, iters = (50721, 0), opt = -
> Progress 38.1836%, elapsed 1970.1 s, iters = (50853, 0), opt = -
> Progress 38.1837%, elapsed 1970.1 s, iters = (50854, 0), opt = -
> Progress 38.1837%, elapsed 2006.7 s, iters = (50855, 0), opt = -
> Progress 38.1837%, elapsed 2006.7 s, iters = (50856, 0), opt = -
> Progress 38.1837%, elapsed 2006.7 s, iters = (50857, 0), opt = -
> Progress 38.1837%, elapsed 2006.8 s, iters = (50858, 0), opt = -
> Progress 38.1837%, elapsed 2025.3 s, iters = (50859, 0), opt = -
> Progress 38.1837%, elapsed 2025.3 s, iters = (50860, 0), opt = -
> Progress 38.1837%, elapsed 2025.3 s, iters = (50861, 0), opt = -
> Progress 38.1837%, elapsed 2025.4 s, iters = (50862, 0), opt = -
> Progress 38.1837%, elapsed 2025.4 s, iters = (50863, 0), opt = -
> Progress 38.1837%, elapsed 2025.4 s, iters = (50864, 0), opt = -
> Progress 38.1837%, elapsed 2025.5 s, iters = (50865, 0), opt = -
> Progress 38.1837%, elapsed 2025.7 s, iters = (50866, 0), opt = -
> Progress 38.1837%, elapsed 2025.9 s, iters = (50867, 0), opt = -
> Progress 38.1838%, elapsed 2025.9 s, iters = (50868, 0), opt = -
> Progress 38.1838%, elapsed 2026.1 s, iters = (50869, 0), opt = -
> Progress 38.1838%, elapsed 2026.1 s, iters = (50870, 0), opt = -
> Progress 38.1838%, elapsed 2026.1 s, iters = (50871, 0), opt = -
> Progress 38.1838%, elapsed 2026.1 s, iters = (50872, 0), opt = -
> Progress 38.1838%, elapsed 2026.1 s, iters = (50873, 0), opt = -
> Progress 38.1838%, elapsed 2026.1 s, iters = (50874, 0), opt = -
> Progress 38.1838%, elapsed 2026.1 s, iters = (50875, 0), opt = -
> Progress 38.1838%, elapsed 2026.1 s, iters = (50876, 0), opt = -
> Progress 38.1838%, elapsed 2026.1 s, iters = (50877, 0), opt = -
> Progress 38.1838%, elapsed 2026.1 s, iters = (50878, 0), opt = -
> Progress 38.1838%, elapsed 2026.2 s, iters = (50879, 0), opt = -
> Progress 38.1838%, elapsed 2026.4 s, iters = (50880, 0), opt = -
> Progress 38.1839%, elapsed 2026.4 s, iters = (50881, 0), opt = -
> Progress 38.1839%, elapsed 2026.6 s, iters = (50882, 0), opt = -
> Progress 38.1839%, elapsed 2026.6 s, iters = (50883, 0), opt = -
> Progress 38.1859%, elapsed 2063.7 s, iters = (50907, 0), opt = -
> Progress 38.186%, elapsed 2063.7 s, iters = (50908, 0), opt = -
> Progress 38.186%, elapsed 2100.0 s, iters = (50909, 0), opt = -
> Progress 38.186%, elapsed 2100.0 s, iters = (50910, 0), opt = -
> Progress 38.186%, elapsed 2100.0 s, iters = (50911, 0), opt = -
> Progress 38.186%, elapsed 2100.1 s, iters = (50912, 0), opt = -
> Progress 38.186%, elapsed 2118.7 s, iters = (50913, 0), opt = -
> Progress 38.186%, elapsed 2118.7 s, iters = (50914, 0), opt = -
> Progress 38.186%, elapsed 2118.7 s, iters = (50915, 0), opt = -
> Progress 38.186%, elapsed 2118.8 s, iters = (50916, 0), opt = -
> Progress 38.186%, elapsed 2118.8 s, iters = (50917, 0), opt = -
> Progress 38.186%, elapsed 2118.8 s, iters = (50918, 0), opt = -
> Progress 38.186%, elapsed 2118.9 s, iters = (50919, 0), opt = -
> Progress 38.186%, elapsed 2119.0 s, iters = (50920, 0), opt = -
> Progress 38.186%, elapsed 2119.2 s, iters = (50921, 0), opt = -
> Progress 38.186%, elapsed 2119.2 s, iters = (50922, 0), opt = -
> Progress 38.186%, elapsed 2119.4 s, iters = (50923, 0), opt = -
> Progress 38.1861%, elapsed 2119.4 s, iters = (50924, 0), opt = -
> Progress 38.1861%, elapsed 2119.4 s, iters = (50925, 0), opt = -
> Progress 38.1861%, elapsed 2119.4 s, iters = (50926, 0), opt = -
> Progress 38.1861%, elapsed 2119.4 s, iters = (50927, 0), opt = -
> Progress 38.1861%, elapsed 2119.4 s, iters = (50928, 0), opt = -
> Progress 38.1861%, elapsed 2119.4 s, iters = (50929, 0), opt = -
> Progress 38.1861%, elapsed 2119.4 s, iters = (50930, 0), opt = -
> Progress 38.1861%, elapsed 2119.4 s, iters = (50931, 0), opt = -
> Progress 38.1861%, elapsed 2119.4 s, iters = (50932, 0), opt = -
> Progress 38.1861%, elapsed 2119.5 s, iters = (50933, 0), opt = -
> Progress 38.1861%, elapsed 2119.7 s, iters = (50934, 0), opt = -
> Progress 38.1861%, elapsed 2119.7 s, iters = (50935, 0), opt = -
> Progress 38.1861%, elapsed 2119.9 s, iters = (50936, 0), opt = -
> Progress 38.1862%, elapsed 2119.9 s, iters = (50937, 0), opt = -
> Progress 38.1869%, elapsed 2121.0 s, iters = (50971, 0), opt = -
> Progress 38.1897%, elapsed 2141.0 s, iters = (51028, 0), opt = -
> Progress 38.1898%, elapsed 2141.0 s, iters = (51029, 0), opt = -
> Progress 38.1898%, elapsed 2159.4 s, iters = (51030, 0), opt = -
> Progress 38.1898%, elapsed 2159.4 s, iters = (51031, 0), opt = -
> Progress 38.1898%, elapsed 2159.4 s, iters = (51032, 0), opt = -
> Progress 38.1898%, elapsed 2159.5 s, iters = (51033, 0), opt = -
> Progress 38.1898%, elapsed 2169.0 s, iters = (51034, 0), opt = -
> Progress 38.1898%, elapsed 2169.0 s, iters = (51035, 0), opt = -
> Progress 38.1898%, elapsed 2169.0 s, iters = (51036, 0), opt = -
> Progress 38.1898%, elapsed 2169.1 s, iters = (51037, 0), opt = -
> Progress 38.1898%, elapsed 2169.1 s, iters = (51038, 0), opt = -
> Progress 38.1898%, elapsed 2169.1 s, iters = (51039, 0), opt = -
> Progress 38.1898%, elapsed 2169.1 s, iters = (51040, 0), opt = -
> Progress 38.1898%, elapsed 2169.2 s, iters = (51041, 0), opt = -
> Progress 38.1898%, elapsed 2169.3 s, iters = (51042, 0), opt = -
> Progress 38.1899%, elapsed 2169.3 s, iters = (51043, 0), opt = -
> Progress 38.192%, elapsed 2188.3 s, iters = (51082, 0), opt = -
> Progress 38.1921%, elapsed 2188.3 s, iters = (51083, 0), opt = -
> Progress 38.1921%, elapsed 2206.7 s, iters = (51084, 0), opt = -
> Progress 38.1921%, elapsed 2206.7 s, iters = (51085, 0), opt = -
> Progress 38.1921%, elapsed 2206.7 s, iters = (51086, 0), opt = -
> Progress 38.1921%, elapsed 2206.8 s, iters = (51087, 0), opt = -
> Progress 38.1921%, elapsed 2216.0 s, iters = (51088, 0), opt = -
> Progress 38.1921%, elapsed 2216.0 s, iters = (51089, 0), opt = -
> Progress 38.1921%, elapsed 2216.0 s, iters = (51090, 0), opt = -
> Progress 38.1921%, elapsed 2216.1 s, iters = (51091, 0), opt = -
> Progress 38.1921%, elapsed 2216.1 s, iters = (51092, 0), opt = -
> Progress 38.1921%, elapsed 2216.1 s, iters = (51093, 0), opt = -
> Progress 38.1921%, elapsed 2216.1 s, iters = (51094, 0), opt = -
> Progress 38.1921%, elapsed 2216.2 s, iters = (51095, 0), opt = -
> Progress 38.1921%, elapsed 2216.3 s, iters = (51096, 0), opt = -
> Progress 38.2339%, elapsed 2217.2 s, iters = (51203, 0), opt = -
> Progress 39.2581%, elapsed 2220.1 s, iters = (51743, 0), opt = -
> Progress 39.4046%, elapsed 2223.2 s, iters = (51818, 0), opt = -
> Progress 39.5997%, elapsed 2226.0 s, iters = (51917, 0), opt = -
> Progress 39.6485%, elapsed 2264.5 s, iters = (51981, 0), opt = -
> Progress 39.6485%, elapsed 2264.5 s, iters = (51982, 0), opt = -
> Progress 39.6485%, elapsed 2301.0 s, iters = (51983, 0), opt = -
> Progress 39.6485%, elapsed 2301.0 s, iters = (51984, 0), opt = -
> Progress 39.6485%, elapsed 2301.0 s, iters = (51985, 0), opt = -
> Progress 39.6485%, elapsed 2301.1 s, iters = (51986, 0), opt = -
> Progress 39.6485%, elapsed 2319.9 s, iters = (51987, 0), opt = -
> Progress 39.6485%, elapsed 2319.9 s, iters = (51988, 0), opt = -
> Progress 39.6486%, elapsed 2319.9 s, iters = (51989, 0), opt = -
> Progress 39.6486%, elapsed 2320.0 s, iters = (51990, 0), opt = -
> Progress 39.6486%, elapsed 2320.0 s, iters = (51991, 0), opt = -
> Progress 39.6486%, elapsed 2320.0 s, iters = (51992, 0), opt = -
> Progress 39.6486%, elapsed 2320.0 s, iters = (51993, 0), opt = -
> Progress 39.6486%, elapsed 2320.0 s, iters = (51994, 0), opt = -
> Progress 39.6486%, elapsed 2320.2 s, iters = (51995, 0), opt = -
> Progress 39.6486%, elapsed 2320.3 s, iters = (51996, 0), opt = -
> Progress 39.6486%, elapsed 2320.5 s, iters = (51997, 0), opt = -
> Progress 39.6486%, elapsed 2320.5 s, iters = (51998, 0), opt = -
> Progress 39.6486%, elapsed 2320.7 s, iters = (51999, 0), opt = -
> Progress 39.6486%, elapsed 2320.7 s, iters = (52000, 0), opt = -
> Progress 39.6486%, elapsed 2320.7 s, iters = (52001, 0), opt = -
> Progress 39.6486%, elapsed 2320.7 s, iters = (52002, 0), opt = -
> Progress 39.6486%, elapsed 2320.7 s, iters = (52003, 0), opt = -
> Progress 39.6486%, elapsed 2320.7 s, iters = (52004, 0), opt = -
> Progress 39.6486%, elapsed 2320.7 s, iters = (52005, 0), opt = -
> Progress 39.6486%, elapsed 2320.7 s, iters = (52006, 0), opt = -
> Progress 39.6486%, elapsed 2320.7 s, iters = (52007, 0), opt = -
> Progress 39.6486%, elapsed 2320.7 s, iters = (52008, 0), opt = -
> Progress 39.6486%, elapsed 2320.7 s, iters = (52009, 0), opt = -
> Progress 39.6486%, elapsed 2320.7 s, iters = (52010, 0), opt = -
> Progress 39.6487%, elapsed 2320.7 s, iters = (52011, 0), opt = -
> Progress 39.7949%, elapsed 2322.1 s, iters = (52052, 0), opt = -
> Progress 39.795%, elapsed 2358.9 s, iters = (52061, 0), opt = -
> Progress 39.795%, elapsed 2358.9 s, iters = (52062, 0), opt = -
> Progress 39.795%, elapsed 2395.2 s, iters = (52063, 0), opt = -
> Progress 39.795%, elapsed 2395.2 s, iters = (52064, 0), opt = -
> Progress 39.795%, elapsed 2395.2 s, iters = (52065, 0), opt = -
> Progress 39.795%, elapsed 2395.3 s, iters = (52066, 0), opt = -
> Progress 39.795%, elapsed 2413.8 s, iters = (52067, 0), opt = -
> Progress 39.795%, elapsed 2413.8 s, iters = (52068, 0), opt = -
> Progress 39.795%, elapsed 2413.8 s, iters = (52069, 0), opt = -
> Progress 39.795%, elapsed 2413.9 s, iters = (52070, 0), opt = -
> Progress 39.7951%, elapsed 2413.9 s, iters = (52071, 0), opt = -
> Progress 39.7951%, elapsed 2413.9 s, iters = (52072, 0), opt = -
> Progress 39.7951%, elapsed 2413.9 s, iters = (52073, 0), opt = -
> Progress 39.7951%, elapsed 2413.9 s, iters = (52074, 0), opt = -
> Progress 39.7951%, elapsed 2414.0 s, iters = (52075, 0), opt = -
> Progress 39.7951%, elapsed 2414.1 s, iters = (52076, 0), opt = -
> Progress 39.7951%, elapsed 2414.3 s, iters = (52077, 0), opt = -
> Progress 39.7951%, elapsed 2414.3 s, iters = (52078, 0), opt = -
> Progress 39.7951%, elapsed 2414.5 s, iters = (52079, 0), opt = -
> Progress 39.7951%, elapsed 2414.5 s, iters = (52080, 0), opt = -
> Progress 39.7951%, elapsed 2414.5 s, iters = (52081, 0), opt = -
> Progress 39.7951%, elapsed 2414.5 s, iters = (52082, 0), opt = -
> Progress 39.7951%, elapsed 2414.5 s, iters = (52083, 0), opt = -
> Progress 39.7951%, elapsed 2414.5 s, iters = (52084, 0), opt = -
> Progress 39.7951%, elapsed 2414.5 s, iters = (52085, 0), opt = -
> Progress 39.7951%, elapsed 2414.5 s, iters = (52086, 0), opt = -
> Progress 39.7951%, elapsed 2414.5 s, iters = (52087, 0), opt = -
> Progress 39.7951%, elapsed 2414.5 s, iters = (52088, 0), opt = -
> Progress 39.7951%, elapsed 2414.5 s, iters = (52089, 0), opt = -
> Progress 39.7951%, elapsed 2414.5 s, iters = (52090, 0), opt = -
> Progress 39.7952%, elapsed 2415.0 s, iters = (52098, 0), opt = -
> Progress 40.0408%, elapsed 2418.3 s, iters = (52747, 0), opt = -
> Progress 40.0409%, elapsed 2437.8 s, iters = (52760, 0), opt = -
> Progress 40.0409%, elapsed 2456.1 s, iters = (52761, 0), opt = -
> Progress 40.0409%, elapsed 2456.1 s, iters = (52762, 0), opt = -
> Progress 40.0409%, elapsed 2456.1 s, iters = (52763, 0), opt = -
> Progress 40.0409%, elapsed 2456.1 s, iters = (52764, 0), opt = -
> Progress 40.0409%, elapsed 2456.1 s, iters = (52765, 0), opt = -
> Progress 40.0409%, elapsed 2491.9 s, iters = (52766, 0), opt = -
> Progress 40.0409%, elapsed 2491.9 s, iters = (52767, 0), opt = -
> Progress 40.0409%, elapsed 2491.9 s, iters = (52768, 0), opt = -
> Progress 40.0409%, elapsed 2491.9 s, iters = (52769, 0), opt = -
> Progress 40.0409%, elapsed 2491.9 s, iters = (52770, 0), opt = -
> Progress 40.0413%, elapsed 2491.9 s, iters = (52771, 0), opt = -
> Progress 40.0413%, elapsed 2491.9 s, iters = (52772, 0), opt = -
> Progress 40.0413%, elapsed 2491.9 s, iters = (52773, 0), opt = -
> Progress 40.0413%, elapsed 2491.9 s, iters = (52774, 0), opt = -
> Progress 40.0413%, elapsed 2491.9 s, iters = (52775, 0), opt = -
> Progress 40.0413%, elapsed 2491.9 s, iters = (52776, 0), opt = -
> Progress 40.0413%, elapsed 2491.9 s, iters = (52777, 0), opt = -
> Progress 40.0414%, elapsed 2491.9 s, iters = (52778, 0), opt = -
> Progress 40.0414%, elapsed 2491.9 s, iters = (52779, 0), opt = -
> Progress 40.0414%, elapsed 2491.9 s, iters = (52780, 0), opt = -
> Progress 40.0414%, elapsed 2491.9 s, iters = (52781, 0), opt = -
> Progress 40.0414%, elapsed 2491.9 s, iters = (52782, 0), opt = -
> Progress 40.0414%, elapsed 2491.9 s, iters = (52783, 0), opt = -
> Progress 40.0468%, elapsed 2493.0 s, iters = (52984, 0), opt = -
> Progress 40.047%, elapsed 2503.5 s, iters = (53009, 0), opt = -
> Progress 40.047%, elapsed 2512.7 s, iters = (53010, 0), opt = -
> Progress 40.047%, elapsed 2512.7 s, iters = (53011, 0), opt = -
> Progress 40.047%, elapsed 2512.7 s, iters = (53012, 0), opt = -
> Progress 40.047%, elapsed 2512.7 s, iters = (53013, 0), opt = -
> Progress 40.047%, elapsed 2512.7 s, iters = (53014, 0), opt = -
> Progress 40.047%, elapsed 2530.8 s, iters = (53015, 0), opt = -
> Progress 40.047%, elapsed 2530.8 s, iters = (53016, 0), opt = -
> Progress 40.047%, elapsed 2530.8 s, iters = (53017, 0), opt = -
> Progress 40.047%, elapsed 2530.8 s, iters = (53018, 0), opt = -
> Progress 40.047%, elapsed 2530.8 s, iters = (53019, 0), opt = -
> Progress 40.0474%, elapsed 2530.8 s, iters = (53020, 0), opt = -
> Progress 40.1977%, elapsed 2532.0 s, iters = (53294, 0), opt = -
> Progress 40.2361%, elapsed 2535.1 s, iters = (53391, 0), opt = -
> Progress 40.3808%, elapsed 2538.1 s, iters = (53720, 0), opt = -
> Progress 40.4313%, elapsed 2576.2 s, iters = (53979, 0), opt = -
> Progress 40.4313%, elapsed 2576.2 s, iters = (53980, 0), opt = -
> Progress 40.4313%, elapsed 2612.2 s, iters = (53981, 0), opt = -
> Progress 40.4313%, elapsed 2612.2 s, iters = (53982, 0), opt = -
> Progress 40.4313%, elapsed 2612.2 s, iters = (53983, 0), opt = -
> Progress 40.4313%, elapsed 2612.4 s, iters = (53984, 0), opt = -
> Progress 40.4313%, elapsed 2630.8 s, iters = (53985, 0), opt = -
> Progress 40.4313%, elapsed 2630.8 s, iters = (53986, 0), opt = -
> Progress 40.4313%, elapsed 2630.8 s, iters = (53987, 0), opt = -
> Progress 40.4313%, elapsed 2631.1 s, iters = (53988, 0), opt = -
> Progress 40.4313%, elapsed 2631.1 s, iters = (53989, 0), opt = -
> Progress 40.4313%, elapsed 2631.1 s, iters = (53990, 0), opt = -
> Progress 40.4313%, elapsed 2631.1 s, iters = (53991, 0), opt = -
> Progress 40.4314%, elapsed 2631.1 s, iters = (53992, 0), opt = -
> Progress 40.4314%, elapsed 2631.3 s, iters = (53993, 0), opt = -
> Progress 40.4314%, elapsed 2631.5 s, iters = (53994, 0), opt = -
> Progress 40.4314%, elapsed 2631.8 s, iters = (53995, 0), opt = -
> Progress 40.4314%, elapsed 2631.8 s, iters = (53996, 0), opt = -
> Progress 40.4314%, elapsed 2632.1 s, iters = (53997, 0), opt = -
> Progress 40.4314%, elapsed 2632.1 s, iters = (53998, 0), opt = -
> Progress 40.4314%, elapsed 2632.1 s, iters = (53999, 0), opt = -
> Progress 40.4314%, elapsed 2632.1 s, iters = (54000, 0), opt = -
> Progress 40.4314%, elapsed 2632.1 s, iters = (54001, 0), opt = -
> Progress 40.4314%, elapsed 2632.1 s, iters = (54002, 0), opt = -
> Progress 40.4314%, elapsed 2632.1 s, iters = (54003, 0), opt = -
> Progress 40.4314%, elapsed 2632.1 s, iters = (54004, 0), opt = -
> Progress 40.4314%, elapsed 2632.1 s, iters = (54005, 0), opt = -
> Progress 40.4314%, elapsed 2632.1 s, iters = (54006, 0), opt = -
> Progress 40.4314%, elapsed 2632.1 s, iters = (54007, 0), opt = -
> Progress 40.4314%, elapsed 2632.1 s, iters = (54008, 0), opt = -
> Progress 40.4314%, elapsed 2632.1 s, iters = (54009, 0), opt = -
> Progress 40.4373%, elapsed 2634.1 s, iters = (54342, 0), opt = -
> Progress 40.4374%, elapsed 2652.4 s, iters = (54346, 0), opt = -
> Progress 40.4374%, elapsed 2652.4 s, iters = (54347, 0), opt = -
> Progress 40.4374%, elapsed 2670.4 s, iters = (54348, 0), opt = -
> Progress 40.4374%, elapsed 2670.4 s, iters = (54349, 0), opt = -
> Progress 40.4374%, elapsed 2670.4 s, iters = (54350, 0), opt = -
> Progress 40.4374%, elapsed 2670.5 s, iters = (54351, 0), opt = -
> Progress 40.4374%, elapsed 2679.7 s, iters = (54352, 0), opt = -
> Progress 40.4374%, elapsed 2679.7 s, iters = (54353, 0), opt = -
> Progress 40.4374%, elapsed 2679.7 s, iters = (54354, 0), opt = -
> Progress 40.4374%, elapsed 2679.9 s, iters = (54355, 0), opt = -
> Progress 40.4374%, elapsed 2679.9 s, iters = (54356, 0), opt = -
> Progress 40.4374%, elapsed 2679.9 s, iters = (54357, 0), opt = -
> Progress 40.4375%, elapsed 2679.9 s, iters = (54358, 0), opt = -
> Progress 40.4375%, elapsed 2679.9 s, iters = (54359, 0), opt = -
> Progress 40.4375%, elapsed 2680.0 s, iters = (54360, 0), opt = -
> Progress 50.0976%, elapsed 2682.1 s, iters = (55584, 0), opt = -
> Progress 50.0987%, elapsed 2702.6 s, iters = (55675, 0), opt = -
> Progress 50.0987%, elapsed 2721.0 s, iters = (55676, 0), opt = -
> Progress 50.0987%, elapsed 2721.0 s, iters = (55677, 0), opt = -
> Progress 50.0987%, elapsed 2721.0 s, iters = (55678, 0), opt = -
> Progress 50.0987%, elapsed 2721.0 s, iters = (55679, 0), opt = -
> Progress 50.0987%, elapsed 2721.0 s, iters = (55680, 0), opt = -
> Progress 50.0987%, elapsed 2757.1 s, iters = (55681, 0), opt = -
> Progress 50.0987%, elapsed 2757.1 s, iters = (55682, 0), opt = -
> Progress 50.0987%, elapsed 2757.1 s, iters = (55683, 0), opt = -
> Progress 50.0987%, elapsed 2757.1 s, iters = (55684, 0), opt = -
> Progress 50.0988%, elapsed 2757.1 s, iters = (55685, 0), opt = -
> Progress 50.0988%, elapsed 2757.1 s, iters = (55686, 0), opt = -
> Progress 50.0988%, elapsed 2757.1 s, iters = (55687, 0), opt = -
> Progress 50.0988%, elapsed 2757.1 s, iters = (55688, 0), opt = -
> Progress 50.0988%, elapsed 2757.1 s, iters = (55689, 0), opt = -
> Progress 50.0988%, elapsed 2757.1 s, iters = (55690, 0), opt = -
> Progress 50.0988%, elapsed 2757.1 s, iters = (55691, 0), opt = -
> Progress 50.0988%, elapsed 2757.1 s, iters = (55692, 0), opt = -
> Progress 50.0988%, elapsed 2757.1 s, iters = (55693, 0), opt = -
> Progress 50.0988%, elapsed 2757.1 s, iters = (55694, 0), opt = -
> Progress 50.0988%, elapsed 2757.1 s, iters = (55695, 0), opt = -
> Progress 50.0988%, elapsed 2757.1 s, iters = (55696, 0), opt = -
> Progress 50.0988%, elapsed 2757.1 s, iters = (55697, 0), opt = -
> Progress 50.0989%, elapsed 2757.1 s, iters = (55698, 0), opt = -
> Progress 50.0989%, elapsed 2757.1 s, iters = (55699, 0), opt = -
> Progress 50.1962%, elapsed 2760.1 s, iters = (56676, 0), opt = -
> Progress 50.2938%, elapsed 2763.1 s, iters = (57715, 0), opt = -
> Progress 50.3723%, elapsed 2766.0 s, iters = (58543, 0), opt = -
> Progress 50.9828%, elapsed 2776.8 s, iters = (59541, 0), opt = -
> Progress 50.9828%, elapsed 2776.8 s, iters = (59542, 0), opt = -
> Progress 50.9828%, elapsed 2776.8 s, iters = (59543, 0), opt = -
> Progress 51.056%, elapsed 2785.4 s, iters = (59737, 0), opt = -
> Progress 51.056%, elapsed 2785.4 s, iters = (59738, 0), opt = -
> Progress 51.056%, elapsed 2785.4 s, iters = (59739, 0), opt = -
> Progress 51.0805%, elapsed 2802.9 s, iters = (59948, 0), opt = -
> Progress 51.0805%, elapsed 2802.9 s, iters = (59949, 0), opt = -
> Progress 51.0805%, elapsed 2802.9 s, iters = (59950, 0), opt = -
> Progress 51.0805%, elapsed 2802.9 s, iters = (59951, 0), opt = -
> Progress 51.0805%, elapsed 2802.9 s, iters = (59952, 0), opt = -
> Progress 51.0805%, elapsed 2802.9 s, iters = (59953, 0), opt = -
> Progress 51.1537%, elapsed 2821.0 s, iters = (60174, 0), opt = -
> Progress 51.1537%, elapsed 2821.0 s, iters = (60175, 0), opt = -
> Progress 51.1537%, elapsed 2821.0 s, iters = (60176, 0), opt = -
> Progress 51.1537%, elapsed 2821.0 s, iters = (60177, 0), opt = -
> Progress 51.1537%, elapsed 2821.0 s, iters = (60178, 0), opt = -
> Progress 51.1537%, elapsed 2821.0 s, iters = (60179, 0), opt = -
> Progress 51.2704%, elapsed 2823.0 s, iters = (60938, 0), opt = -
> Progress 51.2706%, elapsed 2842.8 s, iters = (60961, 0), opt = -
> Progress 51.2706%, elapsed 2861.3 s, iters = (60962, 0), opt = -
> Progress 51.2706%, elapsed 2861.3 s, iters = (60963, 0), opt = -
> Progress 51.2706%, elapsed 2861.3 s, iters = (60964, 0), opt = -
> Progress 51.2706%, elapsed 2861.3 s, iters = (60965, 0), opt = -
> Progress 51.2706%, elapsed 2861.3 s, iters = (60966, 0), opt = -
> Progress 51.2706%, elapsed 2897.2 s, iters = (60967, 0), opt = -
> Progress 51.2706%, elapsed 2897.2 s, iters = (60968, 0), opt = -
> Progress 51.2706%, elapsed 2897.2 s, iters = (60969, 0), opt = -
> Progress 51.2706%, elapsed 2897.2 s, iters = (60970, 0), opt = -
> Progress 51.2706%, elapsed 2897.2 s, iters = (60971, 0), opt = -
> Progress 51.2706%, elapsed 2897.2 s, iters = (60972, 0), opt = -
> Progress 51.2706%, elapsed 2897.2 s, iters = (60973, 0), opt = -
> Progress 51.2706%, elapsed 2897.2 s, iters = (60974, 0), opt = -
> Progress 51.2707%, elapsed 2897.2 s, iters = (60975, 0), opt = -
> Progress 51.2707%, elapsed 2897.2 s, iters = (60976, 0), opt = -
> Progress 51.2707%, elapsed 2897.2 s, iters = (60977, 0), opt = -
> Progress 51.2707%, elapsed 2897.2 s, iters = (60978, 0), opt = -
> Progress 51.2707%, elapsed 2897.2 s, iters = (60979, 0), opt = -
> Progress 51.2707%, elapsed 2897.2 s, iters = (60980, 0), opt = -
> Progress 51.2707%, elapsed 2897.2 s, iters = (60981, 0), opt = -
> Progress 51.2707%, elapsed 2897.2 s, iters = (60982, 0), opt = -
> Progress 51.2707%, elapsed 2897.2 s, iters = (60983, 0), opt = -
> Progress 51.2708%, elapsed 2897.2 s, iters = (60984, 0), opt = -
> Progress 51.3679%, elapsed 2898.1 s, iters = (61538, 0), opt = -
> Progress 51.4657%, elapsed 2901.0 s, iters = (62190, 0), opt = -
> Progress 53.2236%, elapsed 2904.2 s, iters = (63773, 0), opt = -
> Progress 53.2237%, elapsed 2923.3 s, iters = (63786, 0), opt = -
> Progress 53.2237%, elapsed 2941.9 s, iters = (63787, 0), opt = -
> Progress 53.2237%, elapsed 2941.9 s, iters = (63788, 0), opt = -
> Progress 53.2237%, elapsed 2941.9 s, iters = (63789, 0), opt = -
> Progress 53.2237%, elapsed 2941.9 s, iters = (63790, 0), opt = -
> Progress 53.2237%, elapsed 2941.9 s, iters = (63791, 0), opt = -
> Progress 53.2237%, elapsed 2978.2 s, iters = (63792, 0), opt = -
> Progress 53.2237%, elapsed 2978.2 s, iters = (63793, 0), opt = -
> Progress 53.2237%, elapsed 2978.2 s, iters = (63794, 0), opt = -
> Progress 53.2237%, elapsed 2978.2 s, iters = (63795, 0), opt = -
> Progress 53.2238%, elapsed 2978.2 s, iters = (63796, 0), opt = -
> Progress 53.2238%, elapsed 2978.2 s, iters = (63797, 0), opt = -
> Progress 53.2238%, elapsed 2978.2 s, iters = (63798, 0), opt = -
> Progress 53.2238%, elapsed 2978.2 s, iters = (63799, 0), opt = -
> Progress 53.2238%, elapsed 2978.2 s, iters = (63800, 0), opt = -
> Progress 53.2238%, elapsed 2978.2 s, iters = (63801, 0), opt = -
> Progress 53.2238%, elapsed 2978.2 s, iters = (63802, 0), opt = -
> Progress 53.2238%, elapsed 2978.2 s, iters = (63803, 0), opt = -
> Progress 53.2238%, elapsed 2978.2 s, iters = (63804, 0), opt = -
> Progress 53.2238%, elapsed 2978.2 s, iters = (63805, 0), opt = -
> Progress 53.2238%, elapsed 2978.2 s, iters = (63806, 0), opt = -
> Progress 53.2238%, elapsed 2978.2 s, iters = (63807, 0), opt = -
> Progress 53.2238%, elapsed 2978.2 s, iters = (63808, 0), opt = -
> Progress 53.2239%, elapsed 2978.2 s, iters = (63809, 0), opt = -
> Progress 53.2729%, elapsed 2979.0 s, iters = (64181, 0), opt = -
> Progress 53.3754%, elapsed 2982.0 s, iters = (65222, 0), opt = -
> Progress 53.424%, elapsed 2985.0 s, iters = (65940, 0), opt = -
> Progress 54.0103%, elapsed 2988.1 s, iters = (67278, 0), opt = -
> Progress 54.1078%, elapsed 2997.8 s, iters = (67652, 0), opt = -
> Progress 54.1078%, elapsed 2997.8 s, iters = (67653, 0), opt = -
> Progress 54.1078%, elapsed 2997.8 s, iters = (67654, 0), opt = -
> Progress 54.181%, elapsed 3006.4 s, iters = (67848, 0), opt = -
> Progress 54.181%, elapsed 3006.4 s, iters = (67849, 0), opt = -
> Progress 54.181%, elapsed 3006.4 s, iters = (67850, 0), opt = -
> Progress 54.2055%, elapsed 3024.7 s, iters = (68059, 0), opt = -
> Progress 54.2055%, elapsed 3024.7 s, iters = (68060, 0), opt = -
> Progress 54.2055%, elapsed 3024.7 s, iters = (68061, 0), opt = -
> Progress 54.2055%, elapsed 3024.7 s, iters = (68062, 0), opt = -
> Progress 54.2055%, elapsed 3024.7 s, iters = (68063, 0), opt = -
> Progress 54.2055%, elapsed 3024.7 s, iters = (68064, 0), opt = -
> Progress 54.2787%, elapsed 3042.8 s, iters = (68285, 0), opt = -
> Progress 54.2787%, elapsed 3042.8 s, iters = (68286, 0), opt = -
> Progress 54.2787%, elapsed 3042.8 s, iters = (68287, 0), opt = -
> Progress 54.2787%, elapsed 3042.8 s, iters = (68288, 0), opt = -
> Progress 54.2787%, elapsed 3042.8 s, iters = (68289, 0), opt = -
> Progress 54.2787%, elapsed 3042.8 s, iters = (68290, 0), opt = -
> Progress 54.3954%, elapsed 3045.0 s, iters = (69054, 0), opt = -
> Progress 54.3956%, elapsed 3065.0 s, iters = (69072, 0), opt = -
> Progress 54.3956%, elapsed 3083.4 s, iters = (69073, 0), opt = -
> Progress 54.3956%, elapsed 3083.4 s, iters = (69074, 0), opt = -
> Progress 54.3956%, elapsed 3083.4 s, iters = (69075, 0), opt = -
> Progress 54.3956%, elapsed 3083.4 s, iters = (69076, 0), opt = -
> Progress 54.3956%, elapsed 3083.4 s, iters = (69077, 0), opt = -
> Progress 54.3956%, elapsed 3120.1 s, iters = (69078, 0), opt = -
> Progress 54.3956%, elapsed 3120.1 s, iters = (69079, 0), opt = -
> Progress 54.3956%, elapsed 3120.1 s, iters = (69080, 0), opt = -
> Progress 54.3956%, elapsed 3120.1 s, iters = (69081, 0), opt = -
> Progress 54.3956%, elapsed 3120.1 s, iters = (69082, 0), opt = -
> Progress 54.3956%, elapsed 3120.1 s, iters = (69083, 0), opt = -
> Progress 54.3956%, elapsed 3120.1 s, iters = (69084, 0), opt = -
> Progress 54.3956%, elapsed 3120.1 s, iters = (69085, 0), opt = -
> Progress 54.3957%, elapsed 3120.1 s, iters = (69086, 0), opt = -
> Progress 54.3957%, elapsed 3120.1 s, iters = (69087, 0), opt = -
> Progress 54.3957%, elapsed 3120.1 s, iters = (69088, 0), opt = -
> Progress 54.3957%, elapsed 3120.1 s, iters = (69089, 0), opt = -
> Progress 54.3957%, elapsed 3120.1 s, iters = (69090, 0), opt = -
> Progress 54.3957%, elapsed 3120.1 s, iters = (69091, 0), opt = -
> Progress 54.3957%, elapsed 3120.1 s, iters = (69092, 0), opt = -
> Progress 54.3957%, elapsed 3120.1 s, iters = (69093, 0), opt = -
> Progress 54.3957%, elapsed 3120.1 s, iters = (69094, 0), opt = -
> Progress 54.3958%, elapsed 3120.1 s, iters = (69095, 0), opt = -
> Progress 54.3958%, elapsed 3120.1 s, iters = (69096, 0), opt = -
> Progress 54.5907%, elapsed 3123.2 s, iters = (70287, 0), opt = -

--------------------
Synthesis summary
constraint 1: LRA>3/5 ["goal1"]
constraint 2: LRA>3/5 ["goal2"]

method: AR, synthesis time: 3125.37 s
number of holes: 12, family size: 16777216, super quotient: 27 states / 90 actions
explored: 100 %
AR stats: avg MDP size: 19, iterations: 70935

feasible: no
--------------------

